#
# There is insufficient memory for the Java Runtime Environment to continue.
# Native memory allocation (malloc) failed to allocate 692416 bytes for Chunk::new
# Possible reasons:
#   The system is out of physical RAM or swap space
#   The process is running with CompressedOops enabled, and the Java Heap may be blocking the growth of the native heap
# Possible solutions:
#   Reduce memory load on the system
#   Increase physical memory or swap space
#   Check if swap backing store is full
#   Decrease Java heap size (-Xmx/-Xms)
#   Decrease number of Java threads
#   Decrease Java thread stack sizes (-Xss)
#   Set larger code cache with -XX:ReservedCodeCacheSize=
#   JVM is running with Unscaled Compressed Oops mode in which the Java heap is
#     placed in the first 4GB address space. The Java Heap base address is the
#     maximum limit for the native heap growth. Please use -XX:HeapBaseMinAddress
#     to set the Java Heap base and to place the Java Heap above 4GB virtual address.
# This output file may be truncated or incomplete.
#
#  Out of Memory Error (arena.cpp:189), pid=3556, tid=6668
#
# JRE version: OpenJDK Runtime Environment Temurin-17.0.7+7 (17.0.7+7) (build 17.0.7+7)
# Java VM: OpenJDK 64-Bit Server VM Temurin-17.0.7+7 (17.0.7+7, mixed mode, sharing, tiered, compressed oops, compressed class ptrs, g1 gc, windows-amd64)
# No core dump will be written. Minidumps are not enabled by default on client versions of Windows
#

---------------  S U M M A R Y ------------

Command Line: --module-path=C:\Users\USUARIO\Documents\Proyecto Final POO\POO-P3-G10-Parcial2\target\classes;C:\Users\USUARIO\.m2\repository\org\openjfx\javafx-base\13\javafx-base-13-win.jar;C:\Users\USUARIO\.m2\repository\org\openjfx\javafx-controls\13\javafx-controls-13-win.jar;C:\Users\USUARIO\.m2\repository\org\openjfx\javafx-fxml\13\javafx-fxml-13-win.jar;C:\Users\USUARIO\.m2\repository\org\openjfx\javafx-graphics\13\javafx-graphics-13-win.jar --add-modules=com.mycompany.millonariogameapp -Djdk.module.main=com.mycompany.millonariogameapp com.mycompany.millonariogameapp/com.mycompany.millonariogameapp.App

Host: Intel(R) Pentium(R) Silver N5000 CPU @ 1.10GHz, 4 cores, 3G,  Windows 10 , 64 bit Build 19041 (10.0.19041.928)
Time: Sat Aug 12 16:27:10 2023 Hora est. Pacífico, Sudamérica elapsed time: 22.350625 seconds (0d 0h 0m 22s)

---------------  T H R E A D  ---------------

Current thread (0x000001ca69d495f0):  JavaThread "C2 CompilerThread0" daemon [_thread_in_native, id=6668, stack(0x0000002779c00000,0x0000002779d00000)]


Current CompileTask:
C2:  22350 2010   !   4       com.sun.glass.ui.InvokeLaterDispatcher$Future::run (91 bytes)

Stack: [0x0000002779c00000,0x0000002779d00000]
Native frames: (J=compiled Java code, j=interpreted, Vv=VM code, C=native code)
V  [jvm.dll+0x67754a]
V  [jvm.dll+0x834304]
V  [jvm.dll+0x835aae]
V  [jvm.dll+0x836113]
V  [jvm.dll+0x24696f]
V  [jvm.dll+0xac0ac]
V  [jvm.dll+0xac67c]
V  [jvm.dll+0x2adbef]
V  [jvm.dll+0x580067]
V  [jvm.dll+0x221e72]
V  [jvm.dll+0x21ad0f]
V  [jvm.dll+0x21895b]
V  [jvm.dll+0x1a4d8d]
V  [jvm.dll+0x2284da]
V  [jvm.dll+0x226615]
V  [jvm.dll+0x7ea90b]
V  [jvm.dll+0x7e4e7a]
V  [jvm.dll+0x676395]
C  [ucrtbase.dll+0x21bb2]
C  [KERNEL32.DLL+0x17034]
C  [ntdll.dll+0x52651]


---------------  P R O C E S S  ---------------

Threads class SMR info:
_java_thread_list=0x000001ca6eb43200, length=18, elements={
0x000001ca4c7fdfd0, 0x000001ca69d294a0, 0x000001ca69d2a050, 0x000001ca69d3bb50,
0x000001ca69d42620, 0x000001ca69d42fd0, 0x000001ca69d44120, 0x000001ca69d495f0,
0x000001ca69d46ae0, 0x000001ca69d484f0, 0x000001ca6e085100, 0x000001ca6e210630,
0x000001ca6e276490, 0x000001ca6e729410, 0x000001ca6e7298e0, 0x000001ca6e7de920,
0x000001ca6e7e7bc0, 0x000001ca6e9a25a0
}

Java Threads: ( => current thread )
  0x000001ca4c7fdfd0 JavaThread "main" [_thread_blocked, id=6064, stack(0x0000002778f00000,0x0000002779000000)]
  0x000001ca69d294a0 JavaThread "Reference Handler" daemon [_thread_blocked, id=5976, stack(0x0000002779600000,0x0000002779700000)]
  0x000001ca69d2a050 JavaThread "Finalizer" daemon [_thread_blocked, id=8080, stack(0x0000002779700000,0x0000002779800000)]
  0x000001ca69d3bb50 JavaThread "Signal Dispatcher" daemon [_thread_blocked, id=4568, stack(0x0000002779800000,0x0000002779900000)]
  0x000001ca69d42620 JavaThread "Attach Listener" daemon [_thread_blocked, id=7404, stack(0x0000002779900000,0x0000002779a00000)]
  0x000001ca69d42fd0 JavaThread "Service Thread" daemon [_thread_blocked, id=4252, stack(0x0000002779a00000,0x0000002779b00000)]
  0x000001ca69d44120 JavaThread "Monitor Deflation Thread" daemon [_thread_blocked, id=3144, stack(0x0000002779b00000,0x0000002779c00000)]
=>0x000001ca69d495f0 JavaThread "C2 CompilerThread0" daemon [_thread_in_native, id=6668, stack(0x0000002779c00000,0x0000002779d00000)]
  0x000001ca69d46ae0 JavaThread "C1 CompilerThread0" daemon [_thread_blocked, id=7808, stack(0x0000002779d00000,0x0000002779e00000)]
  0x000001ca69d484f0 JavaThread "Sweeper thread" daemon [_thread_blocked, id=7368, stack(0x0000002779e00000,0x0000002779f00000)]
  0x000001ca6e085100 JavaThread "Common-Cleaner" daemon [_thread_blocked, id=4980, stack(0x0000002779f00000,0x000000277a000000)]
  0x000001ca6e210630 JavaThread "Notification Thread" daemon [_thread_blocked, id=5868, stack(0x000000277a000000,0x000000277a100000)]
  0x000001ca6e276490 JavaThread "QuantumRenderer-0" daemon [_thread_blocked, id=3796, stack(0x000000277a200000,0x000000277a300000)]
  0x000001ca6e729410 JavaThread "InvokeLaterDispatcher" daemon [_thread_blocked, id=4540, stack(0x000000277a600000,0x000000277a700000)]
  0x000001ca6e7298e0 JavaThread "JavaFX Application Thread" [_thread_in_native, id=1208, stack(0x000000277a700000,0x000000277a800000)]
  0x000001ca6e7de920 JavaThread "Thread-1" daemon [_thread_in_native, id=2464, stack(0x000000277a800000,0x000000277a900000)]
  0x000001ca6e7e7bc0 JavaThread "JavaFX-Launcher" [_thread_blocked, id=2192, stack(0x000000277a900000,0x000000277aa00000)]
  0x000001ca6e9a25a0 JavaThread "Prism Font Disposer" daemon [_thread_blocked, id=7372, stack(0x000000277ad00000,0x000000277ae00000)]

Other Threads:
  0x000001ca69d22e50 VMThread "VM Thread" [stack: 0x0000002779500000,0x0000002779600000] [id=7068]
  0x000001ca4e91ecd0 WatcherThread [stack: 0x000000277a100000,0x000000277a200000] [id=236]
  0x000001ca4e95a290 GCTaskThread "GC Thread#0" [stack: 0x0000002779000000,0x0000002779100000] [id=4552]
  0x000001ca6e6fceb0 GCTaskThread "GC Thread#1" [stack: 0x000000277a300000,0x000000277a400000] [id=4692]
  0x000001ca6e701f40 GCTaskThread "GC Thread#2" [stack: 0x000000277a400000,0x000000277a500000] [id=7348]
  0x000001ca6e7157d0 GCTaskThread "GC Thread#3" [stack: 0x000000277a500000,0x000000277a600000] [id=6008]
  0x000001ca4e962c90 ConcurrentGCThread "G1 Main Marker" [stack: 0x0000002779100000,0x0000002779200000] [id=4580]
  0x000001ca4e9636a0 ConcurrentGCThread "G1 Conc#0" [stack: 0x0000002779200000,0x0000002779300000] [id=3740]
  0x000001ca69bd40b0 ConcurrentGCThread "G1 Refine#0" [stack: 0x0000002779300000,0x0000002779400000] [id=7584]
  0x000001ca69bd48e0 ConcurrentGCThread "G1 Service" [stack: 0x0000002779400000,0x0000002779500000] [id=4752]

Threads with active compile tasks:
C2 CompilerThread0    22392 2010   !   4       com.sun.glass.ui.InvokeLaterDispatcher$Future::run (91 bytes)

VM state: not at safepoint (normal execution)

VM Mutex/Monitor currently owned by a thread: None

Heap address: 0x00000000c2a00000, size: 982 MB, Compressed Oops mode: 32-bit

CDS archive(s) mapped at: [0x0000000800000000-0x0000000800bc0000-0x0000000800bc0000), size 12320768, SharedBaseAddress: 0x0000000800000000, ArchiveRelocationMode: 0.
Compressed class space mapped at: 0x0000000801000000-0x0000000841000000, reserved size: 1073741824
Narrow klass base: 0x0000000800000000, Narrow klass shift: 0, Narrow klass range: 0x100000000

GC Precious Log:
 CPUs: 4 total, 4 available
 Memory: 3927M
 Large Page Support: Disabled
 NUMA Support: Disabled
 Compressed Oops: Enabled (32-bit)
 Heap Region Size: 1M
 Heap Min Capacity: 8M
 Heap Initial Capacity: 62M
 Heap Max Capacity: 982M
 Pre-touch: Disabled
 Parallel Workers: 4
 Concurrent Workers: 1
 Concurrent Refinement Workers: 4
 Periodic GC: Disabled

Heap:
 garbage-first heap   total 63488K, used 25191K [0x00000000c2a00000, 0x0000000100000000)
  region size 1024K, 24 young (24576K), 3 survivors (3072K)
 Metaspace       used 12544K, committed 12800K, reserved 1114112K
  class space    used 1655K, committed 1792K, reserved 1048576K

Heap Regions: E=young(eden), S=young(survivor), O=old, HS=humongous(starts), HC=humongous(continues), CS=collection set, F=free, OA=open archive, CA=closed archive, TAMS=top-at-mark-start (previous, next)
|   0|0x00000000c2a00000, 0x00000000c2b00000, 0x00000000c2b00000|100%| O|  |TAMS 0x00000000c2a00000, 0x00000000c2a00000| Untracked 
|   1|0x00000000c2b00000, 0x00000000c2ba1c00, 0x00000000c2c00000| 63%| O|  |TAMS 0x00000000c2b00000, 0x00000000c2b00000| Untracked 
|   2|0x00000000c2c00000, 0x00000000c2c00000, 0x00000000c2d00000|  0%| F|  |TAMS 0x00000000c2c00000, 0x00000000c2c00000| Untracked 
|   3|0x00000000c2d00000, 0x00000000c2d00000, 0x00000000c2e00000|  0%| F|  |TAMS 0x00000000c2d00000, 0x00000000c2d00000| Untracked 
|   4|0x00000000c2e00000, 0x00000000c2e00000, 0x00000000c2f00000|  0%| F|  |TAMS 0x00000000c2e00000, 0x00000000c2e00000| Untracked 
|   5|0x00000000c2f00000, 0x00000000c2f00000, 0x00000000c3000000|  0%| F|  |TAMS 0x00000000c2f00000, 0x00000000c2f00000| Untracked 
|   6|0x00000000c3000000, 0x00000000c3000000, 0x00000000c3100000|  0%| F|  |TAMS 0x00000000c3000000, 0x00000000c3000000| Untracked 
|   7|0x00000000c3100000, 0x00000000c3100000, 0x00000000c3200000|  0%| F|  |TAMS 0x00000000c3100000, 0x00000000c3100000| Untracked 
|   8|0x00000000c3200000, 0x00000000c3200000, 0x00000000c3300000|  0%| F|  |TAMS 0x00000000c3200000, 0x00000000c3200000| Untracked 
|   9|0x00000000c3300000, 0x00000000c3300000, 0x00000000c3400000|  0%| F|  |TAMS 0x00000000c3300000, 0x00000000c3300000| Untracked 
|  10|0x00000000c3400000, 0x00000000c3400000, 0x00000000c3500000|  0%| F|  |TAMS 0x00000000c3400000, 0x00000000c3400000| Untracked 
|  11|0x00000000c3500000, 0x00000000c3500000, 0x00000000c3600000|  0%| F|  |TAMS 0x00000000c3500000, 0x00000000c3500000| Untracked 
|  12|0x00000000c3600000, 0x00000000c3600000, 0x00000000c3700000|  0%| F|  |TAMS 0x00000000c3600000, 0x00000000c3600000| Untracked 
|  13|0x00000000c3700000, 0x00000000c3700000, 0x00000000c3800000|  0%| F|  |TAMS 0x00000000c3700000, 0x00000000c3700000| Untracked 
|  14|0x00000000c3800000, 0x00000000c3800000, 0x00000000c3900000|  0%| F|  |TAMS 0x00000000c3800000, 0x00000000c3800000| Untracked 
|  15|0x00000000c3900000, 0x00000000c3900000, 0x00000000c3a00000|  0%| F|  |TAMS 0x00000000c3900000, 0x00000000c3900000| Untracked 
|  16|0x00000000c3a00000, 0x00000000c3a00000, 0x00000000c3b00000|  0%| F|  |TAMS 0x00000000c3a00000, 0x00000000c3a00000| Untracked 
|  17|0x00000000c3b00000, 0x00000000c3b00000, 0x00000000c3c00000|  0%| F|  |TAMS 0x00000000c3b00000, 0x00000000c3b00000| Untracked 
|  18|0x00000000c3c00000, 0x00000000c3c00000, 0x00000000c3d00000|  0%| F|  |TAMS 0x00000000c3c00000, 0x00000000c3c00000| Untracked 
|  19|0x00000000c3d00000, 0x00000000c3d00000, 0x00000000c3e00000|  0%| F|  |TAMS 0x00000000c3d00000, 0x00000000c3d00000| Untracked 
|  20|0x00000000c3e00000, 0x00000000c3e00000, 0x00000000c3f00000|  0%| F|  |TAMS 0x00000000c3e00000, 0x00000000c3e00000| Untracked 
|  21|0x00000000c3f00000, 0x00000000c3f00000, 0x00000000c4000000|  0%| F|  |TAMS 0x00000000c3f00000, 0x00000000c3f00000| Untracked 
|  22|0x00000000c4000000, 0x00000000c4000000, 0x00000000c4100000|  0%| F|  |TAMS 0x00000000c4000000, 0x00000000c4000000| Untracked 
|  23|0x00000000c4100000, 0x00000000c4100000, 0x00000000c4200000|  0%| F|  |TAMS 0x00000000c4100000, 0x00000000c4100000| Untracked 
|  24|0x00000000c4200000, 0x00000000c4200000, 0x00000000c4300000|  0%| F|  |TAMS 0x00000000c4200000, 0x00000000c4200000| Untracked 
|  25|0x00000000c4300000, 0x00000000c4300000, 0x00000000c4400000|  0%| F|  |TAMS 0x00000000c4300000, 0x00000000c4300000| Untracked 
|  26|0x00000000c4400000, 0x00000000c4400000, 0x00000000c4500000|  0%| F|  |TAMS 0x00000000c4400000, 0x00000000c4400000| Untracked 
|  27|0x00000000c4500000, 0x00000000c4500000, 0x00000000c4600000|  0%| F|  |TAMS 0x00000000c4500000, 0x00000000c4500000| Untracked 
|  28|0x00000000c4600000, 0x00000000c4600000, 0x00000000c4700000|  0%| F|  |TAMS 0x00000000c4600000, 0x00000000c4600000| Untracked 
|  29|0x00000000c4700000, 0x00000000c4700000, 0x00000000c4800000|  0%| F|  |TAMS 0x00000000c4700000, 0x00000000c4700000| Untracked 
|  30|0x00000000c4800000, 0x00000000c4800000, 0x00000000c4900000|  0%| F|  |TAMS 0x00000000c4800000, 0x00000000c4800000| Untracked 
|  31|0x00000000c4900000, 0x00000000c4900000, 0x00000000c4a00000|  0%| F|  |TAMS 0x00000000c4900000, 0x00000000c4900000| Untracked 
|  32|0x00000000c4a00000, 0x00000000c4a00000, 0x00000000c4b00000|  0%| F|  |TAMS 0x00000000c4a00000, 0x00000000c4a00000| Untracked 
|  33|0x00000000c4b00000, 0x00000000c4b00000, 0x00000000c4c00000|  0%| F|  |TAMS 0x00000000c4b00000, 0x00000000c4b00000| Untracked 
|  34|0x00000000c4c00000, 0x00000000c4c00000, 0x00000000c4d00000|  0%| F|  |TAMS 0x00000000c4c00000, 0x00000000c4c00000| Untracked 
|  35|0x00000000c4d00000, 0x00000000c4d00000, 0x00000000c4e00000|  0%| F|  |TAMS 0x00000000c4d00000, 0x00000000c4d00000| Untracked 
|  36|0x00000000c4e00000, 0x00000000c4e00000, 0x00000000c4f00000|  0%| F|  |TAMS 0x00000000c4e00000, 0x00000000c4e00000| Untracked 
|  37|0x00000000c4f00000, 0x00000000c4f00000, 0x00000000c5000000|  0%| F|  |TAMS 0x00000000c4f00000, 0x00000000c4f00000| Untracked 
|  38|0x00000000c5000000, 0x00000000c50bfee0, 0x00000000c5100000| 74%| E|  |TAMS 0x00000000c5000000, 0x00000000c5000000| Complete 
|  39|0x00000000c5100000, 0x00000000c5200000, 0x00000000c5200000|100%| E|CS|TAMS 0x00000000c5100000, 0x00000000c5100000| Complete 
|  40|0x00000000c5200000, 0x00000000c52f8170, 0x00000000c5300000| 96%| S|CS|TAMS 0x00000000c5200000, 0x00000000c5200000| Complete 
|  41|0x00000000c5300000, 0x00000000c5400000, 0x00000000c5400000|100%| S|CS|TAMS 0x00000000c5300000, 0x00000000c5300000| Complete 
|  42|0x00000000c5400000, 0x00000000c5500000, 0x00000000c5500000|100%| S|CS|TAMS 0x00000000c5400000, 0x00000000c5400000| Complete 
|  43|0x00000000c5500000, 0x00000000c5600000, 0x00000000c5600000|100%| E|CS|TAMS 0x00000000c5500000, 0x00000000c5500000| Complete 
|  44|0x00000000c5600000, 0x00000000c5700000, 0x00000000c5700000|100%| E|CS|TAMS 0x00000000c5600000, 0x00000000c5600000| Complete 
|  45|0x00000000c5700000, 0x00000000c5800000, 0x00000000c5800000|100%| E|CS|TAMS 0x00000000c5700000, 0x00000000c5700000| Complete 
|  46|0x00000000c5800000, 0x00000000c5900000, 0x00000000c5900000|100%| E|CS|TAMS 0x00000000c5800000, 0x00000000c5800000| Complete 
|  47|0x00000000c5900000, 0x00000000c5a00000, 0x00000000c5a00000|100%| E|CS|TAMS 0x00000000c5900000, 0x00000000c5900000| Complete 
|  48|0x00000000c5a00000, 0x00000000c5b00000, 0x00000000c5b00000|100%| E|CS|TAMS 0x00000000c5a00000, 0x00000000c5a00000| Complete 
|  49|0x00000000c5b00000, 0x00000000c5c00000, 0x00000000c5c00000|100%| E|CS|TAMS 0x00000000c5b00000, 0x00000000c5b00000| Complete 
|  50|0x00000000c5c00000, 0x00000000c5d00000, 0x00000000c5d00000|100%| E|CS|TAMS 0x00000000c5c00000, 0x00000000c5c00000| Complete 
|  51|0x00000000c5d00000, 0x00000000c5e00000, 0x00000000c5e00000|100%| E|CS|TAMS 0x00000000c5d00000, 0x00000000c5d00000| Complete 
|  52|0x00000000c5e00000, 0x00000000c5f00000, 0x00000000c5f00000|100%| E|CS|TAMS 0x00000000c5e00000, 0x00000000c5e00000| Complete 
|  53|0x00000000c5f00000, 0x00000000c6000000, 0x00000000c6000000|100%| E|CS|TAMS 0x00000000c5f00000, 0x00000000c5f00000| Complete 
|  54|0x00000000c6000000, 0x00000000c6100000, 0x00000000c6100000|100%| E|CS|TAMS 0x00000000c6000000, 0x00000000c6000000| Complete 
|  55|0x00000000c6100000, 0x00000000c6200000, 0x00000000c6200000|100%| E|CS|TAMS 0x00000000c6100000, 0x00000000c6100000| Complete 
|  56|0x00000000c6200000, 0x00000000c6300000, 0x00000000c6300000|100%| E|CS|TAMS 0x00000000c6200000, 0x00000000c6200000| Complete 
|  57|0x00000000c6300000, 0x00000000c6400000, 0x00000000c6400000|100%| E|CS|TAMS 0x00000000c6300000, 0x00000000c6300000| Complete 
|  58|0x00000000c6400000, 0x00000000c6500000, 0x00000000c6500000|100%| E|CS|TAMS 0x00000000c6400000, 0x00000000c6400000| Complete 
|  59|0x00000000c6500000, 0x00000000c6600000, 0x00000000c6600000|100%| E|CS|TAMS 0x00000000c6500000, 0x00000000c6500000| Complete 
|  60|0x00000000c6600000, 0x00000000c6700000, 0x00000000c6700000|100%| E|CS|TAMS 0x00000000c6600000, 0x00000000c6600000| Complete 
|  61|0x00000000c6700000, 0x00000000c6800000, 0x00000000c6800000|100%| E|CS|TAMS 0x00000000c6700000, 0x00000000c6700000| Complete 

Card table byte_map: [0x000001ca655e0000,0x000001ca657d0000] _byte_map_base: 0x000001ca64fcb000

Marking Bits (Prev, Next): (CMBitMap*) 0x000001ca4e95a8a0, (CMBitMap*) 0x000001ca4e95a8e0
 Prev Bits: [0x000001ca659c0000, 0x000001ca66918000)
 Next Bits: [0x000001ca66920000, 0x000001ca67878000)

Polling page: 0x000001ca4e0d0000

Metaspace:

Usage:
  Non-class:     10.63 MB used.
      Class:      1.62 MB used.
       Both:     12.25 MB used.

Virtual space:
  Non-class space:       64.00 MB reserved,      10.75 MB ( 17%) committed,  1 nodes.
      Class space:        1.00 GB reserved,       1.75 MB ( <1%) committed,  1 nodes.
             Both:        1.06 GB reserved,      12.50 MB (  1%) committed. 

Chunk freelists:
   Non-Class:  4.31 MB
       Class:  14.25 MB
        Both:  18.56 MB

MaxMetaspaceSize: unlimited
CompressedClassSpaceSize: 1.00 GB
Initial GC threshold: 21.00 MB
Current GC threshold: 21.00 MB
CDS: on
MetaspaceReclaimPolicy: balanced
 - commit_granule_bytes: 65536.
 - commit_granule_words: 8192.
 - virtual_space_node_default_size: 8388608.
 - enlarge_chunks_in_place: 1.
 - new_chunks_are_fully_committed: 0.
 - uncommit_free_chunks: 1.
 - use_allocation_guard: 0.
 - handle_deallocations: 1.


Internal statistics:

num_allocs_failed_limit: 0.
num_arena_births: 202.
num_arena_deaths: 0.
num_vsnodes_births: 2.
num_vsnodes_deaths: 0.
num_space_committed: 200.
num_space_uncommitted: 0.
num_chunks_returned_to_freelist: 0.
num_chunks_taken_from_freelist: 575.
num_chunk_merges: 0.
num_chunk_splits: 391.
num_chunks_enlarged: 294.
num_inconsistent_stats: 0.

CodeHeap 'non-profiled nmethods': size=120000Kb used=669Kb max_used=669Kb free=119331Kb
 bounds [0x000001ca5dec0000, 0x000001ca5e130000, 0x000001ca653f0000]
CodeHeap 'profiled nmethods': size=120000Kb used=3651Kb max_used=3651Kb free=116348Kb
 bounds [0x000001ca563f0000, 0x000001ca56790000, 0x000001ca5d920000]
CodeHeap 'non-nmethods': size=5760Kb used=1378Kb max_used=1400Kb free=4381Kb
 bounds [0x000001ca5d920000, 0x000001ca5db90000, 0x000001ca5dec0000]
 total_blobs=2738 nmethods=2008 adapters=643
 compilation: enabled
              stopped_count=0, restarted_count=0
 full_count=0

Compilation events (20 events):
Event: 22.144 Thread 0x000001ca69d495f0 nmethod 2001 0x000001ca5df61b90 code [0x000001ca5df61d00, 0x000001ca5df61d98]
Event: 22.144 Thread 0x000001ca69d495f0 1999       4       com.sun.glass.ui.win.WinApplication::submitForLaterInvocation (6 bytes)
Event: 22.144 Thread 0x000001ca69d495f0 nmethod 1999 0x000001ca5df61e90 code [0x000001ca5df62020, 0x000001ca5df620c8]
Event: 22.144 Thread 0x000001ca69d495f0 2002       4       java.lang.Object::wait (6 bytes)
Event: 22.145 Thread 0x000001ca69d495f0 nmethod 2002 0x000001ca5df62190 code [0x000001ca5df62320, 0x000001ca5df623c8]
Event: 22.146 Thread 0x000001ca69d495f0 2003       4       java.util.concurrent.locks.AbstractQueuedSynchronizer$Node::clearStatus (12 bytes)
Event: 22.146 Thread 0x000001ca69d495f0 nmethod 2003 0x000001ca5df62490 code [0x000001ca5df62600, 0x000001ca5df62678]
Event: 22.146 Thread 0x000001ca69d495f0 2004   !   4       java.util.concurrent.locks.AbstractQueuedSynchronizer$ConditionObject::await (183 bytes)
Event: 22.167 Thread 0x000001ca69d495f0 nmethod 2004 0x000001ca5df62790 code [0x000001ca5df62980, 0x000001ca5df633e8]
Event: 22.167 Thread 0x000001ca69d495f0 2005       4       java.util.concurrent.locks.AbstractQueuedSynchronizer$ConditionObject::enableWait (84 bytes)
Event: 22.175 Thread 0x000001ca69d495f0 nmethod 2005 0x000001ca5df63c10 code [0x000001ca5df63dc0, 0x000001ca5df64348]
Event: 22.176 Thread 0x000001ca69d495f0 2006       4       java.util.concurrent.ForkJoinPool::managedBlock (36 bytes)
Event: 22.179 Thread 0x000001ca69d495f0 nmethod 2006 0x000001ca5df64690 code [0x000001ca5df64820, 0x000001ca5df649c8]
Event: 22.212 Thread 0x000001ca69d495f0 2007       4       java.lang.Math::round (70 bytes)
Event: 22.213 Thread 0x000001ca69d495f0 nmethod 2007 0x000001ca5df64b90 code [0x000001ca5df64d20, 0x000001ca5df64df8]
Event: 22.250 Thread 0x000001ca69d495f0 2008   !   4       java.util.concurrent.LinkedBlockingDeque::takeFirst (47 bytes)
Event: 22.294 Thread 0x000001ca69d495f0 nmethod 2008 0x000001ca5df64e90 code [0x000001ca5df650a0, 0x000001ca5df66790]
Event: 22.295 Thread 0x000001ca69d495f0 2009       4       com.sun.glass.ui.InvokeLaterDispatcher$Future::<init> (20 bytes)
Event: 22.297 Thread 0x000001ca69d495f0 nmethod 2009 0x000001ca5df67010 code [0x000001ca5df67180, 0x000001ca5df673b8]
Event: 22.297 Thread 0x000001ca69d495f0 2010   !   4       com.sun.glass.ui.InvokeLaterDispatcher$Future::run (91 bytes)

GC Heap History (4 events):
Event: 0.611 GC heap before
{Heap before GC invocations=0 (full 0):
 garbage-first heap   total 63488K, used 13312K [0x00000000c2a00000, 0x0000000100000000)
  region size 1024K, 13 young (13312K), 0 survivors (0K)
 Metaspace       used 2658K, committed 2816K, reserved 1114112K
  class space    used 290K, committed 384K, reserved 1048576K
}
Event: 0.616 GC heap after
{Heap after GC invocations=1 (full 0):
 garbage-first heap   total 63488K, used 1728K [0x00000000c2a00000, 0x0000000100000000)
  region size 1024K, 2 young (2048K), 2 survivors (2048K)
 Metaspace       used 2658K, committed 2816K, reserved 1114112K
  class space    used 290K, committed 384K, reserved 1048576K
}
Event: 1.051 GC heap before
{Heap before GC invocations=1 (full 0):
 garbage-first heap   total 63488K, used 18112K [0x00000000c2a00000, 0x0000000100000000)
  region size 1024K, 19 young (19456K), 2 survivors (2048K)
 Metaspace       used 8178K, committed 8384K, reserved 1114112K
  class space    used 1055K, committed 1152K, reserved 1048576K
}
Event: 1.057 GC heap after
{Heap after GC invocations=2 (full 0):
 garbage-first heap   total 63488K, used 4711K [0x00000000c2a00000, 0x0000000100000000)
  region size 1024K, 3 young (3072K), 3 survivors (3072K)
 Metaspace       used 8178K, committed 8384K, reserved 1114112K
  class space    used 1055K, committed 1152K, reserved 1048576K
}

Dll operation events (20 events):
Event: 0.457 Loaded shared library C:\Users\USUARIO\.openjfx\cache\13\api-ms-win-crt-filesystem-l1-1-0.dll
Event: 0.461 Loaded shared library C:\Users\USUARIO\.openjfx\cache\13\api-ms-win-crt-heap-l1-1-0.dll
Event: 0.465 Loaded shared library C:\Users\USUARIO\.openjfx\cache\13\api-ms-win-crt-locale-l1-1-0.dll
Event: 0.469 Loaded shared library C:\Users\USUARIO\.openjfx\cache\13\api-ms-win-crt-math-l1-1-0.dll
Event: 0.473 Loaded shared library C:\Users\USUARIO\.openjfx\cache\13\api-ms-win-crt-multibyte-l1-1-0.dll
Event: 0.478 Loaded shared library C:\Users\USUARIO\.openjfx\cache\13\api-ms-win-crt-private-l1-1-0.dll
Event: 0.482 Loaded shared library C:\Users\USUARIO\.openjfx\cache\13\api-ms-win-crt-process-l1-1-0.dll
Event: 0.486 Loaded shared library C:\Users\USUARIO\.openjfx\cache\13\api-ms-win-crt-runtime-l1-1-0.dll
Event: 0.490 Loaded shared library C:\Users\USUARIO\.openjfx\cache\13\api-ms-win-crt-stdio-l1-1-0.dll
Event: 0.494 Loaded shared library C:\Users\USUARIO\.openjfx\cache\13\api-ms-win-crt-string-l1-1-0.dll
Event: 0.498 Loaded shared library C:\Users\USUARIO\.openjfx\cache\13\api-ms-win-crt-time-l1-1-0.dll
Event: 0.501 Loaded shared library C:\Users\USUARIO\.openjfx\cache\13\api-ms-win-crt-utility-l1-1-0.dll
Event: 0.520 Loaded shared library C:\Users\USUARIO\.openjfx\cache\13\ucrtbase.dll
Event: 0.525 Loaded shared library C:\Users\USUARIO\.openjfx\cache\13\vcruntime140.dll
Event: 0.537 Loaded shared library C:\Users\USUARIO\.openjfx\cache\13\msvcp140.dll
Event: 0.545 Loaded shared library C:\Users\USUARIO\.openjfx\cache\13\concrt140.dll
Event: 0.598 Loaded shared library C:\Users\USUARIO\.openjfx\cache\13\prism_d3d.dll
Event: 0.644 Loaded shared library C:\Users\USUARIO\.openjfx\cache\13\glass.dll
Event: 0.788 Loaded shared library C:\Program Files\Eclipse Adoptium\jdk-17.0.7.7-hotspot\bin\jimage.dll
Event: 1.009 Loaded shared library C:\Users\USUARIO\.openjfx\cache\13\javafx_font.dll

Deoptimization events (20 events):
Event: 1.373 Thread 0x000001ca6e7298e0 Uncommon trap: trap_request=0xffffffde fr.pc=0x000001ca5ded7294 relative=0x0000000000000194
Event: 1.373 Thread 0x000001ca6e7298e0 Uncommon trap: reason=class_check action=maybe_recompile pc=0x000001ca5ded7294 method=java.lang.String.equals(Ljava/lang/Object;)Z @ 8 c2
Event: 1.373 Thread 0x000001ca6e7298e0 DEOPT PACKING pc=0x000001ca5ded7294 sp=0x000000277a7fda70
Event: 1.374 Thread 0x000001ca6e7298e0 DEOPT UNPACKING pc=0x000001ca5d97699d sp=0x000000277a7fda18 mode 2
Event: 1.374 Thread 0x000001ca6e7298e0 Uncommon trap: trap_request=0xffffffde fr.pc=0x000001ca5ded7294 relative=0x0000000000000194
Event: 1.374 Thread 0x000001ca6e7298e0 Uncommon trap: reason=class_check action=maybe_recompile pc=0x000001ca5ded7294 method=java.lang.String.equals(Ljava/lang/Object;)Z @ 8 c2
Event: 1.374 Thread 0x000001ca6e7298e0 DEOPT PACKING pc=0x000001ca5ded7294 sp=0x000000277a7fda70
Event: 1.374 Thread 0x000001ca6e7298e0 DEOPT UNPACKING pc=0x000001ca5d97699d sp=0x000000277a7fda18 mode 2
Event: 1.432 Thread 0x000001ca6e7298e0 Uncommon trap: trap_request=0xffffffde fr.pc=0x000001ca5ded7294 relative=0x0000000000000194
Event: 1.432 Thread 0x000001ca6e7298e0 Uncommon trap: reason=class_check action=maybe_recompile pc=0x000001ca5ded7294 method=java.lang.String.equals(Ljava/lang/Object;)Z @ 8 c2
Event: 1.432 Thread 0x000001ca6e7298e0 DEOPT PACKING pc=0x000001ca5ded7294 sp=0x000000277a7fd6c0
Event: 1.432 Thread 0x000001ca6e7298e0 DEOPT UNPACKING pc=0x000001ca5d97699d sp=0x000000277a7fd668 mode 2
Event: 1.493 Thread 0x000001ca6e7298e0 Uncommon trap: trap_request=0xffffff45 fr.pc=0x000001ca5df17850 relative=0x00000000000001d0
Event: 1.493 Thread 0x000001ca6e7298e0 Uncommon trap: reason=unstable_if action=reinterpret pc=0x000001ca5df17850 method=java.io.ByteArrayInputStream.read()I @ 8 c2
Event: 1.493 Thread 0x000001ca6e7298e0 DEOPT PACKING pc=0x000001ca5df17850 sp=0x000000277a7fc910
Event: 1.493 Thread 0x000001ca6e7298e0 DEOPT UNPACKING pc=0x000001ca5d97699d sp=0x000000277a7fc8c8 mode 2
Event: 20.781 Thread 0x000001ca6e276490 Uncommon trap: trap_request=0xffffff45 fr.pc=0x000001ca5df4d4a4 relative=0x0000000000000084
Event: 20.781 Thread 0x000001ca6e276490 Uncommon trap: reason=unstable_if action=reinterpret pc=0x000001ca5df4d4a4 method=java.util.concurrent.locks.AbstractQueuedSynchronizer.signalNext(Ljava/util/concurrent/locks/AbstractQueuedSynchronizer$Node;)V @ 17 c2
Event: 20.781 Thread 0x000001ca6e276490 DEOPT PACKING pc=0x000001ca5df4d4a4 sp=0x000000277a2febc0
Event: 20.781 Thread 0x000001ca6e276490 DEOPT UNPACKING pc=0x000001ca5d97699d sp=0x000000277a2feb50 mode 2

Classes unloaded (0 events):
No events

Classes redefined (0 events):
No events

Internal exceptions (20 events):
Event: 0.878 Thread 0x000001ca6e7298e0 Exception <a 'java/lang/NullPointerException'{0x00000000c5db0190}> (0x00000000c5db0190) 
thrown [s\src\hotspot\share\interpreter\linkResolver.cpp, line 1350]
Event: 0.882 Thread 0x000001ca6e7298e0 Exception <a 'java/lang/NoSuchMethodError'{0x00000000c5dcf0d0}: 'void java.lang.invoke.DirectMethodHandle$Holder.invokeSpecial(java.lang.Object, java.lang.Object, java.lang.Object, java.lang.Object, java.lang.Object)'> (0x00000000c5dcf0d0) 
thrown [s\src\hotspot\share\interpreter\linkResolver.cpp, line 759]
Event: 0.892 Thread 0x000001ca6e7298e0 Exception <a 'sun/nio/fs/WindowsException'{0x00000000c5c12b88}> (0x00000000c5c12b88) 
thrown [s\src\hotspot\share\prims\jni.cpp, line 516]
Event: 0.915 Thread 0x000001ca6e7298e0 Exception <a 'sun/nio/fs/WindowsException'{0x00000000c5c96110}> (0x00000000c5c96110) 
thrown [s\src\hotspot\share\prims\jni.cpp, line 516]
Event: 0.924 Thread 0x000001ca6e7298e0 Exception <a 'java/lang/ClassNotFoundException'{0x00000000c5cabe70}: sun/util/logging/resources/spi/loggingProvider> (0x00000000c5cabe70) 
thrown [s\src\hotspot\share\classfile\systemDictionary.cpp, line 256]
Event: 1.095 Thread 0x000001ca6e7298e0 Exception <a 'java/lang/NoSuchMethodError'{0x00000000c66f00b0}: 'void java.lang.invoke.DirectMethodHandle$Holder.invokeStaticInit(java.lang.Object, java.lang.Object)'> (0x00000000c66f00b0) 
thrown [s\src\hotspot\share\interpreter\linkResolver.cpp, line 759]
Event: 1.219 Thread 0x000001ca6e7298e0 Exception <a 'java/lang/NoSuchMethodError'{0x00000000c63575f8}: static [Ljava/lang/StackTraceElement;.<clinit>()V> (0x00000000c63575f8) 
thrown [s\src\hotspot\share\prims\jni.cpp, line 1107]
Event: 1.239 Thread 0x000001ca6e7298e0 Implicit null exception at 0x000001ca5dee3359 to 0x000001ca5dee3588
Event: 1.259 Thread 0x000001ca6e7298e0 Implicit null exception at 0x000001ca5df19ab3 to 0x000001ca5df19f4c
Event: 1.260 Thread 0x000001ca6e7298e0 Implicit null exception at 0x000001ca5df16833 to 0x000001ca5df16cc4
Event: 1.417 Thread 0x000001ca6e7298e0 Exception <a 'java/lang/NoSuchMethodError'{0x00000000c5d21b20}: 'java.lang.Object java.lang.invoke.DirectMethodHandle$Holder.invokeInterface(java.lang.Object, java.lang.Object, java.lang.Object)'> (0x00000000c5d21b20) 
thrown [s\src\hotspot\share\interpreter\linkResolver.cpp, line 759]
Event: 1.418 Thread 0x000001ca6e7298e0 Exception <a 'java/lang/IncompatibleClassChangeError'{0x00000000c5d254a8}: Found class java.lang.Object, but interface was expected> (0x00000000c5d254a8) 
thrown [s\src\hotspot\share\interpreter\linkResolver.cpp, line 826]
Event: 1.524 Thread 0x000001ca6e7298e0 Exception <a 'java/lang/NoSuchMethodError'{0x00000000c5ccb408}: 'java.lang.Object java.lang.invoke.DirectMethodHandle$Holder.newInvokeSpecial(java.lang.Object, java.lang.Object, int)'> (0x00000000c5ccb408) 
thrown [s\src\hotspot\share\interpreter\linkResolver.cpp, line 759]
Event: 1.562 Thread 0x000001ca6e276490 Exception <a 'java/lang/NoSuchMethodError'{0x00000000c5b995d0}: 'int java.lang.invoke.DirectMethodHandle$Holder.invokeStaticInit(java.lang.Object, java.lang.Object)'> (0x00000000c5b995d0) 
thrown [s\src\hotspot\share\interpreter\linkResolver.cpp, line 759]
Event: 1.726 Thread 0x000001ca6e276490 Exception <a 'java/lang/NullPointerException'{0x00000000c5a78568}> (0x00000000c5a78568) 
thrown [s\src\hotspot\share\interpreter\linkResolver.cpp, line 1433]
Event: 2.809 Thread 0x000001ca6e276490 Exception <a 'java/lang/NullPointerException'{0x00000000c5a81438}> (0x00000000c5a81438) 
thrown [s\src\hotspot\share\interpreter\linkResolver.cpp, line 1433]
Event: 21.892 Thread 0x000001ca6e7298e0 Exception <a 'java/lang/NoSuchMethodError'{0x00000000c58c4f28}: 'long java.lang.invoke.DirectMethodHandle$Holder.invokeStatic(java.lang.Object, java.lang.Object, java.lang.Object)'> (0x00000000c58c4f28) 
thrown [s\src\hotspot\share\interpreter\linkResolver.cpp, line 759]
Event: 21.892 Thread 0x000001ca6e7298e0 Exception <a 'java/lang/NoSuchMethodError'{0x00000000c58c86d0}: 'long java.lang.invoke.DirectMethodHandle$Holder.invokeStaticInit(java.lang.Object, java.lang.Object, java.lang.Object)'> (0x00000000c58c86d0) 
thrown [s\src\hotspot\share\interpreter\linkResolver.cpp, line 759]
Event: 21.895 Thread 0x000001ca6e7298e0 Exception <a 'java/lang/NoSuchMethodError'{0x00000000c58e3690}: 'java.lang.Object java.lang.invoke.DirectMethodHandle$Holder.newInvokeSpecial(java.lang.Object, java.lang.Object, long)'> (0x00000000c58e3690) 
thrown [s\src\hotspot\share\interpreter\linkResolver.cpp, line 759]
Event: 21.896 Thread 0x000001ca6e7298e0 Exception <a 'java/lang/NoSuchMethodError'{0x00000000c58e7200}: 'java.lang.Object java.lang.invoke.Invokers$Holder.linkToTargetMethod(java.lang.Object, long, java.lang.Object)'> (0x00000000c58e7200) 
thrown [s\src\hotspot\share\interpreter\linkResolver.cpp, line 759]

VM Operations (20 events):
Event: 6.222 Executing VM operation: Cleanup
Event: 6.222 Executing VM operation: Cleanup done
Event: 7.222 Executing VM operation: Cleanup
Event: 7.222 Executing VM operation: Cleanup done
Event: 8.222 Executing VM operation: Cleanup
Event: 8.223 Executing VM operation: Cleanup done
Event: 10.223 Executing VM operation: Cleanup
Event: 10.223 Executing VM operation: Cleanup done
Event: 12.224 Executing VM operation: Cleanup
Event: 12.224 Executing VM operation: Cleanup done
Event: 14.225 Executing VM operation: Cleanup
Event: 14.225 Executing VM operation: Cleanup done
Event: 15.225 Executing VM operation: Cleanup
Event: 15.225 Executing VM operation: Cleanup done
Event: 16.226 Executing VM operation: Cleanup
Event: 16.227 Executing VM operation: Cleanup done
Event: 17.227 Executing VM operation: Cleanup
Event: 17.227 Executing VM operation: Cleanup done
Event: 22.230 Executing VM operation: Cleanup
Event: 22.230 Executing VM operation: Cleanup done

Events (20 events):
Event: 1.542 loading class java/util/EnumMap$Values
Event: 1.542 loading class java/util/EnumMap$Values done
Event: 1.542 loading class java/util/EnumMap$ValueIterator
Event: 1.542 loading class java/util/EnumMap$EnumMapIterator
Event: 1.543 loading class java/util/EnumMap$EnumMapIterator done
Event: 1.543 loading class java/util/EnumMap$ValueIterator done
Event: 1.606 loading class java/nio/ShortBuffer
Event: 1.606 loading class java/nio/ShortBuffer done
Event: 1.606 loading class java/nio/FloatBuffer
Event: 1.606 loading class java/nio/FloatBuffer done
Event: 1.606 loading class java/nio/DoubleBuffer
Event: 1.606 loading class java/nio/DoubleBuffer done
Event: 1.606 loading class java/nio/DirectFloatBufferU
Event: 1.607 loading class java/nio/DirectFloatBufferU done
Event: 1.726 loading class java/lang/Throwable$WrappedPrintStream
Event: 1.726 loading class java/lang/Throwable$WrappedPrintStream done
Event: 21.889 loading class java/util/concurrent/ConcurrentLinkedQueue
Event: 21.889 loading class java/util/concurrent/ConcurrentLinkedQueue done
Event: 21.889 loading class java/util/concurrent/ConcurrentLinkedQueue$Node
Event: 21.890 loading class java/util/concurrent/ConcurrentLinkedQueue$Node done


Dynamic libraries:
0x00007ff6c0740000 - 0x00007ff6c074e000 	C:\Program Files\Eclipse Adoptium\jdk-17.0.7.7-hotspot\bin\java.exe
0x00007ff942bb0000 - 0x00007ff942da5000 	C:\Windows\SYSTEM32\ntdll.dll
0x00007ff9427a0000 - 0x00007ff94285d000 	C:\Windows\System32\KERNEL32.DLL
0x00007ff940630000 - 0x00007ff9408f8000 	C:\Windows\System32\KERNELBASE.dll
0x00007ff940330000 - 0x00007ff940430000 	C:\Windows\System32\ucrtbase.dll
0x00007ff93ad80000 - 0x00007ff93ad99000 	C:\Program Files\Eclipse Adoptium\jdk-17.0.7.7-hotspot\bin\VCRUNTIME140.dll
0x00007ff930bf0000 - 0x00007ff930c07000 	C:\Program Files\Eclipse Adoptium\jdk-17.0.7.7-hotspot\bin\jli.dll
0x00007ff9416a0000 - 0x00007ff941840000 	C:\Windows\System32\USER32.dll
0x00007ff940b40000 - 0x00007ff940b62000 	C:\Windows\System32\win32u.dll
0x00007ff940c50000 - 0x00007ff940c7a000 	C:\Windows\System32\GDI32.dll
0x00007ff940950000 - 0x00007ff940a5b000 	C:\Windows\System32\gdi32full.dll
0x00007ff92d6b0000 - 0x00007ff92d94a000 	C:\Windows\WinSxS\amd64_microsoft.windows.common-controls_6595b64144ccf1df_6.0.19041.844_none_ca00b6081b84eb1d\COMCTL32.dll
0x00007ff940430000 - 0x00007ff9404cd000 	C:\Windows\System32\msvcp_win.dll
0x00007ff940d80000 - 0x00007ff940e1e000 	C:\Windows\System32\msvcrt.dll
0x00007ff9422d0000 - 0x00007ff942300000 	C:\Windows\System32\IMM32.DLL
0x0000000075090000 - 0x000000007509c000 	C:\Program Files (x86)\360\Total Security\safemon\SafeWrapper.dll
0x00007ff9429c0000 - 0x00007ff942a6c000 	C:\Windows\System32\ADVAPI32.dll
0x00007ff940ce0000 - 0x00007ff940d7b000 	C:\Windows\System32\sechost.dll
0x00007ff942a70000 - 0x00007ff942b9b000 	C:\Windows\System32\RPCRT4.dll
0x00007ff92cec0000 - 0x00007ff92cf52000 	C:\Program Files (x86)\360\Total Security\safemon\libzdtp64.dll
0x00007ff940e20000 - 0x00007ff941562000 	C:\Windows\System32\SHELL32.dll
0x00007ff942670000 - 0x00007ff9426c5000 	C:\Windows\System32\SHLWAPI.dll
0x00007ff93fe10000 - 0x00007ff93fe1a000 	C:\Windows\SYSTEM32\VERSION.dll
0x00007ff93b3a0000 - 0x00007ff93b3ac000 	C:\Program Files\Eclipse Adoptium\jdk-17.0.7.7-hotspot\bin\vcruntime140_1.dll
0x00007ff92f410000 - 0x00007ff92f4a1000 	C:\Program Files\Eclipse Adoptium\jdk-17.0.7.7-hotspot\bin\msvcp140.dll
0x00007ff918950000 - 0x00007ff919598000 	C:\Program Files\Eclipse Adoptium\jdk-17.0.7.7-hotspot\bin\server\jvm.dll
0x00007ff93d910000 - 0x00007ff93d919000 	C:\Windows\SYSTEM32\WSOCK32.dll
0x00007ff921670000 - 0x00007ff921697000 	C:\Windows\SYSTEM32\WINMM.dll
0x00007ff942380000 - 0x00007ff9423eb000 	C:\Windows\System32\WS2_32.dll
0x00007ff93e3e0000 - 0x00007ff93e3f2000 	C:\Windows\SYSTEM32\kernel.appcore.dll
0x00007ff93acc0000 - 0x00007ff93acca000 	C:\Program Files\Eclipse Adoptium\jdk-17.0.7.7-hotspot\bin\jimage.dll
0x00007ff93e0e0000 - 0x00007ff93e2c4000 	C:\Windows\SYSTEM32\DBGHELP.DLL
0x00007ff923780000 - 0x00007ff9237ac000 	C:\Windows\SYSTEM32\dbgcore.DLL
0x00007ff940ac0000 - 0x00007ff940b40000 	C:\Windows\System32\bcryptPrimitives.dll
0x00007ff93a960000 - 0x00007ff93a985000 	C:\Program Files\Eclipse Adoptium\jdk-17.0.7.7-hotspot\bin\java.dll
0x00007ff935a40000 - 0x00007ff935b16000 	C:\Program Files\Eclipse Adoptium\jdk-17.0.7.7-hotspot\bin\jsvml.dll
0x00007ff93e400000 - 0x00007ff93eb91000 	C:\Windows\SYSTEM32\windows.storage.dll
0x00007ff941a50000 - 0x00007ff941da5000 	C:\Windows\System32\combase.dll
0x00007ff93fc60000 - 0x00007ff93fc8c000 	C:\Windows\SYSTEM32\Wldp.dll
0x00007ff941db0000 - 0x00007ff941e5e000 	C:\Windows\System32\SHCORE.dll
0x00007ff940270000 - 0x00007ff94028f000 	C:\Windows\SYSTEM32\profapi.dll
0x00007ff935a20000 - 0x00007ff935a39000 	C:\Program Files\Eclipse Adoptium\jdk-17.0.7.7-hotspot\bin\net.dll
0x00007ff9384d0000 - 0x00007ff9385db000 	C:\Windows\SYSTEM32\WINHTTP.dll
0x00007ff93f9d0000 - 0x00007ff93fa3a000 	C:\Windows\system32\mswsock.dll
0x00007ff935a00000 - 0x00007ff935a15000 	C:\Program Files\Eclipse Adoptium\jdk-17.0.7.7-hotspot\bin\nio.dll
0x00007ff9359e0000 - 0x00007ff9359f8000 	C:\Program Files\Eclipse Adoptium\jdk-17.0.7.7-hotspot\bin\zip.dll
0x000001ca4e870000 - 0x000001ca4e873000 	C:\Users\USUARIO\.openjfx\cache\13\api-ms-win-core-console-l1-1-0.dll
0x000001ca4e880000 - 0x000001ca4e883000 	C:\Users\USUARIO\.openjfx\cache\13\api-ms-win-core-datetime-l1-1-0.dll
0x000001ca4e890000 - 0x000001ca4e893000 	C:\Users\USUARIO\.openjfx\cache\13\api-ms-win-core-debug-l1-1-0.dll
0x000001ca4e8a0000 - 0x000001ca4e8a3000 	C:\Users\USUARIO\.openjfx\cache\13\api-ms-win-core-errorhandling-l1-1-0.dll
0x000001ca4e8b0000 - 0x000001ca4e8b4000 	C:\Users\USUARIO\.openjfx\cache\13\api-ms-win-core-file-l1-1-0.dll
0x000001ca4e8c0000 - 0x000001ca4e8c3000 	C:\Users\USUARIO\.openjfx\cache\13\api-ms-win-core-file-l1-2-0.dll
0x000001ca69ee0000 - 0x000001ca69ee3000 	C:\Users\USUARIO\.openjfx\cache\13\api-ms-win-core-file-l2-1-0.dll
0x000001ca69ef0000 - 0x000001ca69ef3000 	C:\Users\USUARIO\.openjfx\cache\13\api-ms-win-core-handle-l1-1-0.dll
0x000001ca69f00000 - 0x000001ca69f03000 	C:\Users\USUARIO\.openjfx\cache\13\api-ms-win-core-heap-l1-1-0.dll
0x000001ca69f10000 - 0x000001ca69f13000 	C:\Users\USUARIO\.openjfx\cache\13\api-ms-win-core-interlocked-l1-1-0.dll
0x000001ca69f20000 - 0x000001ca69f23000 	C:\Users\USUARIO\.openjfx\cache\13\api-ms-win-core-libraryloader-l1-1-0.dll
0x000001ca69f30000 - 0x000001ca69f33000 	C:\Users\USUARIO\.openjfx\cache\13\api-ms-win-core-localization-l1-2-0.dll
0x000001ca69f40000 - 0x000001ca69f43000 	C:\Users\USUARIO\.openjfx\cache\13\api-ms-win-core-memory-l1-1-0.dll
0x000001ca69f50000 - 0x000001ca69f53000 	C:\Users\USUARIO\.openjfx\cache\13\api-ms-win-core-namedpipe-l1-1-0.dll
0x000001ca69f60000 - 0x000001ca69f63000 	C:\Users\USUARIO\.openjfx\cache\13\api-ms-win-core-processenvironment-l1-1-0.dll
0x000001ca69f70000 - 0x000001ca69f73000 	C:\Users\USUARIO\.openjfx\cache\13\api-ms-win-core-processthreads-l1-1-0.dll
0x000001ca69f80000 - 0x000001ca69f83000 	C:\Users\USUARIO\.openjfx\cache\13\api-ms-win-core-processthreads-l1-1-1.dll
0x000001ca69f90000 - 0x000001ca69f93000 	C:\Users\USUARIO\.openjfx\cache\13\api-ms-win-core-profile-l1-1-0.dll
0x000001ca69fa0000 - 0x000001ca69fa3000 	C:\Users\USUARIO\.openjfx\cache\13\api-ms-win-core-rtlsupport-l1-1-0.dll
0x000001ca69fb0000 - 0x000001ca69fb3000 	C:\Users\USUARIO\.openjfx\cache\13\api-ms-win-core-string-l1-1-0.dll
0x000001ca69fc0000 - 0x000001ca69fc3000 	C:\Users\USUARIO\.openjfx\cache\13\api-ms-win-core-synch-l1-1-0.dll
0x000001ca69fd0000 - 0x000001ca69fd3000 	C:\Users\USUARIO\.openjfx\cache\13\api-ms-win-core-synch-l1-2-0.dll
0x000001ca69fe0000 - 0x000001ca69fe3000 	C:\Users\USUARIO\.openjfx\cache\13\api-ms-win-core-sysinfo-l1-1-0.dll
0x000001ca69ff0000 - 0x000001ca69ff3000 	C:\Users\USUARIO\.openjfx\cache\13\api-ms-win-core-timezone-l1-1-0.dll
0x000001ca6ec00000 - 0x000001ca6ec03000 	C:\Users\USUARIO\.openjfx\cache\13\api-ms-win-core-util-l1-1-0.dll
0x000001ca6ec10000 - 0x000001ca6ec13000 	C:\Users\USUARIO\.openjfx\cache\13\api-ms-win-crt-conio-l1-1-0.dll
0x000001ca6ec20000 - 0x000001ca6ec24000 	C:\Users\USUARIO\.openjfx\cache\13\api-ms-win-crt-convert-l1-1-0.dll
0x000001ca6ec30000 - 0x000001ca6ec33000 	C:\Users\USUARIO\.openjfx\cache\13\api-ms-win-crt-environment-l1-1-0.dll
0x000001ca6ec40000 - 0x000001ca6ec43000 	C:\Users\USUARIO\.openjfx\cache\13\api-ms-win-crt-filesystem-l1-1-0.dll
0x000001ca6ec50000 - 0x000001ca6ec53000 	C:\Users\USUARIO\.openjfx\cache\13\api-ms-win-crt-heap-l1-1-0.dll
0x000001ca6ec60000 - 0x000001ca6ec63000 	C:\Users\USUARIO\.openjfx\cache\13\api-ms-win-crt-locale-l1-1-0.dll
0x000001ca6ec70000 - 0x000001ca6ec75000 	C:\Users\USUARIO\.openjfx\cache\13\api-ms-win-crt-math-l1-1-0.dll
0x000001ca6ec80000 - 0x000001ca6ec85000 	C:\Users\USUARIO\.openjfx\cache\13\api-ms-win-crt-multibyte-l1-1-0.dll
0x000001ca6ec90000 - 0x000001ca6eca0000 	C:\Users\USUARIO\.openjfx\cache\13\api-ms-win-crt-private-l1-1-0.dll
0x000001ca6eca0000 - 0x000001ca6eca3000 	C:\Users\USUARIO\.openjfx\cache\13\api-ms-win-crt-process-l1-1-0.dll
0x000001ca6ecb0000 - 0x000001ca6ecb4000 	C:\Users\USUARIO\.openjfx\cache\13\api-ms-win-crt-runtime-l1-1-0.dll
0x000001ca6ecc0000 - 0x000001ca6ecc4000 	C:\Users\USUARIO\.openjfx\cache\13\api-ms-win-crt-stdio-l1-1-0.dll
0x000001ca6ecd0000 - 0x000001ca6ecd4000 	C:\Users\USUARIO\.openjfx\cache\13\api-ms-win-crt-string-l1-1-0.dll
0x000001ca6ece0000 - 0x000001ca6ece3000 	C:\Users\USUARIO\.openjfx\cache\13\api-ms-win-crt-time-l1-1-0.dll
0x000001ca6ecf0000 - 0x000001ca6ecf3000 	C:\Users\USUARIO\.openjfx\cache\13\api-ms-win-crt-utility-l1-1-0.dll
0x00007ff9180c0000 - 0x00007ff9181bc000 	C:\Users\USUARIO\.openjfx\cache\13\ucrtbase.dll
0x00007ff930bd0000 - 0x00007ff930be5000 	C:\Users\USUARIO\.openjfx\cache\13\vcruntime140.dll
0x00007ff919960000 - 0x00007ff9199fb000 	C:\Users\USUARIO\.openjfx\cache\13\msvcp140.dll
0x00007ff926b80000 - 0x00007ff926bd1000 	C:\Users\USUARIO\.openjfx\cache\13\concrt140.dll
0x00007ff92fe60000 - 0x00007ff92fe83000 	C:\Users\USUARIO\.openjfx\cache\13\prism_d3d.dll
0x00007ff917ef0000 - 0x00007ff9180be000 	C:\Windows\system32\d3d9.dll
0x00007ff93dd30000 - 0x00007ff93dd5f000 	C:\Windows\SYSTEM32\dwmapi.dll
0x00007ff93d9b0000 - 0x00007ff93da4e000 	C:\Windows\system32\uxtheme.dll
0x00007ff9360a0000 - 0x00007ff936796000 	C:\Windows\SYSTEM32\d3d10warp.dll
0x00007ff923fd0000 - 0x00007ff924015000 	C:\Users\USUARIO\.openjfx\cache\13\glass.dll
0x00007ff942870000 - 0x00007ff94294a000 	C:\Windows\System32\COMDLG32.dll
0x00007ff941570000 - 0x00007ff94169a000 	C:\Windows\System32\ole32.dll
0x00007ff9426d0000 - 0x00007ff94279d000 	C:\Windows\System32\OLEAUT32.dll
0x00007ff942530000 - 0x00007ff942645000 	C:\Windows\System32\MSCTF.dll
0x00007ff9353b0000 - 0x00007ff9353eb000 	C:\Windows\SYSTEM32\dxcore.dll
0x00007ff940900000 - 0x00007ff94094e000 	C:\Windows\System32\cfgmgr32.dll
0x00007ff92f370000 - 0x00007ff92f384000 	C:\Users\USUARIO\.openjfx\cache\13\javafx_font.dll
0x00007ff931660000 - 0x00007ff9318df000 	C:\Windows\SYSTEM32\dwrite.dll
0x00007ff942480000 - 0x00007ff942529000 	C:\Windows\System32\clbcatq.dll
0x00007ff9385e0000 - 0x00007ff938794000 	C:\Windows\SYSTEM32\WindowsCodecs.dll
0x00007ff940c20000 - 0x00007ff940c47000 	C:\Windows\System32\bcrypt.dll
0x00007ff91fd70000 - 0x00007ff91fdae000 	C:\Windows\system32\dataexchange.dll
0x00007ff93ca60000 - 0x00007ff93cc45000 	C:\Windows\system32\dcomp.dll
0x00007ff93bdd0000 - 0x00007ff93c034000 	C:\Windows\system32\d3d11.dll
0x00007ff93ed20000 - 0x00007ff93ee13000 	C:\Windows\system32\dxgi.dll
0x00007ff9389f0000 - 0x00007ff938bf1000 	C:\Windows\system32\twinapi.appcore.dll
0x00007ff923f90000 - 0x00007ff923fc4000 	C:\Program Files\Common Files\Microsoft Shared\Ink\rtscom.dll
0x00007ff9371b0000 - 0x00007ff9372a9000 	C:\Windows\SYSTEM32\textinputframework.dll
0x00007ff93ccb0000 - 0x00007ff93d00e000 	C:\Windows\System32\CoreUIComponents.dll
0x00007ff93d520000 - 0x00007ff93d612000 	C:\Windows\System32\CoreMessaging.dll
0x00007ff93bc70000 - 0x00007ff93bdc4000 	C:\Windows\SYSTEM32\wintypes.dll
0x00007ff93f090000 - 0x00007ff93f0c3000 	C:\Windows\SYSTEM32\ntmarta.dll
0x00007ff9292e0000 - 0x00007ff929346000 	C:\Windows\system32\Oleacc.dll

dbghelp: loaded successfully - version: 4.0.5 - missing functions: none
symbol engine: initialized successfully - sym options: 0x614 - pdb path: .;C:\Program Files\Eclipse Adoptium\jdk-17.0.7.7-hotspot\bin;C:\Windows\SYSTEM32;C:\Windows\WinSxS\amd64_microsoft.windows.common-controls_6595b64144ccf1df_6.0.19041.844_none_ca00b6081b84eb1d;C:\Program Files (x86)\360\Total Security\safemon;C:\Program Files\Eclipse Adoptium\jdk-17.0.7.7-hotspot\bin\server;C:\Users\USUARIO\.openjfx\cache\13;C:\Program Files\Common Files\Microsoft Shared\Ink

VM Arguments:
jvm_args: --module-path=C:\Users\USUARIO\Documents\Proyecto Final POO\POO-P3-G10-Parcial2\target\classes;C:\Users\USUARIO\.m2\repository\org\openjfx\javafx-base\13\javafx-base-13-win.jar;C:\Users\USUARIO\.m2\repository\org\openjfx\javafx-controls\13\javafx-controls-13-win.jar;C:\Users\USUARIO\.m2\repository\org\openjfx\javafx-fxml\13\javafx-fxml-13-win.jar;C:\Users\USUARIO\.m2\repository\org\openjfx\javafx-graphics\13\javafx-graphics-13-win.jar --add-modules=com.mycompany.millonariogameapp -Djdk.module.main=com.mycompany.millonariogameapp 
java_command: com.mycompany.millonariogameapp/com.mycompany.millonariogameapp.App
java_class_path (initial): C:\Users\USUARIO\Documents\Proyecto Final POO\POO-P3-G10-Parcial2\target\classes;C:\Users\USUARIO\.m2\repository\org\openjfx\javafx-base\13\javafx-base-13.jar;C:\Users\USUARIO\.m2\repository\org\openjfx\javafx-controls\13\javafx-controls-13.jar;C:\Users\USUARIO\.m2\repository\org\openjfx\javafx-fxml\13\javafx-fxml-13.jar;C:\Users\USUARIO\.m2\repository\org\openjfx\javafx-graphics\13\javafx-graphics-13.jar
Launcher Type: SUN_STANDARD

[Global flags]
     intx CICompilerCount                          = 3                                         {product} {ergonomic}
     uint ConcGCThreads                            = 1                                         {product} {ergonomic}
     uint G1ConcRefinementThreads                  = 4                                         {product} {ergonomic}
   size_t G1HeapRegionSize                         = 1048576                                   {product} {ergonomic}
    uintx GCDrainStackTargetSize                   = 64                                        {product} {ergonomic}
   size_t InitialHeapSize                          = 65011712                                  {product} {ergonomic}
   size_t MarkStackSize                            = 4194304                                   {product} {ergonomic}
   size_t MaxHeapSize                              = 1029701632                                {product} {ergonomic}
   size_t MaxNewSize                               = 617611264                                 {product} {ergonomic}
   size_t MinHeapDeltaBytes                        = 1048576                                   {product} {ergonomic}
   size_t MinHeapSize                              = 8388608                                   {product} {ergonomic}
    uintx NonNMethodCodeHeapSize                   = 5832780                                {pd product} {ergonomic}
    uintx NonProfiledCodeHeapSize                  = 122912730                              {pd product} {ergonomic}
    uintx ProfiledCodeHeapSize                     = 122912730                              {pd product} {ergonomic}
    uintx ReservedCodeCacheSize                    = 251658240                              {pd product} {ergonomic}
     bool SegmentedCodeCache                       = true                                      {product} {ergonomic}
   size_t SoftMaxHeapSize                          = 1029701632                             {manageable} {ergonomic}
     bool UseCompressedClassPointers               = true                           {product lp64_product} {ergonomic}
     bool UseCompressedOops                        = true                           {product lp64_product} {ergonomic}
     bool UseG1GC                                  = true                                      {product} {ergonomic}
     bool UseLargePagesIndividualAllocation        = false                                  {pd product} {ergonomic}

Logging:
Log output configuration:
 #0: stdout all=warning uptime,level,tags
 #1: stderr all=off uptime,level,tags

Environment Variables:
JAVA_HOME=C:\Program Files\Eclipse Adoptium\jdk-17.0.7.7-hotspot
PATH=C:\Program Files (x86)\Common Files\Oracle\Java\javapath;C:\Program Files\Eclipse Adoptium\jdk-17.0.7.7-hotspot\bin;C:\Windows\system32;C:\Windows;C:\Windows\System32\Wbem;C:\Windows\System32\WindowsPowerShell\v1.0\;C:\Windows\System32\OpenSSH\;C:\Program Files\Git\cmd;C:\Users\USUARIO\AppData\Local\Microsoft\WindowsApps;
USERNAME=USUARIO
OS=Windows_NT
PROCESSOR_IDENTIFIER=Intel64 Family 6 Model 122 Stepping 1, GenuineIntel
TMP=C:\Users\USUARIO\AppData\Local\Temp
TEMP=C:\Users\USUARIO\AppData\Local\Temp



---------------  S Y S T E M  ---------------

OS:
 Windows 10 , 64 bit Build 19041 (10.0.19041.928)
OS uptime: 0 days 7:39 hours

CPU: total 4 (initial active 4) (4 cores per cpu, 1 threads per core) family 6 model 122 stepping 1 microcode 0x2e, cx8, cmov, fxsr, mmx, 3dnowpref, sse, sse2, sse3, ssse3, sse4.1, sse4.2, popcnt, tsc, tscinvbit, aes, erms, clmul, sha, clflush, clflushopt

Memory: 4k page, system-wide physical 3927M (148M free)
TotalPageFile size 3927M (AvailPageFile size 5M)
current process WorkingSet (physical memory assigned to process): 106M, peak: 106M
current process commit charge ("private bytes"): 176M, peak: 179M

vm_info: OpenJDK 64-Bit Server VM (17.0.7+7) for windows-amd64 JRE (17.0.7+7), built on Apr 18 2023 22:10:42 by "temurin" with MS VC++ 16.7 (VS2019)

END.
