#
# There is insufficient memory for the Java Runtime Environment to continue.
# Native memory allocation (malloc) failed to allocate 32744 bytes for ChunkPool::allocate
# Possible reasons:
#   The system is out of physical RAM or swap space
#   The process is running with CompressedOops enabled, and the Java Heap may be blocking the growth of the native heap
# Possible solutions:
#   Reduce memory load on the system
#   Increase physical memory or swap space
#   Check if swap backing store is full
#   Decrease Java heap size (-Xmx/-Xms)
#   Decrease number of Java threads
#   Decrease Java thread stack sizes (-Xss)
#   Set larger code cache with -XX:ReservedCodeCacheSize=
#   JVM is running with Unscaled Compressed Oops mode in which the Java heap is
#     placed in the first 4GB address space. The Java Heap base address is the
#     maximum limit for the native heap growth. Please use -XX:HeapBaseMinAddress
#     to set the Java Heap base and to place the Java Heap above 4GB virtual address.
# This output file may be truncated or incomplete.
#
#  Out of Memory Error (arena.cpp:78), pid=4584, tid=7316
#
# JRE version: OpenJDK Runtime Environment Temurin-17.0.7+7 (17.0.7+7) (build 17.0.7+7)
# Java VM: OpenJDK 64-Bit Server VM Temurin-17.0.7+7 (17.0.7+7, mixed mode, sharing, tiered, compressed oops, compressed class ptrs, g1 gc, windows-amd64)
# No core dump will be written. Minidumps are not enabled by default on client versions of Windows
#

---------------  S U M M A R Y ------------

Command Line: --module-path=C:\Users\USUARIO\Documents\Proyecto Final POO\POO-P3-G10-Parcial2\target\classes;C:\Users\USUARIO\.m2\repository\org\openjfx\javafx-base\13\javafx-base-13-win.jar;C:\Users\USUARIO\.m2\repository\org\openjfx\javafx-controls\13\javafx-controls-13-win.jar;C:\Users\USUARIO\.m2\repository\org\openjfx\javafx-fxml\13\javafx-fxml-13-win.jar;C:\Users\USUARIO\.m2\repository\org\openjfx\javafx-graphics\13\javafx-graphics-13-win.jar --add-modules=com.mycompany.millonariogameapp -Djdk.module.main=com.mycompany.millonariogameapp com.mycompany.millonariogameapp/com.mycompany.millonariogameapp.App

Host: Intel(R) Pentium(R) Silver N5000 CPU @ 1.10GHz, 4 cores, 3G,  Windows 10 , 64 bit Build 19041 (10.0.19041.928)
Time: Sat Aug 12 16:28:28 2023 Hora est. Pacífico, Sudamérica elapsed time: 5.956748 seconds (0d 0h 0m 5s)

---------------  T H R E A D  ---------------

Current thread (0x0000022a38efda70):  JavaThread "C2 CompilerThread0" daemon [_thread_in_native, id=7316, stack(0x000000dfd1100000,0x000000dfd1200000)]


Current CompileTask:
C2:   5956 2082       4       java.lang.invoke.MethodType::makeImpl (109 bytes)

Stack: [0x000000dfd1100000,0x000000dfd1200000]
Native frames: (J=compiled Java code, j=interpreted, Vv=VM code, C=native code)
V  [jvm.dll+0x67754a]
V  [jvm.dll+0x834304]
V  [jvm.dll+0x835aae]
V  [jvm.dll+0x836113]
V  [jvm.dll+0x24696f]
V  [jvm.dll+0xac2cc]
V  [jvm.dll+0xac67c]
V  [jvm.dll+0x618663]
V  [jvm.dll+0x3490d5]
V  [jvm.dll+0x349de4]
V  [jvm.dll+0x345f6c]
V  [jvm.dll+0x34b723]
V  [jvm.dll+0x33f610]
V  [jvm.dll+0x6916d0]
V  [jvm.dll+0x68a8bc]
V  [jvm.dll+0x68c2b0]
V  [jvm.dll+0x68f661]
V  [jvm.dll+0x68794b]
V  [jvm.dll+0x686f87]
V  [jvm.dll+0x684e82]
V  [jvm.dll+0x1a7fdc]
V  [jvm.dll+0x1a8ba6]
V  [jvm.dll+0x2ace54]
V  [jvm.dll+0x68f857]
V  [jvm.dll+0x68794b]
V  [jvm.dll+0x686f87]
V  [jvm.dll+0x684e82]
V  [jvm.dll+0x1a7fdc]
V  [jvm.dll+0x1a8ba6]
V  [jvm.dll+0x2ace54]
V  [jvm.dll+0x68f857]
V  [jvm.dll+0x68794b]
V  [jvm.dll+0x686f87]
V  [jvm.dll+0x684e82]
V  [jvm.dll+0x1a7fdc]
V  [jvm.dll+0x218628]
V  [jvm.dll+0x1a4d8d]
V  [jvm.dll+0x2284da]
V  [jvm.dll+0x226615]
V  [jvm.dll+0x7ea90b]
V  [jvm.dll+0x7e4e7a]
V  [jvm.dll+0x676395]
C  [ucrtbase.dll+0x21bb2]
C  [KERNEL32.DLL+0x17034]
C  [ntdll.dll+0x52651]


---------------  P R O C E S S  ---------------

Threads class SMR info:
_java_thread_list=0x0000022a4371ae00, length=19, elements={
0x0000022a1daecf30, 0x0000022a38ee13b0, 0x0000022a38ee1f60, 0x0000022a38ef45f0,
0x0000022a38ef6fb0, 0x0000022a38ef7b70, 0x0000022a38ef9d40, 0x0000022a38efda70,
0x0000022a38effee0, 0x0000022a38f0e420, 0x0000022a38ecc4e0, 0x0000022a3d2cca80,
0x0000022a3d3e5dc0, 0x0000022a3d80d8f0, 0x0000022a3d80ddc0, 0x0000022a3d909fa0,
0x0000022a3d846010, 0x0000022a3dc79a20, 0x0000022a437af1f0
}

Java Threads: ( => current thread )
  0x0000022a1daecf30 JavaThread "main" [_thread_blocked, id=4388, stack(0x000000dfd0400000,0x000000dfd0500000)]
  0x0000022a38ee13b0 JavaThread "Reference Handler" daemon [_thread_blocked, id=2380, stack(0x000000dfd0b00000,0x000000dfd0c00000)]
  0x0000022a38ee1f60 JavaThread "Finalizer" daemon [_thread_blocked, id=2476, stack(0x000000dfd0c00000,0x000000dfd0d00000)]
  0x0000022a38ef45f0 JavaThread "Signal Dispatcher" daemon [_thread_blocked, id=3180, stack(0x000000dfd0d00000,0x000000dfd0e00000)]
  0x0000022a38ef6fb0 JavaThread "Attach Listener" daemon [_thread_blocked, id=5200, stack(0x000000dfd0e00000,0x000000dfd0f00000)]
  0x0000022a38ef7b70 JavaThread "Service Thread" daemon [_thread_blocked, id=7180, stack(0x000000dfd0f00000,0x000000dfd1000000)]
  0x0000022a38ef9d40 JavaThread "Monitor Deflation Thread" daemon [_thread_blocked, id=4320, stack(0x000000dfd1000000,0x000000dfd1100000)]
=>0x0000022a38efda70 JavaThread "C2 CompilerThread0" daemon [_thread_in_native, id=7316, stack(0x000000dfd1100000,0x000000dfd1200000)]
  0x0000022a38effee0 JavaThread "C1 CompilerThread0" daemon [_thread_blocked, id=5068, stack(0x000000dfd1200000,0x000000dfd1300000)]
  0x0000022a38f0e420 JavaThread "Sweeper thread" daemon [_thread_blocked, id=2088, stack(0x000000dfd1300000,0x000000dfd1400000)]
  0x0000022a38ecc4e0 JavaThread "Common-Cleaner" daemon [_thread_blocked, id=6304, stack(0x000000dfd1400000,0x000000dfd1500000)]
  0x0000022a3d2cca80 JavaThread "Notification Thread" daemon [_thread_blocked, id=2624, stack(0x000000dfd1500000,0x000000dfd1600000)]
  0x0000022a3d3e5dc0 JavaThread "QuantumRenderer-0" daemon [_thread_blocked, id=3588, stack(0x000000dfd1700000,0x000000dfd1800000)]
  0x0000022a3d80d8f0 JavaThread "InvokeLaterDispatcher" daemon [_thread_blocked, id=2112, stack(0x000000dfd1b00000,0x000000dfd1c00000)]
  0x0000022a3d80ddc0 JavaThread "JavaFX Application Thread" [_thread_in_vm, id=2676, stack(0x000000dfd1c00000,0x000000dfd1d00000)]
  0x0000022a3d909fa0 JavaThread "Thread-1" daemon [_thread_in_native, id=5272, stack(0x000000dfd1d00000,0x000000dfd1e00000)]
  0x0000022a3d846010 JavaThread "JavaFX-Launcher" [_thread_blocked, id=6264, stack(0x000000dfd1e00000,0x000000dfd1f00000)]
  0x0000022a3dc79a20 JavaThread "Prism Font Disposer" daemon [_thread_blocked, id=8104, stack(0x000000dfd2200000,0x000000dfd2300000)]
  0x0000022a437af1f0 JavaThread "Cleaner-0" daemon [_thread_blocked, id=3284, stack(0x000000dfd2500000,0x000000dfd2600000)]

Other Threads:
  0x0000022a38edd510 VMThread "VM Thread" [stack: 0x000000dfd0a00000,0x000000dfd0b00000] [id=6860]
  0x0000022a1db7aa00 WatcherThread [stack: 0x000000dfd1600000,0x000000dfd1700000] [id=4516]
  0x0000022a1db27550 GCTaskThread "GC Thread#0" [stack: 0x000000dfd0500000,0x000000dfd0600000] [id=5280]
  0x0000022a3d7fa850 GCTaskThread "GC Thread#1" [stack: 0x000000dfd1800000,0x000000dfd1900000] [id=6388]
  0x0000022a3d81ca00 GCTaskThread "GC Thread#2" [stack: 0x000000dfd1900000,0x000000dfd1a00000] [id=6420]
  0x0000022a3d81ccb0 GCTaskThread "GC Thread#3" [stack: 0x000000dfd1a00000,0x000000dfd1b00000] [id=3172]
  0x0000022a1db2ff50 ConcurrentGCThread "G1 Main Marker" [stack: 0x000000dfd0600000,0x000000dfd0700000] [id=5008]
  0x0000022a1db30960 ConcurrentGCThread "G1 Conc#0" [stack: 0x000000dfd0700000,0x000000dfd0800000] [id=6412]
  0x0000022a38d90090 ConcurrentGCThread "G1 Refine#0" [stack: 0x000000dfd0800000,0x000000dfd0900000] [id=5932]
  0x0000022a38d90ab0 ConcurrentGCThread "G1 Service" [stack: 0x000000dfd0900000,0x000000dfd0a00000] [id=3680]

Threads with active compile tasks:
C2 CompilerThread0     6046 2082       4       java.lang.invoke.MethodType::makeImpl (109 bytes)

VM state: not at safepoint (normal execution)

VM Mutex/Monitor currently owned by a thread:  ([mutex/lock_event])
[0x0000022a1b9dd860] Metaspace_lock - owner thread: 0x0000022a3d80ddc0

Heap address: 0x00000000c2a00000, size: 982 MB, Compressed Oops mode: 32-bit

CDS archive(s) mapped at: [0x0000000800000000-0x0000000800bc0000-0x0000000800bc0000), size 12320768, SharedBaseAddress: 0x0000000800000000, ArchiveRelocationMode: 0.
Compressed class space mapped at: 0x0000000801000000-0x0000000841000000, reserved size: 1073741824
Narrow klass base: 0x0000000800000000, Narrow klass shift: 0, Narrow klass range: 0x100000000

GC Precious Log:
 CPUs: 4 total, 4 available
 Memory: 3927M
 Large Page Support: Disabled
 NUMA Support: Disabled
 Compressed Oops: Enabled (32-bit)
 Heap Region Size: 1M
 Heap Min Capacity: 8M
 Heap Initial Capacity: 62M
 Heap Max Capacity: 982M
 Pre-touch: Disabled
 Parallel Workers: 4
 Concurrent Workers: 1
 Concurrent Refinement Workers: 4
 Periodic GC: Disabled

Heap:
 garbage-first heap   total 63488K, used 36884K [0x00000000c2a00000, 0x0000000100000000)
  region size 1024K, 33 young (33792K), 3 survivors (3072K)
 Metaspace       used 15667K, committed 15936K, reserved 1114112K
  class space    used 2351K, committed 2496K, reserved 1048576K

Heap Regions: E=young(eden), S=young(survivor), O=old, HS=humongous(starts), HC=humongous(continues), CS=collection set, F=free, OA=open archive, CA=closed archive, TAMS=top-at-mark-start (previous, next)
|   0|0x00000000c2a00000, 0x00000000c2b00000, 0x00000000c2b00000|100%| O|  |TAMS 0x00000000c2a00000, 0x00000000c2a00000| Untracked 
|   1|0x00000000c2b00000, 0x00000000c2c00000, 0x00000000c2c00000|100%| O|  |TAMS 0x00000000c2b00000, 0x00000000c2b00000| Untracked 
|   2|0x00000000c2c00000, 0x00000000c2c05200, 0x00000000c2d00000|  2%| O|  |TAMS 0x00000000c2c00000, 0x00000000c2c00000| Untracked 
|   3|0x00000000c2d00000, 0x00000000c2e00000, 0x00000000c2e00000|100%|HS|  |TAMS 0x00000000c2d00000, 0x00000000c2d00000| Complete 
|   4|0x00000000c2e00000, 0x00000000c2f00000, 0x00000000c2f00000|100%|HC|  |TAMS 0x00000000c2e00000, 0x00000000c2e00000| Complete 
|   5|0x00000000c2f00000, 0x00000000c2f00000, 0x00000000c3000000|  0%| F|  |TAMS 0x00000000c2f00000, 0x00000000c2f00000| Untracked 
|   6|0x00000000c3000000, 0x00000000c3000000, 0x00000000c3100000|  0%| F|  |TAMS 0x00000000c3000000, 0x00000000c3000000| Untracked 
|   7|0x00000000c3100000, 0x00000000c3100000, 0x00000000c3200000|  0%| F|  |TAMS 0x00000000c3100000, 0x00000000c3100000| Untracked 
|   8|0x00000000c3200000, 0x00000000c3200000, 0x00000000c3300000|  0%| F|  |TAMS 0x00000000c3200000, 0x00000000c3200000| Untracked 
|   9|0x00000000c3300000, 0x00000000c3300000, 0x00000000c3400000|  0%| F|  |TAMS 0x00000000c3300000, 0x00000000c3300000| Untracked 
|  10|0x00000000c3400000, 0x00000000c3400000, 0x00000000c3500000|  0%| F|  |TAMS 0x00000000c3400000, 0x00000000c3400000| Untracked 
|  11|0x00000000c3500000, 0x00000000c3500000, 0x00000000c3600000|  0%| F|  |TAMS 0x00000000c3500000, 0x00000000c3500000| Untracked 
|  12|0x00000000c3600000, 0x00000000c3600000, 0x00000000c3700000|  0%| F|  |TAMS 0x00000000c3600000, 0x00000000c3600000| Untracked 
|  13|0x00000000c3700000, 0x00000000c3700000, 0x00000000c3800000|  0%| F|  |TAMS 0x00000000c3700000, 0x00000000c3700000| Untracked 
|  14|0x00000000c3800000, 0x00000000c3800000, 0x00000000c3900000|  0%| F|  |TAMS 0x00000000c3800000, 0x00000000c3800000| Untracked 
|  15|0x00000000c3900000, 0x00000000c3900000, 0x00000000c3a00000|  0%| F|  |TAMS 0x00000000c3900000, 0x00000000c3900000| Untracked 
|  16|0x00000000c3a00000, 0x00000000c3a00000, 0x00000000c3b00000|  0%| F|  |TAMS 0x00000000c3a00000, 0x00000000c3a00000| Untracked 
|  17|0x00000000c3b00000, 0x00000000c3b00000, 0x00000000c3c00000|  0%| F|  |TAMS 0x00000000c3b00000, 0x00000000c3b00000| Untracked 
|  18|0x00000000c3c00000, 0x00000000c3c00000, 0x00000000c3d00000|  0%| F|  |TAMS 0x00000000c3c00000, 0x00000000c3c00000| Untracked 
|  19|0x00000000c3d00000, 0x00000000c3d00000, 0x00000000c3e00000|  0%| F|  |TAMS 0x00000000c3d00000, 0x00000000c3d00000| Untracked 
|  20|0x00000000c3e00000, 0x00000000c3e00000, 0x00000000c3f00000|  0%| F|  |TAMS 0x00000000c3e00000, 0x00000000c3e00000| Untracked 
|  21|0x00000000c3f00000, 0x00000000c3f00000, 0x00000000c4000000|  0%| F|  |TAMS 0x00000000c3f00000, 0x00000000c3f00000| Untracked 
|  22|0x00000000c4000000, 0x00000000c4000000, 0x00000000c4100000|  0%| F|  |TAMS 0x00000000c4000000, 0x00000000c4000000| Untracked 
|  23|0x00000000c4100000, 0x00000000c4100000, 0x00000000c4200000|  0%| F|  |TAMS 0x00000000c4100000, 0x00000000c4100000| Untracked 
|  24|0x00000000c4200000, 0x00000000c4200000, 0x00000000c4300000|  0%| F|  |TAMS 0x00000000c4200000, 0x00000000c4200000| Untracked 
|  25|0x00000000c4300000, 0x00000000c4300000, 0x00000000c4400000|  0%| F|  |TAMS 0x00000000c4300000, 0x00000000c4300000| Untracked 
|  26|0x00000000c4400000, 0x00000000c4400000, 0x00000000c4500000|  0%| F|  |TAMS 0x00000000c4400000, 0x00000000c4400000| Untracked 
|  27|0x00000000c4500000, 0x00000000c4500000, 0x00000000c4600000|  0%| F|  |TAMS 0x00000000c4500000, 0x00000000c4500000| Untracked 
|  28|0x00000000c4600000, 0x00000000c4600000, 0x00000000c4700000|  0%| F|  |TAMS 0x00000000c4600000, 0x00000000c4600000| Untracked 
|  29|0x00000000c4700000, 0x00000000c4800000, 0x00000000c4800000|100%| E|  |TAMS 0x00000000c4700000, 0x00000000c4700000| Complete 
|  30|0x00000000c4800000, 0x00000000c4900000, 0x00000000c4900000|100%| E|CS|TAMS 0x00000000c4800000, 0x00000000c4800000| Complete 
|  31|0x00000000c4900000, 0x00000000c4a00000, 0x00000000c4a00000|100%| E|CS|TAMS 0x00000000c4900000, 0x00000000c4900000| Complete 
|  32|0x00000000c4a00000, 0x00000000c4b00000, 0x00000000c4b00000|100%| E|CS|TAMS 0x00000000c4a00000, 0x00000000c4a00000| Complete 
|  33|0x00000000c4b00000, 0x00000000c4c00000, 0x00000000c4c00000|100%| E|CS|TAMS 0x00000000c4b00000, 0x00000000c4b00000| Complete 
|  34|0x00000000c4c00000, 0x00000000c4d00000, 0x00000000c4d00000|100%| E|CS|TAMS 0x00000000c4c00000, 0x00000000c4c00000| Complete 
|  35|0x00000000c4d00000, 0x00000000c4e00000, 0x00000000c4e00000|100%| E|CS|TAMS 0x00000000c4d00000, 0x00000000c4d00000| Complete 
|  36|0x00000000c4e00000, 0x00000000c4f00000, 0x00000000c4f00000|100%| E|CS|TAMS 0x00000000c4e00000, 0x00000000c4e00000| Complete 
|  37|0x00000000c4f00000, 0x00000000c5000000, 0x00000000c5000000|100%| E|CS|TAMS 0x00000000c4f00000, 0x00000000c4f00000| Complete 
|  38|0x00000000c5000000, 0x00000000c5100000, 0x00000000c5100000|100%| E|CS|TAMS 0x00000000c5000000, 0x00000000c5000000| Complete 
|  39|0x00000000c5100000, 0x00000000c5200000, 0x00000000c5200000|100%| E|CS|TAMS 0x00000000c5100000, 0x00000000c5100000| Complete 
|  40|0x00000000c5200000, 0x00000000c5300000, 0x00000000c5300000|100%| S|CS|TAMS 0x00000000c5200000, 0x00000000c5200000| Complete 
|  41|0x00000000c5300000, 0x00000000c5400000, 0x00000000c5400000|100%| S|CS|TAMS 0x00000000c5300000, 0x00000000c5300000| Complete 
|  42|0x00000000c5400000, 0x00000000c5500000, 0x00000000c5500000|100%| S|CS|TAMS 0x00000000c5400000, 0x00000000c5400000| Complete 
|  43|0x00000000c5500000, 0x00000000c5600000, 0x00000000c5600000|100%| E|CS|TAMS 0x00000000c5500000, 0x00000000c5500000| Complete 
|  44|0x00000000c5600000, 0x00000000c5700000, 0x00000000c5700000|100%| E|CS|TAMS 0x00000000c5600000, 0x00000000c5600000| Complete 
|  45|0x00000000c5700000, 0x00000000c5800000, 0x00000000c5800000|100%| E|CS|TAMS 0x00000000c5700000, 0x00000000c5700000| Complete 
|  46|0x00000000c5800000, 0x00000000c5900000, 0x00000000c5900000|100%| E|CS|TAMS 0x00000000c5800000, 0x00000000c5800000| Complete 
|  47|0x00000000c5900000, 0x00000000c5a00000, 0x00000000c5a00000|100%| E|CS|TAMS 0x00000000c5900000, 0x00000000c5900000| Complete 
|  48|0x00000000c5a00000, 0x00000000c5b00000, 0x00000000c5b00000|100%| E|CS|TAMS 0x00000000c5a00000, 0x00000000c5a00000| Complete 
|  49|0x00000000c5b00000, 0x00000000c5c00000, 0x00000000c5c00000|100%| E|CS|TAMS 0x00000000c5b00000, 0x00000000c5b00000| Complete 
|  50|0x00000000c5c00000, 0x00000000c5d00000, 0x00000000c5d00000|100%| E|CS|TAMS 0x00000000c5c00000, 0x00000000c5c00000| Complete 
|  51|0x00000000c5d00000, 0x00000000c5e00000, 0x00000000c5e00000|100%| E|CS|TAMS 0x00000000c5d00000, 0x00000000c5d00000| Complete 
|  52|0x00000000c5e00000, 0x00000000c5f00000, 0x00000000c5f00000|100%| E|CS|TAMS 0x00000000c5e00000, 0x00000000c5e00000| Complete 
|  53|0x00000000c5f00000, 0x00000000c6000000, 0x00000000c6000000|100%| E|CS|TAMS 0x00000000c5f00000, 0x00000000c5f00000| Complete 
|  54|0x00000000c6000000, 0x00000000c6100000, 0x00000000c6100000|100%| E|CS|TAMS 0x00000000c6000000, 0x00000000c6000000| Complete 
|  55|0x00000000c6100000, 0x00000000c6200000, 0x00000000c6200000|100%| E|CS|TAMS 0x00000000c6100000, 0x00000000c6100000| Complete 
|  56|0x00000000c6200000, 0x00000000c6300000, 0x00000000c6300000|100%| E|CS|TAMS 0x00000000c6200000, 0x00000000c6200000| Complete 
|  57|0x00000000c6300000, 0x00000000c6400000, 0x00000000c6400000|100%| E|CS|TAMS 0x00000000c6300000, 0x00000000c6300000| Complete 
|  58|0x00000000c6400000, 0x00000000c6500000, 0x00000000c6500000|100%| E|CS|TAMS 0x00000000c6400000, 0x00000000c6400000| Complete 
|  59|0x00000000c6500000, 0x00000000c6600000, 0x00000000c6600000|100%| E|CS|TAMS 0x00000000c6500000, 0x00000000c6500000| Complete 
|  60|0x00000000c6600000, 0x00000000c6700000, 0x00000000c6700000|100%| E|CS|TAMS 0x00000000c6600000, 0x00000000c6600000| Complete 
|  61|0x00000000c6700000, 0x00000000c6800000, 0x00000000c6800000|100%| E|CS|TAMS 0x00000000c6700000, 0x00000000c6700000| Complete 

Card table byte_map: [0x0000022a347b0000,0x0000022a349a0000] _byte_map_base: 0x0000022a3419b000

Marking Bits (Prev, Next): (CMBitMap*) 0x0000022a1db27b60, (CMBitMap*) 0x0000022a1db27ba0
 Prev Bits: [0x0000022a34b90000, 0x0000022a35ae8000)
 Next Bits: [0x0000022a35af0000, 0x0000022a36a48000)

Polling page: 0x0000022a1b8c0000

Metaspace:

Usage:
  Non-class:     13.00 MB used.
      Class:      2.30 MB used.
       Both:     15.30 MB used.

Virtual space:
  Non-class space:       64.00 MB reserved,      13.12 MB ( 21%) committed,  1 nodes.
      Class space:        1.00 GB reserved,       2.44 MB ( <1%) committed,  1 nodes.
             Both:        1.06 GB reserved,      15.56 MB (  1%) committed. 

Chunk freelists:
   Non-Class:  2.23 MB
       Class:  13.59 MB
        Both:  15.83 MB

MaxMetaspaceSize: unlimited
CompressedClassSpaceSize: 1.00 GB
Initial GC threshold: 21.00 MB
Current GC threshold: 21.00 MB
CDS: on
MetaspaceReclaimPolicy: balanced
 - commit_granule_bytes: 65536.
 - commit_granule_words: 8192.
 - virtual_space_node_default_size: 8388608.
 - enlarge_chunks_in_place: 1.
 - new_chunks_are_fully_committed: 0.
 - uncommit_free_chunks: 1.
 - use_allocation_guard: 0.
 - handle_deallocations: 1.


Internal statistics:

num_allocs_failed_limit: 0.
num_arena_births: 220.
num_arena_deaths: 0.
num_vsnodes_births: 2.
num_vsnodes_deaths: 0.
num_space_committed: 249.
num_space_uncommitted: 0.
num_chunks_returned_to_freelist: 0.
num_chunks_taken_from_freelist: 710.
num_chunk_merges: 0.
num_chunk_splits: 491.
num_chunks_enlarged: 378.
num_inconsistent_stats: 0.

CodeHeap 'non-profiled nmethods': size=120000Kb used=656Kb max_used=656Kb free=119343Kb
 bounds [0x0000022a2d090000, 0x0000022a2d300000, 0x0000022a345c0000]
CodeHeap 'profiled nmethods': size=120000Kb used=3915Kb max_used=3915Kb free=116084Kb
 bounds [0x0000022a255c0000, 0x0000022a259a0000, 0x0000022a2caf0000]
CodeHeap 'non-nmethods': size=5760Kb used=1417Kb max_used=1425Kb free=4342Kb
 bounds [0x0000022a2caf0000, 0x0000022a2cd60000, 0x0000022a2d090000]
 total_blobs=2896 nmethods=2115 adapters=694
 compilation: enabled
              stopped_count=0, restarted_count=0
 full_count=0

Compilation events (20 events):
Event: 5.934 Thread 0x0000022a38efda70 2082       4       java.lang.invoke.MethodType::makeImpl (109 bytes)
Event: 5.934 Thread 0x0000022a38effee0 nmethod 2075 0x0000022a2596bd10 code [0x0000022a2596c040, 0x0000022a2596d138]
Event: 5.934 Thread 0x0000022a38effee0 2076   !   3       java.lang.invoke.BootstrapMethodInvoker::invoke (974 bytes)
Event: 5.941 Thread 0x0000022a38effee0 nmethod 2076 0x0000022a2596dd10 code [0x0000022a2596e520, 0x0000022a25975558]
Event: 5.941 Thread 0x0000022a38effee0 2078       3       java.lang.invoke.BootstrapMethodInvoker::widenAndCast (47 bytes)
Event: 5.942 Thread 0x0000022a38effee0 nmethod 2078 0x0000022a25978790 code [0x0000022a25978a00, 0x0000022a25979398]
Event: 5.942 Thread 0x0000022a38effee0 2077       3       java.lang.invoke.MethodHandleNatives::staticArgumentsPulled (5 bytes)
Event: 5.942 Thread 0x0000022a38effee0 nmethod 2077 0x0000022a25979690 code [0x0000022a25979820, 0x0000022a25979a18]
Event: 5.942 Thread 0x0000022a38effee0 2079       3       java.lang.invoke.ConstantCallSite::dynamicInvoker (5 bytes)
Event: 5.943 Thread 0x0000022a38effee0 nmethod 2079 0x0000022a25979a90 code [0x0000022a25979c40, 0x0000022a25979ec8]
Event: 5.943 Thread 0x0000022a38effee0 2080       3       java.lang.invoke.Invokers::linkToTargetMethod (11 bytes)
Event: 5.943 Thread 0x0000022a38effee0 nmethod 2080 0x0000022a2597a010 code [0x0000022a2597a1a0, 0x0000022a2597a2c8]
Event: 5.943 Thread 0x0000022a38effee0 2081       3       java.lang.invoke.Invokers::callSiteForm (308 bytes)
Event: 5.944 Thread 0x0000022a38effee0 nmethod 2081 0x0000022a2597a390 code [0x0000022a2597a6c0, 0x0000022a2597bd88]
Event: 5.944 Thread 0x0000022a38effee0 2072       3       java.lang.invoke.MethodHandles$Lookup::getDirectConstructor (10 bytes)
Event: 5.944 Thread 0x0000022a38effee0 nmethod 2072 0x0000022a2597c690 code [0x0000022a2597c820, 0x0000022a2597c968]
Event: 5.946 Thread 0x0000022a38effee0 2083       3       javafx.collections.ObservableListBase::addListener (13 bytes)
Event: 5.947 Thread 0x0000022a38effee0 nmethod 2083 0x0000022a2597ca10 code [0x0000022a2597cc00, 0x0000022a2597d238]
Event: 5.950 Thread 0x0000022a38effee0 2086       3       java.lang.invoke.DirectMethodHandle::shouldBeInitialized (127 bytes)
Event: 5.951 Thread 0x0000022a38effee0 nmethod 2086 0x0000022a2597d410 code [0x0000022a2597d680, 0x0000022a2597e078]

GC Heap History (4 events):
Event: 0.603 GC heap before
{Heap before GC invocations=0 (full 0):
 garbage-first heap   total 63488K, used 13312K [0x00000000c2a00000, 0x0000000100000000)
  region size 1024K, 13 young (13312K), 0 survivors (0K)
 Metaspace       used 2660K, committed 2880K, reserved 1114112K
  class space    used 290K, committed 384K, reserved 1048576K
}
Event: 0.608 GC heap after
{Heap after GC invocations=1 (full 0):
 garbage-first heap   total 63488K, used 1728K [0x00000000c2a00000, 0x0000000100000000)
  region size 1024K, 2 young (2048K), 2 survivors (2048K)
 Metaspace       used 2660K, committed 2880K, reserved 1114112K
  class space    used 290K, committed 384K, reserved 1048576K
}
Event: 1.032 GC heap before
{Heap before GC invocations=1 (full 0):
 garbage-first heap   total 63488K, used 18112K [0x00000000c2a00000, 0x0000000100000000)
  region size 1024K, 19 young (19456K), 2 survivors (2048K)
 Metaspace       used 8151K, committed 8320K, reserved 1114112K
  class space    used 1048K, committed 1152K, reserved 1048576K
}
Event: 1.038 GC heap after
{Heap after GC invocations=2 (full 0):
 garbage-first heap   total 63488K, used 5140K [0x00000000c2a00000, 0x0000000100000000)
  region size 1024K, 3 young (3072K), 3 survivors (3072K)
 Metaspace       used 8151K, committed 8320K, reserved 1114112K
  class space    used 1048K, committed 1152K, reserved 1048576K
}

Dll operation events (20 events):
Event: 0.460 Loaded shared library C:\Users\USUARIO\.openjfx\cache\13\api-ms-win-crt-filesystem-l1-1-0.dll
Event: 0.463 Loaded shared library C:\Users\USUARIO\.openjfx\cache\13\api-ms-win-crt-heap-l1-1-0.dll
Event: 0.466 Loaded shared library C:\Users\USUARIO\.openjfx\cache\13\api-ms-win-crt-locale-l1-1-0.dll
Event: 0.470 Loaded shared library C:\Users\USUARIO\.openjfx\cache\13\api-ms-win-crt-math-l1-1-0.dll
Event: 0.474 Loaded shared library C:\Users\USUARIO\.openjfx\cache\13\api-ms-win-crt-multibyte-l1-1-0.dll
Event: 0.478 Loaded shared library C:\Users\USUARIO\.openjfx\cache\13\api-ms-win-crt-private-l1-1-0.dll
Event: 0.481 Loaded shared library C:\Users\USUARIO\.openjfx\cache\13\api-ms-win-crt-process-l1-1-0.dll
Event: 0.485 Loaded shared library C:\Users\USUARIO\.openjfx\cache\13\api-ms-win-crt-runtime-l1-1-0.dll
Event: 0.488 Loaded shared library C:\Users\USUARIO\.openjfx\cache\13\api-ms-win-crt-stdio-l1-1-0.dll
Event: 0.491 Loaded shared library C:\Users\USUARIO\.openjfx\cache\13\api-ms-win-crt-string-l1-1-0.dll
Event: 0.494 Loaded shared library C:\Users\USUARIO\.openjfx\cache\13\api-ms-win-crt-time-l1-1-0.dll
Event: 0.498 Loaded shared library C:\Users\USUARIO\.openjfx\cache\13\api-ms-win-crt-utility-l1-1-0.dll
Event: 0.516 Loaded shared library C:\Users\USUARIO\.openjfx\cache\13\ucrtbase.dll
Event: 0.520 Loaded shared library C:\Users\USUARIO\.openjfx\cache\13\vcruntime140.dll
Event: 0.532 Loaded shared library C:\Users\USUARIO\.openjfx\cache\13\msvcp140.dll
Event: 0.539 Loaded shared library C:\Users\USUARIO\.openjfx\cache\13\concrt140.dll
Event: 0.590 Loaded shared library C:\Users\USUARIO\.openjfx\cache\13\prism_d3d.dll
Event: 0.636 Loaded shared library C:\Users\USUARIO\.openjfx\cache\13\glass.dll
Event: 0.781 Loaded shared library C:\Program Files\Eclipse Adoptium\jdk-17.0.7.7-hotspot\bin\jimage.dll
Event: 0.994 Loaded shared library C:\Users\USUARIO\.openjfx\cache\13\javafx_font.dll

Deoptimization events (20 events):
Event: 1.339 Thread 0x0000022a3d80ddc0 DEOPT PACKING pc=0x0000022a2d0a7694 sp=0x000000dfd1cfd7f0
Event: 1.339 Thread 0x0000022a3d80ddc0 DEOPT UNPACKING pc=0x0000022a2cb4699d sp=0x000000dfd1cfd798 mode 2
Event: 1.389 Thread 0x0000022a3d80ddc0 Uncommon trap: trap_request=0xffffffde fr.pc=0x0000022a2d0a7694 relative=0x0000000000000194
Event: 1.389 Thread 0x0000022a3d80ddc0 Uncommon trap: reason=class_check action=maybe_recompile pc=0x0000022a2d0a7694 method=java.lang.String.equals(Ljava/lang/Object;)Z @ 8 c2
Event: 1.389 Thread 0x0000022a3d80ddc0 DEOPT PACKING pc=0x0000022a2d0a7694 sp=0x000000dfd1cfd440
Event: 1.389 Thread 0x0000022a3d80ddc0 DEOPT UNPACKING pc=0x0000022a2cb4699d sp=0x000000dfd1cfd3e8 mode 2
Event: 1.434 Thread 0x0000022a3d80ddc0 Uncommon trap: trap_request=0xffffff45 fr.pc=0x0000022a2d0eccd0 relative=0x00000000000001d0
Event: 1.434 Thread 0x0000022a3d80ddc0 Uncommon trap: reason=unstable_if action=reinterpret pc=0x0000022a2d0eccd0 method=java.io.ByteArrayInputStream.read()I @ 8 c2
Event: 1.434 Thread 0x0000022a3d80ddc0 DEOPT PACKING pc=0x0000022a2d0eccd0 sp=0x000000dfd1cfc690
Event: 1.434 Thread 0x0000022a3d80ddc0 DEOPT UNPACKING pc=0x0000022a2cb4699d sp=0x000000dfd1cfc648 mode 2
Event: 5.701 Thread 0x0000022a3d80ddc0 Uncommon trap: trap_request=0xffffffbe fr.pc=0x0000022a2d1254fc relative=0x000000000000053c
Event: 5.701 Thread 0x0000022a3d80ddc0 Uncommon trap: reason=profile_predicate action=maybe_recompile pc=0x0000022a2d1254fc method=java.lang.PublicMethods$MethodList.filter([Ljava/lang/reflect/Method;Ljava/lang/String;[Ljava/lang/Class;Z)Ljava/lang/PublicMethods$MethodList; @ 21 c2
Event: 5.701 Thread 0x0000022a3d80ddc0 DEOPT PACKING pc=0x0000022a2d1254fc sp=0x000000dfd1cfaa10
Event: 5.701 Thread 0x0000022a3d80ddc0 DEOPT UNPACKING pc=0x0000022a2cb4699d sp=0x000000dfd1cfa9a8 mode 2
Event: 5.776 Thread 0x0000022a3d80ddc0 Uncommon trap: trap_request=0xffffff45 fr.pc=0x0000022a2d11f758 relative=0x0000000000000058
Event: 5.776 Thread 0x0000022a3d80ddc0 Uncommon trap: reason=unstable_if action=reinterpret pc=0x0000022a2d11f758 method=java.util.HashMap.isEmpty()Z @ 4 c2
Event: 5.776 Thread 0x0000022a3d80ddc0 DEOPT PACKING pc=0x0000022a2d11f758 sp=0x000000dfd1cfb930
Event: 5.776 Thread 0x0000022a3d80ddc0 DEOPT UNPACKING pc=0x0000022a2cb4699d sp=0x000000dfd1cfb8c0 mode 2
Event: 5.827 Thread 0x0000022a3d80ddc0 DEOPT PACKING pc=0x0000022a257291d6 sp=0x000000dfd1cfcba0
Event: 5.827 Thread 0x0000022a3d80ddc0 DEOPT UNPACKING pc=0x0000022a2cb47124 sp=0x000000dfd1cfc040 mode 0

Classes unloaded (0 events):
No events

Classes redefined (0 events):
No events

Internal exceptions (20 events):
Event: 0.902 Thread 0x0000022a3d80ddc0 Exception <a 'sun/nio/fs/WindowsException'{0x00000000c5cc1a80}> (0x00000000c5cc1a80) 
thrown [s\src\hotspot\share\prims\jni.cpp, line 516]
Event: 0.910 Thread 0x0000022a3d80ddc0 Exception <a 'java/lang/ClassNotFoundException'{0x00000000c5cd7538}: sun/util/logging/resources/spi/loggingProvider> (0x00000000c5cd7538) 
thrown [s\src\hotspot\share\classfile\systemDictionary.cpp, line 256]
Event: 1.077 Thread 0x0000022a3d80ddc0 Exception <a 'java/lang/NoSuchMethodError'{0x00000000c66e5718}: 'void java.lang.invoke.DirectMethodHandle$Holder.invokeStaticInit(java.lang.Object, java.lang.Object)'> (0x00000000c66e5718) 
thrown [s\src\hotspot\share\interpreter\linkResolver.cpp, line 759]
Event: 1.183 Thread 0x0000022a3d80ddc0 Exception <a 'java/lang/NoSuchMethodError'{0x00000000c634bcf8}: static [Ljava/lang/StackTraceElement;.<clinit>()V> (0x00000000c634bcf8) 
thrown [s\src\hotspot\share\prims\jni.cpp, line 1107]
Event: 1.201 Thread 0x0000022a3d80ddc0 Implicit null exception at 0x0000022a2d0b1d59 to 0x0000022a2d0b1f88
Event: 1.220 Thread 0x0000022a3d80ddc0 Implicit null exception at 0x0000022a2d0ed333 to 0x0000022a2d0ed7cc
Event: 1.221 Thread 0x0000022a3d80ddc0 Implicit null exception at 0x0000022a2d0e9fb3 to 0x0000022a2d0ea3f0
Event: 1.377 Thread 0x0000022a3d80ddc0 Exception <a 'java/lang/NoSuchMethodError'{0x00000000c5d10c58}: 'java.lang.Object java.lang.invoke.DirectMethodHandle$Holder.invokeInterface(java.lang.Object, java.lang.Object, java.lang.Object)'> (0x00000000c5d10c58) 
thrown [s\src\hotspot\share\interpreter\linkResolver.cpp, line 759]
Event: 1.377 Thread 0x0000022a3d80ddc0 Exception <a 'java/lang/IncompatibleClassChangeError'{0x00000000c5d145e0}: Found class java.lang.Object, but interface was expected> (0x00000000c5d145e0) 
thrown [s\src\hotspot\share\interpreter\linkResolver.cpp, line 826]
Event: 1.457 Thread 0x0000022a3d80ddc0 Exception <a 'java/lang/NoSuchMethodError'{0x00000000c5cb9bb8}: 'java.lang.Object java.lang.invoke.DirectMethodHandle$Holder.newInvokeSpecial(java.lang.Object, java.lang.Object, int)'> (0x00000000c5cb9bb8) 
thrown [s\src\hotspot\share\interpreter\linkResolver.cpp, line 759]
Event: 1.487 Thread 0x0000022a3d3e5dc0 Exception <a 'java/lang/NoSuchMethodError'{0x00000000c5b37b98}: 'int java.lang.invoke.DirectMethodHandle$Holder.invokeStaticInit(java.lang.Object, java.lang.Object)'> (0x00000000c5b37b98) 
thrown [s\src\hotspot\share\interpreter\linkResolver.cpp, line 759]
Event: 5.520 Thread 0x0000022a3d80ddc0 Exception <a 'java/lang/NoSuchMethodError'{0x00000000c57a2cc0}: 'long java.lang.invoke.DirectMethodHandle$Holder.invokeStatic(java.lang.Object, java.lang.Object, java.lang.Object)'> (0x00000000c57a2cc0) 
thrown [s\src\hotspot\share\interpreter\linkResolver.cpp, line 759]
Event: 5.521 Thread 0x0000022a3d80ddc0 Exception <a 'java/lang/NoSuchMethodError'{0x00000000c57a6468}: 'long java.lang.invoke.DirectMethodHandle$Holder.invokeStaticInit(java.lang.Object, java.lang.Object, java.lang.Object)'> (0x00000000c57a6468) 
thrown [s\src\hotspot\share\interpreter\linkResolver.cpp, line 759]
Event: 5.524 Thread 0x0000022a3d80ddc0 Exception <a 'java/lang/NoSuchMethodError'{0x00000000c57be070}: 'java.lang.Object java.lang.invoke.DirectMethodHandle$Holder.newInvokeSpecial(java.lang.Object, java.lang.Object, long)'> (0x00000000c57be070) 
thrown [s\src\hotspot\share\interpreter\linkResolver.cpp, line 759]
Event: 5.524 Thread 0x0000022a3d80ddc0 Exception <a 'java/lang/NoSuchMethodError'{0x00000000c57c1be0}: 'java.lang.Object java.lang.invoke.Invokers$Holder.linkToTargetMethod(java.lang.Object, long, java.lang.Object)'> (0x00000000c57c1be0) 
thrown [s\src\hotspot\share\interpreter\linkResolver.cpp, line 759]
Event: 5.773 Thread 0x0000022a3d80ddc0 Exception <a 'java/lang/NullPointerException'{0x00000000c5088088}> (0x00000000c5088088) 
thrown [s\src\hotspot\share\interpreter\linkResolver.cpp, line 1350]
Event: 5.827 Thread 0x0000022a3d80ddc0 Exception <a 'java/lang/ClassNotFoundException'{0x00000000c4e4e568}: com/sun/javafx/scene/control/skin/resources/controls> (0x00000000c4e4e568) 
thrown [s\src\hotspot\share\prims\jni.cpp, line 535]
Event: 5.828 Thread 0x0000022a3d80ddc0 Exception <a 'java/lang/ClassNotFoundException'{0x00000000c4e5c050}: com/sun/javafx/scene/control/skin/resources/controls_es> (0x00000000c4e5c050) 
thrown [s\src\hotspot\share\prims\jni.cpp, line 535]
Event: 5.829 Thread 0x0000022a3d80ddc0 Exception <a 'java/lang/ClassNotFoundException'{0x00000000c4e6a818}: com/sun/javafx/scene/control/skin/resources/controls_es_EC> (0x00000000c4e6a818) 
thrown [s\src\hotspot\share\prims\jni.cpp, line 535]
Event: 5.872 Thread 0x0000022a3d80ddc0 Exception <a 'java/lang/NoSuchMethodError'{0x00000000c4de0d40}: 'void java.lang.invoke.DirectMethodHandle$Holder.invokeSpecial(java.lang.Object, java.lang.Object, java.lang.Object, java.lang.Object, java.lang.Object, java.lang.Object)'> (0x00000000c4de0d40) 
thrown [s\src\hotspot\share\interpreter\linkResolver.cpp, line 759]

VM Operations (20 events):
Event: 0.999 Executing VM operation: HandshakeAllThreads
Event: 0.999 Executing VM operation: HandshakeAllThreads done
Event: 1.032 Executing VM operation: G1CollectForAllocation
Event: 1.038 Executing VM operation: G1CollectForAllocation done
Event: 1.129 Executing VM operation: HandshakeAllThreads
Event: 1.129 Executing VM operation: HandshakeAllThreads done
Event: 1.174 Executing VM operation: HandshakeAllThreads
Event: 1.174 Executing VM operation: HandshakeAllThreads done
Event: 1.184 Executing VM operation: HandshakeAllThreads
Event: 1.184 Executing VM operation: HandshakeAllThreads done
Event: 2.184 Executing VM operation: Cleanup
Event: 2.184 Executing VM operation: Cleanup done
Event: 3.184 Executing VM operation: Cleanup
Event: 3.184 Executing VM operation: Cleanup done
Event: 5.869 Executing VM operation: HandshakeAllThreads
Event: 5.869 Executing VM operation: HandshakeAllThreads done
Event: 5.869 Executing VM operation: Cleanup
Event: 5.869 Executing VM operation: Cleanup done
Event: 5.948 Executing VM operation: HandshakeAllThreads
Event: 5.948 Executing VM operation: HandshakeAllThreads done

Events (20 events):
Event: 5.768 loading class jdk/internal/event/Event done
Event: 5.768 loading class jdk/internal/event/DeserializationEvent done
Event: 5.769 loading class java/io/ObjectInputStream$FieldValues
Event: 5.769 loading class java/io/ObjectInputStream$GetField
Event: 5.769 loading class java/io/ObjectInputStream$GetField done
Event: 5.769 loading class java/io/ObjectInputStream$FieldValues done
Event: 5.773 loading class java/io/WriteAbortedException
Event: 5.773 loading class java/io/WriteAbortedException done
Event: 5.914 loading class java/lang/FdLibm$Hypot
Event: 5.914 loading class java/lang/FdLibm$Hypot done
Event: 5.914 loading class java/lang/FdLibm
Event: 5.914 loading class java/lang/FdLibm done
Event: 5.944 loading class java/util/BitSet
Event: 5.944 loading class java/util/BitSet done
Event: 5.946 loading class java/util/BitSet$1BitSetSpliterator
Event: 5.947 loading class java/util/BitSet$1BitSetSpliterator done
Event: 5.948 loading class java/util/stream/IntPipeline$1
Event: 5.948 loading class java/util/stream/IntPipeline$1 done
Event: 5.948 loading class java/util/stream/IntPipeline$1$1
Event: 5.948 loading class java/util/stream/IntPipeline$1$1 done


Dynamic libraries:
0x00007ff6c0740000 - 0x00007ff6c074e000 	C:\Program Files\Eclipse Adoptium\jdk-17.0.7.7-hotspot\bin\java.exe
0x00007ff942bb0000 - 0x00007ff942da5000 	C:\Windows\SYSTEM32\ntdll.dll
0x00007ff9427a0000 - 0x00007ff94285d000 	C:\Windows\System32\KERNEL32.DLL
0x00007ff940630000 - 0x00007ff9408f8000 	C:\Windows\System32\KERNELBASE.dll
0x00007ff940330000 - 0x00007ff940430000 	C:\Windows\System32\ucrtbase.dll
0x00007ff93ad80000 - 0x00007ff93ad99000 	C:\Program Files\Eclipse Adoptium\jdk-17.0.7.7-hotspot\bin\VCRUNTIME140.dll
0x00007ff930bf0000 - 0x00007ff930c07000 	C:\Program Files\Eclipse Adoptium\jdk-17.0.7.7-hotspot\bin\jli.dll
0x00007ff9416a0000 - 0x00007ff941840000 	C:\Windows\System32\USER32.dll
0x00007ff940b40000 - 0x00007ff940b62000 	C:\Windows\System32\win32u.dll
0x00007ff940c50000 - 0x00007ff940c7a000 	C:\Windows\System32\GDI32.dll
0x00007ff940950000 - 0x00007ff940a5b000 	C:\Windows\System32\gdi32full.dll
0x00007ff92d6b0000 - 0x00007ff92d94a000 	C:\Windows\WinSxS\amd64_microsoft.windows.common-controls_6595b64144ccf1df_6.0.19041.844_none_ca00b6081b84eb1d\COMCTL32.dll
0x00007ff940430000 - 0x00007ff9404cd000 	C:\Windows\System32\msvcp_win.dll
0x00007ff940d80000 - 0x00007ff940e1e000 	C:\Windows\System32\msvcrt.dll
0x00007ff9422d0000 - 0x00007ff942300000 	C:\Windows\System32\IMM32.DLL
0x0000000075090000 - 0x000000007509c000 	C:\Program Files (x86)\360\Total Security\safemon\SafeWrapper.dll
0x00007ff9429c0000 - 0x00007ff942a6c000 	C:\Windows\System32\ADVAPI32.dll
0x00007ff940ce0000 - 0x00007ff940d7b000 	C:\Windows\System32\sechost.dll
0x00007ff942a70000 - 0x00007ff942b9b000 	C:\Windows\System32\RPCRT4.dll
0x00007ff92cec0000 - 0x00007ff92cf52000 	C:\Program Files (x86)\360\Total Security\safemon\libzdtp64.dll
0x00007ff940e20000 - 0x00007ff941562000 	C:\Windows\System32\SHELL32.dll
0x00007ff942670000 - 0x00007ff9426c5000 	C:\Windows\System32\SHLWAPI.dll
0x00007ff93fe10000 - 0x00007ff93fe1a000 	C:\Windows\SYSTEM32\VERSION.dll
0x00007ff93b3a0000 - 0x00007ff93b3ac000 	C:\Program Files\Eclipse Adoptium\jdk-17.0.7.7-hotspot\bin\vcruntime140_1.dll
0x00007ff92f410000 - 0x00007ff92f4a1000 	C:\Program Files\Eclipse Adoptium\jdk-17.0.7.7-hotspot\bin\msvcp140.dll
0x00007ff918950000 - 0x00007ff919598000 	C:\Program Files\Eclipse Adoptium\jdk-17.0.7.7-hotspot\bin\server\jvm.dll
0x00007ff921670000 - 0x00007ff921697000 	C:\Windows\SYSTEM32\WINMM.dll
0x00007ff93d910000 - 0x00007ff93d919000 	C:\Windows\SYSTEM32\WSOCK32.dll
0x00007ff942380000 - 0x00007ff9423eb000 	C:\Windows\System32\WS2_32.dll
0x00007ff93e3e0000 - 0x00007ff93e3f2000 	C:\Windows\SYSTEM32\kernel.appcore.dll
0x00007ff93acc0000 - 0x00007ff93acca000 	C:\Program Files\Eclipse Adoptium\jdk-17.0.7.7-hotspot\bin\jimage.dll
0x00007ff93e0e0000 - 0x00007ff93e2c4000 	C:\Windows\SYSTEM32\DBGHELP.DLL
0x00007ff923780000 - 0x00007ff9237ac000 	C:\Windows\SYSTEM32\dbgcore.DLL
0x00007ff940ac0000 - 0x00007ff940b40000 	C:\Windows\System32\bcryptPrimitives.dll
0x00007ff93a960000 - 0x00007ff93a985000 	C:\Program Files\Eclipse Adoptium\jdk-17.0.7.7-hotspot\bin\java.dll
0x00007ff935a40000 - 0x00007ff935b16000 	C:\Program Files\Eclipse Adoptium\jdk-17.0.7.7-hotspot\bin\jsvml.dll
0x00007ff93e400000 - 0x00007ff93eb91000 	C:\Windows\SYSTEM32\windows.storage.dll
0x00007ff941a50000 - 0x00007ff941da5000 	C:\Windows\System32\combase.dll
0x00007ff93fc60000 - 0x00007ff93fc8c000 	C:\Windows\SYSTEM32\Wldp.dll
0x00007ff941db0000 - 0x00007ff941e5e000 	C:\Windows\System32\SHCORE.dll
0x00007ff940270000 - 0x00007ff94028f000 	C:\Windows\SYSTEM32\profapi.dll
0x00007ff935a20000 - 0x00007ff935a39000 	C:\Program Files\Eclipse Adoptium\jdk-17.0.7.7-hotspot\bin\net.dll
0x00007ff9384d0000 - 0x00007ff9385db000 	C:\Windows\SYSTEM32\WINHTTP.dll
0x00007ff93f9d0000 - 0x00007ff93fa3a000 	C:\Windows\system32\mswsock.dll
0x00007ff935a00000 - 0x00007ff935a15000 	C:\Program Files\Eclipse Adoptium\jdk-17.0.7.7-hotspot\bin\nio.dll
0x00007ff9359e0000 - 0x00007ff9359f8000 	C:\Program Files\Eclipse Adoptium\jdk-17.0.7.7-hotspot\bin\zip.dll
0x0000022a1bc70000 - 0x0000022a1bc73000 	C:\Users\USUARIO\.openjfx\cache\13\api-ms-win-core-console-l1-1-0.dll
0x0000022a1da00000 - 0x0000022a1da03000 	C:\Users\USUARIO\.openjfx\cache\13\api-ms-win-core-datetime-l1-1-0.dll
0x0000022a1da10000 - 0x0000022a1da13000 	C:\Users\USUARIO\.openjfx\cache\13\api-ms-win-core-debug-l1-1-0.dll
0x0000022a1da20000 - 0x0000022a1da23000 	C:\Users\USUARIO\.openjfx\cache\13\api-ms-win-core-errorhandling-l1-1-0.dll
0x0000022a1da30000 - 0x0000022a1da34000 	C:\Users\USUARIO\.openjfx\cache\13\api-ms-win-core-file-l1-1-0.dll
0x0000022a1da40000 - 0x0000022a1da43000 	C:\Users\USUARIO\.openjfx\cache\13\api-ms-win-core-file-l1-2-0.dll
0x0000022a1da50000 - 0x0000022a1da53000 	C:\Users\USUARIO\.openjfx\cache\13\api-ms-win-core-file-l2-1-0.dll
0x0000022a1da60000 - 0x0000022a1da63000 	C:\Users\USUARIO\.openjfx\cache\13\api-ms-win-core-handle-l1-1-0.dll
0x0000022a1da70000 - 0x0000022a1da73000 	C:\Users\USUARIO\.openjfx\cache\13\api-ms-win-core-heap-l1-1-0.dll
0x0000022a1da80000 - 0x0000022a1da83000 	C:\Users\USUARIO\.openjfx\cache\13\api-ms-win-core-interlocked-l1-1-0.dll
0x0000022a1da90000 - 0x0000022a1da93000 	C:\Users\USUARIO\.openjfx\cache\13\api-ms-win-core-libraryloader-l1-1-0.dll
0x0000022a38f80000 - 0x0000022a38f83000 	C:\Users\USUARIO\.openjfx\cache\13\api-ms-win-core-localization-l1-2-0.dll
0x0000022a38f90000 - 0x0000022a38f93000 	C:\Users\USUARIO\.openjfx\cache\13\api-ms-win-core-memory-l1-1-0.dll
0x0000022a38fa0000 - 0x0000022a38fa3000 	C:\Users\USUARIO\.openjfx\cache\13\api-ms-win-core-namedpipe-l1-1-0.dll
0x0000022a38fb0000 - 0x0000022a38fb3000 	C:\Users\USUARIO\.openjfx\cache\13\api-ms-win-core-processenvironment-l1-1-0.dll
0x0000022a38fc0000 - 0x0000022a38fc3000 	C:\Users\USUARIO\.openjfx\cache\13\api-ms-win-core-processthreads-l1-1-0.dll
0x0000022a38fd0000 - 0x0000022a38fd3000 	C:\Users\USUARIO\.openjfx\cache\13\api-ms-win-core-processthreads-l1-1-1.dll
0x0000022a38fe0000 - 0x0000022a38fe3000 	C:\Users\USUARIO\.openjfx\cache\13\api-ms-win-core-profile-l1-1-0.dll
0x0000022a38ff0000 - 0x0000022a38ff3000 	C:\Users\USUARIO\.openjfx\cache\13\api-ms-win-core-rtlsupport-l1-1-0.dll
0x0000022a3dd20000 - 0x0000022a3dd23000 	C:\Users\USUARIO\.openjfx\cache\13\api-ms-win-core-string-l1-1-0.dll
0x0000022a3dd30000 - 0x0000022a3dd33000 	C:\Users\USUARIO\.openjfx\cache\13\api-ms-win-core-synch-l1-1-0.dll
0x0000022a3dd40000 - 0x0000022a3dd43000 	C:\Users\USUARIO\.openjfx\cache\13\api-ms-win-core-synch-l1-2-0.dll
0x0000022a3dd50000 - 0x0000022a3dd53000 	C:\Users\USUARIO\.openjfx\cache\13\api-ms-win-core-sysinfo-l1-1-0.dll
0x0000022a3dd60000 - 0x0000022a3dd63000 	C:\Users\USUARIO\.openjfx\cache\13\api-ms-win-core-timezone-l1-1-0.dll
0x0000022a3dd70000 - 0x0000022a3dd73000 	C:\Users\USUARIO\.openjfx\cache\13\api-ms-win-core-util-l1-1-0.dll
0x0000022a3dd80000 - 0x0000022a3dd83000 	C:\Users\USUARIO\.openjfx\cache\13\api-ms-win-crt-conio-l1-1-0.dll
0x0000022a3dd90000 - 0x0000022a3dd94000 	C:\Users\USUARIO\.openjfx\cache\13\api-ms-win-crt-convert-l1-1-0.dll
0x0000022a3dda0000 - 0x0000022a3dda3000 	C:\Users\USUARIO\.openjfx\cache\13\api-ms-win-crt-environment-l1-1-0.dll
0x0000022a3ddb0000 - 0x0000022a3ddb3000 	C:\Users\USUARIO\.openjfx\cache\13\api-ms-win-crt-filesystem-l1-1-0.dll
0x0000022a3ddc0000 - 0x0000022a3ddc3000 	C:\Users\USUARIO\.openjfx\cache\13\api-ms-win-crt-heap-l1-1-0.dll
0x0000022a3ddd0000 - 0x0000022a3ddd3000 	C:\Users\USUARIO\.openjfx\cache\13\api-ms-win-crt-locale-l1-1-0.dll
0x0000022a3dde0000 - 0x0000022a3dde5000 	C:\Users\USUARIO\.openjfx\cache\13\api-ms-win-crt-math-l1-1-0.dll
0x0000022a3ddf0000 - 0x0000022a3ddf5000 	C:\Users\USUARIO\.openjfx\cache\13\api-ms-win-crt-multibyte-l1-1-0.dll
0x0000022a3de00000 - 0x0000022a3de10000 	C:\Users\USUARIO\.openjfx\cache\13\api-ms-win-crt-private-l1-1-0.dll
0x0000022a3de10000 - 0x0000022a3de13000 	C:\Users\USUARIO\.openjfx\cache\13\api-ms-win-crt-process-l1-1-0.dll
0x0000022a3de20000 - 0x0000022a3de24000 	C:\Users\USUARIO\.openjfx\cache\13\api-ms-win-crt-runtime-l1-1-0.dll
0x0000022a3de30000 - 0x0000022a3de34000 	C:\Users\USUARIO\.openjfx\cache\13\api-ms-win-crt-stdio-l1-1-0.dll
0x0000022a3de40000 - 0x0000022a3de44000 	C:\Users\USUARIO\.openjfx\cache\13\api-ms-win-crt-string-l1-1-0.dll
0x0000022a3de50000 - 0x0000022a3de53000 	C:\Users\USUARIO\.openjfx\cache\13\api-ms-win-crt-time-l1-1-0.dll
0x0000022a3de60000 - 0x0000022a3de63000 	C:\Users\USUARIO\.openjfx\cache\13\api-ms-win-crt-utility-l1-1-0.dll
0x00007ff9180c0000 - 0x00007ff9181bc000 	C:\Users\USUARIO\.openjfx\cache\13\ucrtbase.dll
0x00007ff930bd0000 - 0x00007ff930be5000 	C:\Users\USUARIO\.openjfx\cache\13\vcruntime140.dll
0x00007ff919960000 - 0x00007ff9199fb000 	C:\Users\USUARIO\.openjfx\cache\13\msvcp140.dll
0x00007ff926b80000 - 0x00007ff926bd1000 	C:\Users\USUARIO\.openjfx\cache\13\concrt140.dll
0x00007ff92fe60000 - 0x00007ff92fe83000 	C:\Users\USUARIO\.openjfx\cache\13\prism_d3d.dll
0x00007ff917ef0000 - 0x00007ff9180be000 	C:\Windows\system32\d3d9.dll
0x00007ff93dd30000 - 0x00007ff93dd5f000 	C:\Windows\SYSTEM32\dwmapi.dll
0x00007ff93d9b0000 - 0x00007ff93da4e000 	C:\Windows\system32\uxtheme.dll
0x00007ff9360a0000 - 0x00007ff936796000 	C:\Windows\SYSTEM32\d3d10warp.dll
0x00007ff923fd0000 - 0x00007ff924015000 	C:\Users\USUARIO\.openjfx\cache\13\glass.dll
0x00007ff942870000 - 0x00007ff94294a000 	C:\Windows\System32\COMDLG32.dll
0x00007ff941570000 - 0x00007ff94169a000 	C:\Windows\System32\ole32.dll
0x00007ff9426d0000 - 0x00007ff94279d000 	C:\Windows\System32\OLEAUT32.dll
0x00007ff942530000 - 0x00007ff942645000 	C:\Windows\System32\MSCTF.dll
0x00007ff9353b0000 - 0x00007ff9353eb000 	C:\Windows\SYSTEM32\dxcore.dll
0x00007ff940900000 - 0x00007ff94094e000 	C:\Windows\System32\cfgmgr32.dll
0x00007ff92f370000 - 0x00007ff92f384000 	C:\Users\USUARIO\.openjfx\cache\13\javafx_font.dll
0x00007ff931660000 - 0x00007ff9318df000 	C:\Windows\SYSTEM32\dwrite.dll
0x00007ff942480000 - 0x00007ff942529000 	C:\Windows\System32\clbcatq.dll
0x00007ff9385e0000 - 0x00007ff938794000 	C:\Windows\SYSTEM32\WindowsCodecs.dll
0x00007ff940c20000 - 0x00007ff940c47000 	C:\Windows\System32\bcrypt.dll
0x00007ff91fd70000 - 0x00007ff91fdae000 	C:\Windows\system32\dataexchange.dll
0x00007ff93bdd0000 - 0x00007ff93c034000 	C:\Windows\system32\d3d11.dll
0x00007ff93ca60000 - 0x00007ff93cc45000 	C:\Windows\system32\dcomp.dll
0x00007ff93ed20000 - 0x00007ff93ee13000 	C:\Windows\system32\dxgi.dll
0x00007ff9389f0000 - 0x00007ff938bf1000 	C:\Windows\system32\twinapi.appcore.dll
0x00007ff923f90000 - 0x00007ff923fc4000 	C:\Program Files\Common Files\Microsoft Shared\Ink\rtscom.dll
0x00007ff9371b0000 - 0x00007ff9372a9000 	C:\Windows\SYSTEM32\textinputframework.dll
0x00007ff93d520000 - 0x00007ff93d612000 	C:\Windows\System32\CoreMessaging.dll
0x00007ff93ccb0000 - 0x00007ff93d00e000 	C:\Windows\System32\CoreUIComponents.dll
0x00007ff93f090000 - 0x00007ff93f0c3000 	C:\Windows\SYSTEM32\ntmarta.dll
0x00007ff93bc70000 - 0x00007ff93bdc4000 	C:\Windows\SYSTEM32\wintypes.dll
0x00007ff9292e0000 - 0x00007ff929346000 	C:\Windows\system32\Oleacc.dll

dbghelp: loaded successfully - version: 4.0.5 - missing functions: none
symbol engine: initialized successfully - sym options: 0x614 - pdb path: .;C:\Program Files\Eclipse Adoptium\jdk-17.0.7.7-hotspot\bin;C:\Windows\SYSTEM32;C:\Windows\WinSxS\amd64_microsoft.windows.common-controls_6595b64144ccf1df_6.0.19041.844_none_ca00b6081b84eb1d;C:\Program Files (x86)\360\Total Security\safemon;C:\Program Files\Eclipse Adoptium\jdk-17.0.7.7-hotspot\bin\server;C:\Users\USUARIO\.openjfx\cache\13;C:\Program Files\Common Files\Microsoft Shared\Ink

VM Arguments:
jvm_args: --module-path=C:\Users\USUARIO\Documents\Proyecto Final POO\POO-P3-G10-Parcial2\target\classes;C:\Users\USUARIO\.m2\repository\org\openjfx\javafx-base\13\javafx-base-13-win.jar;C:\Users\USUARIO\.m2\repository\org\openjfx\javafx-controls\13\javafx-controls-13-win.jar;C:\Users\USUARIO\.m2\repository\org\openjfx\javafx-fxml\13\javafx-fxml-13-win.jar;C:\Users\USUARIO\.m2\repository\org\openjfx\javafx-graphics\13\javafx-graphics-13-win.jar --add-modules=com.mycompany.millonariogameapp -Djdk.module.main=com.mycompany.millonariogameapp 
java_command: com.mycompany.millonariogameapp/com.mycompany.millonariogameapp.App
java_class_path (initial): C:\Users\USUARIO\Documents\Proyecto Final POO\POO-P3-G10-Parcial2\target\classes;C:\Users\USUARIO\.m2\repository\org\openjfx\javafx-base\13\javafx-base-13.jar;C:\Users\USUARIO\.m2\repository\org\openjfx\javafx-controls\13\javafx-controls-13.jar;C:\Users\USUARIO\.m2\repository\org\openjfx\javafx-fxml\13\javafx-fxml-13.jar;C:\Users\USUARIO\.m2\repository\org\openjfx\javafx-graphics\13\javafx-graphics-13.jar
Launcher Type: SUN_STANDARD

[Global flags]
     intx CICompilerCount                          = 3                                         {product} {ergonomic}
     uint ConcGCThreads                            = 1                                         {product} {ergonomic}
     uint G1ConcRefinementThreads                  = 4                                         {product} {ergonomic}
   size_t G1HeapRegionSize                         = 1048576                                   {product} {ergonomic}
    uintx GCDrainStackTargetSize                   = 64                                        {product} {ergonomic}
   size_t InitialHeapSize                          = 65011712                                  {product} {ergonomic}
   size_t MarkStackSize                            = 4194304                                   {product} {ergonomic}
   size_t MaxHeapSize                              = 1029701632                                {product} {ergonomic}
   size_t MaxNewSize                               = 617611264                                 {product} {ergonomic}
   size_t MinHeapDeltaBytes                        = 1048576                                   {product} {ergonomic}
   size_t MinHeapSize                              = 8388608                                   {product} {ergonomic}
    uintx NonNMethodCodeHeapSize                   = 5832780                                {pd product} {ergonomic}
    uintx NonProfiledCodeHeapSize                  = 122912730                              {pd product} {ergonomic}
    uintx ProfiledCodeHeapSize                     = 122912730                              {pd product} {ergonomic}
    uintx ReservedCodeCacheSize                    = 251658240                              {pd product} {ergonomic}
     bool SegmentedCodeCache                       = true                                      {product} {ergonomic}
   size_t SoftMaxHeapSize                          = 1029701632                             {manageable} {ergonomic}
     bool UseCompressedClassPointers               = true                           {product lp64_product} {ergonomic}
     bool UseCompressedOops                        = true                           {product lp64_product} {ergonomic}
     bool UseG1GC                                  = true                                      {product} {ergonomic}
     bool UseLargePagesIndividualAllocation        = false                                  {pd product} {ergonomic}

Logging:
Log output configuration:
 #0: stdout all=warning uptime,level,tags
 #1: stderr all=off uptime,level,tags

Environment Variables:
JAVA_HOME=C:\Program Files\Eclipse Adoptium\jdk-17.0.7.7-hotspot
PATH=C:\Program Files (x86)\Common Files\Oracle\Java\javapath;C:\Program Files\Eclipse Adoptium\jdk-17.0.7.7-hotspot\bin;C:\Windows\system32;C:\Windows;C:\Windows\System32\Wbem;C:\Windows\System32\WindowsPowerShell\v1.0\;C:\Windows\System32\OpenSSH\;C:\Program Files\Git\cmd;C:\Users\USUARIO\AppData\Local\Microsoft\WindowsApps;
USERNAME=USUARIO
OS=Windows_NT
PROCESSOR_IDENTIFIER=Intel64 Family 6 Model 122 Stepping 1, GenuineIntel
TMP=C:\Users\USUARIO\AppData\Local\Temp
TEMP=C:\Users\USUARIO\AppData\Local\Temp



---------------  S Y S T E M  ---------------

OS:
 Windows 10 , 64 bit Build 19041 (10.0.19041.928)
OS uptime: 0 days 7:41 hours

CPU: total 4 (initial active 4) (4 cores per cpu, 1 threads per core) family 6 model 122 stepping 1 microcode 0x2e, cx8, cmov, fxsr, mmx, 3dnowpref, sse, sse2, sse3, ssse3, sse4.1, sse4.2, popcnt, tsc, tscinvbit, aes, erms, clmul, sha, clflush, clflushopt

Memory: 4k page, system-wide physical 3927M (145M free)
TotalPageFile size 3927M (AvailPageFile size 3M)
current process WorkingSet (physical memory assigned to process): 131M, peak: 131M
current process commit charge ("private bytes"): 190M, peak: 190M

vm_info: OpenJDK 64-Bit Server VM (17.0.7+7) for windows-amd64 JRE (17.0.7+7), built on Apr 18 2023 22:10:42 by "temurin" with MS VC++ 16.7 (VS2019)

END.
