#
# There is insufficient memory for the Java Runtime Environment to continue.
# Native memory allocation (malloc) failed to allocate 655616 bytes for Chunk::new
# Possible reasons:
#   The system is out of physical RAM or swap space
#   The process is running with CompressedOops enabled, and the Java Heap may be blocking the growth of the native heap
# Possible solutions:
#   Reduce memory load on the system
#   Increase physical memory or swap space
#   Check if swap backing store is full
#   Decrease Java heap size (-Xmx/-Xms)
#   Decrease number of Java threads
#   Decrease Java thread stack sizes (-Xss)
#   Set larger code cache with -XX:ReservedCodeCacheSize=
#   JVM is running with Unscaled Compressed Oops mode in which the Java heap is
#     placed in the first 4GB address space. The Java Heap base address is the
#     maximum limit for the native heap growth. Please use -XX:HeapBaseMinAddress
#     to set the Java Heap base and to place the Java Heap above 4GB virtual address.
# This output file may be truncated or incomplete.
#
#  Out of Memory Error (arena.cpp:189), pid=2180, tid=1416
#
# JRE version: OpenJDK Runtime Environment Temurin-17.0.7+7 (17.0.7+7) (build 17.0.7+7)
# Java VM: OpenJDK 64-Bit Server VM Temurin-17.0.7+7 (17.0.7+7, mixed mode, sharing, tiered, compressed oops, compressed class ptrs, g1 gc, windows-amd64)
# No core dump will be written. Minidumps are not enabled by default on client versions of Windows
#

---------------  S U M M A R Y ------------

Command Line: --module-path=C:\Users\USUARIO\Documents\Proyecto Final POO\POO-P3-G10-Parcial2\target\classes;C:\Users\USUARIO\.m2\repository\org\openjfx\javafx-base\13\javafx-base-13-win.jar;C:\Users\USUARIO\.m2\repository\org\openjfx\javafx-controls\13\javafx-controls-13-win.jar;C:\Users\USUARIO\.m2\repository\org\openjfx\javafx-fxml\13\javafx-fxml-13-win.jar;C:\Users\USUARIO\.m2\repository\org\openjfx\javafx-graphics\13\javafx-graphics-13-win.jar --add-modules=com.mycompany.millonariogameapp -Djdk.module.main=com.mycompany.millonariogameapp com.mycompany.millonariogameapp/com.mycompany.millonariogameapp.App

Host: Intel(R) Pentium(R) Silver N5000 CPU @ 1.10GHz, 4 cores, 3G,  Windows 10 , 64 bit Build 19041 (10.0.19041.928)
Time: Sat Aug 12 16:29:06 2023 Hora est. Pacífico, Sudamérica elapsed time: 1.044764 seconds (0d 0h 0m 1s)

---------------  T H R E A D  ---------------

Current thread (0x000001ca7ca28cc0):  JavaThread "C2 CompilerThread0" daemon [_thread_in_native, id=1416, stack(0x0000005f64800000,0x0000005f64900000)]


Current CompileTask:
C2:   1044 1065       4       java.io.DataInputStream::readUTF (501 bytes)

Stack: [0x0000005f64800000,0x0000005f64900000]
Native frames: (J=compiled Java code, j=interpreted, Vv=VM code, C=native code)
V  [jvm.dll+0x67754a]
V  [jvm.dll+0x834304]
V  [jvm.dll+0x835aae]
V  [jvm.dll+0x836113]
V  [jvm.dll+0x24696f]
V  [jvm.dll+0xac0ac]
V  [jvm.dll+0xac67c]
V  [jvm.dll+0x364e37]
V  [jvm.dll+0x32f6b1]
V  [jvm.dll+0x32eb5a]
V  [jvm.dll+0x219641]
V  [jvm.dll+0x218a61]
V  [jvm.dll+0x1a4d8d]
V  [jvm.dll+0x2284da]
V  [jvm.dll+0x226615]
V  [jvm.dll+0x7ea90b]
V  [jvm.dll+0x7e4e7a]
V  [jvm.dll+0x676395]
C  [ucrtbase.dll+0x21bb2]
C  [KERNEL32.DLL+0x17034]
C  [ntdll.dll+0x52651]


---------------  P R O C E S S  ---------------

Threads class SMR info:
_java_thread_list=0x000001ca7d42f9d0, length=17, elements={
0x000001ca7064cfb0, 0x000001ca7ca10a80, 0x000001ca7ca11600, 0x000001ca7ca22e50,
0x000001ca7ca25720, 0x000001ca7ca25fe0, 0x000001ca7ca278b0, 0x000001ca7ca28cc0,
0x000001ca7ca37800, 0x000001ca7ca3e020, 0x000001ca7c9fca00, 0x000001ca7cda7340,
0x000001ca7cdb7e20, 0x000001ca7ccf12e0, 0x000001ca7d30e040, 0x000001ca7d3d4910,
0x000001ca7d3d4de0
}

Java Threads: ( => current thread )
  0x000001ca7064cfb0 JavaThread "main" [_thread_blocked, id=912, stack(0x0000005f63b00000,0x0000005f63c00000)]
  0x000001ca7ca10a80 JavaThread "Reference Handler" daemon [_thread_blocked, id=6416, stack(0x0000005f64200000,0x0000005f64300000)]
  0x000001ca7ca11600 JavaThread "Finalizer" daemon [_thread_blocked, id=7056, stack(0x0000005f64300000,0x0000005f64400000)]
  0x000001ca7ca22e50 JavaThread "Signal Dispatcher" daemon [_thread_blocked, id=7476, stack(0x0000005f64400000,0x0000005f64500000)]
  0x000001ca7ca25720 JavaThread "Attach Listener" daemon [_thread_blocked, id=7860, stack(0x0000005f64500000,0x0000005f64600000)]
  0x000001ca7ca25fe0 JavaThread "Service Thread" daemon [_thread_blocked, id=4800, stack(0x0000005f64600000,0x0000005f64700000)]
  0x000001ca7ca278b0 JavaThread "Monitor Deflation Thread" daemon [_thread_blocked, id=6484, stack(0x0000005f64700000,0x0000005f64800000)]
=>0x000001ca7ca28cc0 JavaThread "C2 CompilerThread0" daemon [_thread_in_native, id=1416, stack(0x0000005f64800000,0x0000005f64900000)]
  0x000001ca7ca37800 JavaThread "C1 CompilerThread0" daemon [_thread_blocked, id=7636, stack(0x0000005f64900000,0x0000005f64a00000)]
  0x000001ca7ca3e020 JavaThread "Sweeper thread" daemon [_thread_blocked, id=7280, stack(0x0000005f64a00000,0x0000005f64b00000)]
  0x000001ca7c9fca00 JavaThread "Common-Cleaner" daemon [_thread_blocked, id=6800, stack(0x0000005f64b00000,0x0000005f64c00000)]
  0x000001ca7cda7340 JavaThread "Notification Thread" daemon [_thread_blocked, id=4376, stack(0x0000005f64c00000,0x0000005f64d00000)]
  0x000001ca7cdb7e20 JavaThread "QuantumRenderer-0" daemon [_thread_blocked, id=3740, stack(0x0000005f64e00000,0x0000005f64f00000)]
  0x000001ca7ccf12e0 JavaThread "InvokeLaterDispatcher" daemon [_thread_blocked, id=5976, stack(0x0000005f65200000,0x0000005f65300000)]
  0x000001ca7d30e040 JavaThread "JavaFX Application Thread" [_thread_in_vm, id=8080, stack(0x0000005f65300000,0x0000005f65400000)]
  0x000001ca7d3d4910 JavaThread "Thread-1" daemon [_thread_in_native, id=7404, stack(0x0000005f65400000,0x0000005f65500000)]
  0x000001ca7d3d4de0 JavaThread "JavaFX-Launcher" [_thread_blocked, id=4252, stack(0x0000005f65500000,0x0000005f65600000)]

Other Threads:
  0x000001ca7ca0cc70 VMThread "VM Thread" [stack: 0x0000005f64100000,0x0000005f64200000] [id=2276]
  0x000001ca706a42f0 WatcherThread [stack: 0x0000005f64d00000,0x0000005f64e00000] [id=5060]
  0x000001ca7068aa60 GCTaskThread "GC Thread#0" [stack: 0x0000005f63c00000,0x0000005f63d00000] [id=1648]
  0x000001ca7d2c7250 GCTaskThread "GC Thread#1" [stack: 0x0000005f64f00000,0x0000005f65000000] [id=7584]
  0x000001ca7d2e8f10 GCTaskThread "GC Thread#2" [stack: 0x0000005f65000000,0x0000005f65100000] [id=4752]
  0x000001ca7d2e91c0 GCTaskThread "GC Thread#3" [stack: 0x0000005f65100000,0x0000005f65200000] [id=7068]
  0x000001ca70693370 ConcurrentGCThread "G1 Main Marker" [stack: 0x0000005f63d00000,0x0000005f63e00000] [id=1724]
  0x000001ca70693c90 ConcurrentGCThread "G1 Conc#0" [stack: 0x0000005f63e00000,0x0000005f63f00000] [id=2256]
  0x000001ca706dab00 ConcurrentGCThread "G1 Refine#0" [stack: 0x0000005f63f00000,0x0000005f64000000] [id=7444]
  0x000001ca706dd750 ConcurrentGCThread "G1 Service" [stack: 0x0000005f64000000,0x0000005f64100000] [id=2348]

Threads with active compile tasks:
C2 CompilerThread0     1123 1065       4       java.io.DataInputStream::readUTF (501 bytes)

VM state: not at safepoint (normal execution)

VM Mutex/Monitor currently owned by a thread:  ([mutex/lock_event])
[0x000001ca6e610640] Metaspace_lock - owner thread: 0x000001ca7d30e040

Heap address: 0x00000000c2a00000, size: 982 MB, Compressed Oops mode: 32-bit

CDS archive(s) mapped at: [0x0000000800000000-0x0000000800bc0000-0x0000000800bc0000), size 12320768, SharedBaseAddress: 0x0000000800000000, ArchiveRelocationMode: 0.
Compressed class space mapped at: 0x0000000801000000-0x0000000841000000, reserved size: 1073741824
Narrow klass base: 0x0000000800000000, Narrow klass shift: 0, Narrow klass range: 0x100000000

GC Precious Log:
 CPUs: 4 total, 4 available
 Memory: 3927M
 Large Page Support: Disabled
 NUMA Support: Disabled
 Compressed Oops: Enabled (32-bit)
 Heap Region Size: 1M
 Heap Min Capacity: 8M
 Heap Initial Capacity: 62M
 Heap Max Capacity: 982M
 Pre-touch: Disabled
 Parallel Workers: 4
 Concurrent Workers: 1
 Concurrent Refinement Workers: 4
 Periodic GC: Disabled

Heap:
 garbage-first heap   total 63488K, used 7056K [0x00000000c2a00000, 0x0000000100000000)
  region size 1024K, 6 young (6144K), 3 survivors (3072K)
 Metaspace       used 8660K, committed 8832K, reserved 1114112K
  class space    used 1118K, committed 1216K, reserved 1048576K

Heap Regions: E=young(eden), S=young(survivor), O=old, HS=humongous(starts), HC=humongous(continues), CS=collection set, F=free, OA=open archive, CA=closed archive, TAMS=top-at-mark-start (previous, next)
|   0|0x00000000c2a00000, 0x00000000c2b00000, 0x00000000c2b00000|100%| O|  |TAMS 0x00000000c2a00000, 0x00000000c2a00000| Untracked 
|   1|0x00000000c2b00000, 0x00000000c2be4200, 0x00000000c2c00000| 89%| O|  |TAMS 0x00000000c2b00000, 0x00000000c2b00000| Untracked 
|   2|0x00000000c2c00000, 0x00000000c2c00000, 0x00000000c2d00000|  0%| F|  |TAMS 0x00000000c2c00000, 0x00000000c2c00000| Untracked 
|   3|0x00000000c2d00000, 0x00000000c2d00000, 0x00000000c2e00000|  0%| F|  |TAMS 0x00000000c2d00000, 0x00000000c2d00000| Untracked 
|   4|0x00000000c2e00000, 0x00000000c2e00000, 0x00000000c2f00000|  0%| F|  |TAMS 0x00000000c2e00000, 0x00000000c2e00000| Untracked 
|   5|0x00000000c2f00000, 0x00000000c2f00000, 0x00000000c3000000|  0%| F|  |TAMS 0x00000000c2f00000, 0x00000000c2f00000| Untracked 
|   6|0x00000000c3000000, 0x00000000c3000000, 0x00000000c3100000|  0%| F|  |TAMS 0x00000000c3000000, 0x00000000c3000000| Untracked 
|   7|0x00000000c3100000, 0x00000000c3100000, 0x00000000c3200000|  0%| F|  |TAMS 0x00000000c3100000, 0x00000000c3100000| Untracked 
|   8|0x00000000c3200000, 0x00000000c3200000, 0x00000000c3300000|  0%| F|  |TAMS 0x00000000c3200000, 0x00000000c3200000| Untracked 
|   9|0x00000000c3300000, 0x00000000c3300000, 0x00000000c3400000|  0%| F|  |TAMS 0x00000000c3300000, 0x00000000c3300000| Untracked 
|  10|0x00000000c3400000, 0x00000000c3400000, 0x00000000c3500000|  0%| F|  |TAMS 0x00000000c3400000, 0x00000000c3400000| Untracked 
|  11|0x00000000c3500000, 0x00000000c3500000, 0x00000000c3600000|  0%| F|  |TAMS 0x00000000c3500000, 0x00000000c3500000| Untracked 
|  12|0x00000000c3600000, 0x00000000c3600000, 0x00000000c3700000|  0%| F|  |TAMS 0x00000000c3600000, 0x00000000c3600000| Untracked 
|  13|0x00000000c3700000, 0x00000000c3700000, 0x00000000c3800000|  0%| F|  |TAMS 0x00000000c3700000, 0x00000000c3700000| Untracked 
|  14|0x00000000c3800000, 0x00000000c3800000, 0x00000000c3900000|  0%| F|  |TAMS 0x00000000c3800000, 0x00000000c3800000| Untracked 
|  15|0x00000000c3900000, 0x00000000c3900000, 0x00000000c3a00000|  0%| F|  |TAMS 0x00000000c3900000, 0x00000000c3900000| Untracked 
|  16|0x00000000c3a00000, 0x00000000c3a00000, 0x00000000c3b00000|  0%| F|  |TAMS 0x00000000c3a00000, 0x00000000c3a00000| Untracked 
|  17|0x00000000c3b00000, 0x00000000c3b00000, 0x00000000c3c00000|  0%| F|  |TAMS 0x00000000c3b00000, 0x00000000c3b00000| Untracked 
|  18|0x00000000c3c00000, 0x00000000c3c00000, 0x00000000c3d00000|  0%| F|  |TAMS 0x00000000c3c00000, 0x00000000c3c00000| Untracked 
|  19|0x00000000c3d00000, 0x00000000c3d00000, 0x00000000c3e00000|  0%| F|  |TAMS 0x00000000c3d00000, 0x00000000c3d00000| Untracked 
|  20|0x00000000c3e00000, 0x00000000c3e00000, 0x00000000c3f00000|  0%| F|  |TAMS 0x00000000c3e00000, 0x00000000c3e00000| Untracked 
|  21|0x00000000c3f00000, 0x00000000c3f00000, 0x00000000c4000000|  0%| F|  |TAMS 0x00000000c3f00000, 0x00000000c3f00000| Untracked 
|  22|0x00000000c4000000, 0x00000000c4000000, 0x00000000c4100000|  0%| F|  |TAMS 0x00000000c4000000, 0x00000000c4000000| Untracked 
|  23|0x00000000c4100000, 0x00000000c4100000, 0x00000000c4200000|  0%| F|  |TAMS 0x00000000c4100000, 0x00000000c4100000| Untracked 
|  24|0x00000000c4200000, 0x00000000c4200000, 0x00000000c4300000|  0%| F|  |TAMS 0x00000000c4200000, 0x00000000c4200000| Untracked 
|  25|0x00000000c4300000, 0x00000000c4300000, 0x00000000c4400000|  0%| F|  |TAMS 0x00000000c4300000, 0x00000000c4300000| Untracked 
|  26|0x00000000c4400000, 0x00000000c4400000, 0x00000000c4500000|  0%| F|  |TAMS 0x00000000c4400000, 0x00000000c4400000| Untracked 
|  27|0x00000000c4500000, 0x00000000c4500000, 0x00000000c4600000|  0%| F|  |TAMS 0x00000000c4500000, 0x00000000c4500000| Untracked 
|  28|0x00000000c4600000, 0x00000000c4600000, 0x00000000c4700000|  0%| F|  |TAMS 0x00000000c4600000, 0x00000000c4600000| Untracked 
|  29|0x00000000c4700000, 0x00000000c4700000, 0x00000000c4800000|  0%| F|  |TAMS 0x00000000c4700000, 0x00000000c4700000| Untracked 
|  30|0x00000000c4800000, 0x00000000c4800000, 0x00000000c4900000|  0%| F|  |TAMS 0x00000000c4800000, 0x00000000c4800000| Untracked 
|  31|0x00000000c4900000, 0x00000000c4900000, 0x00000000c4a00000|  0%| F|  |TAMS 0x00000000c4900000, 0x00000000c4900000| Untracked 
|  32|0x00000000c4a00000, 0x00000000c4a00000, 0x00000000c4b00000|  0%| F|  |TAMS 0x00000000c4a00000, 0x00000000c4a00000| Untracked 
|  33|0x00000000c4b00000, 0x00000000c4b00000, 0x00000000c4c00000|  0%| F|  |TAMS 0x00000000c4b00000, 0x00000000c4b00000| Untracked 
|  34|0x00000000c4c00000, 0x00000000c4c00000, 0x00000000c4d00000|  0%| F|  |TAMS 0x00000000c4c00000, 0x00000000c4c00000| Untracked 
|  35|0x00000000c4d00000, 0x00000000c4d00000, 0x00000000c4e00000|  0%| F|  |TAMS 0x00000000c4d00000, 0x00000000c4d00000| Untracked 
|  36|0x00000000c4e00000, 0x00000000c4e00000, 0x00000000c4f00000|  0%| F|  |TAMS 0x00000000c4e00000, 0x00000000c4e00000| Untracked 
|  37|0x00000000c4f00000, 0x00000000c4f00000, 0x00000000c5000000|  0%| F|  |TAMS 0x00000000c4f00000, 0x00000000c4f00000| Untracked 
|  38|0x00000000c5000000, 0x00000000c5000000, 0x00000000c5100000|  0%| F|  |TAMS 0x00000000c5000000, 0x00000000c5000000| Untracked 
|  39|0x00000000c5100000, 0x00000000c5100000, 0x00000000c5200000|  0%| F|  |TAMS 0x00000000c5100000, 0x00000000c5100000| Untracked 
|  40|0x00000000c5200000, 0x00000000c5300000, 0x00000000c5300000|100%| S|CS|TAMS 0x00000000c5200000, 0x00000000c5200000| Complete 
|  41|0x00000000c5300000, 0x00000000c5400000, 0x00000000c5400000|100%| S|CS|TAMS 0x00000000c5300000, 0x00000000c5300000| Complete 
|  42|0x00000000c5400000, 0x00000000c5500000, 0x00000000c5500000|100%| S|CS|TAMS 0x00000000c5400000, 0x00000000c5400000| Complete 
|  43|0x00000000c5500000, 0x00000000c5500000, 0x00000000c5600000|  0%| F|  |TAMS 0x00000000c5500000, 0x00000000c5500000| Untracked 
|  44|0x00000000c5600000, 0x00000000c5600000, 0x00000000c5700000|  0%| F|  |TAMS 0x00000000c5600000, 0x00000000c5600000| Untracked 
|  45|0x00000000c5700000, 0x00000000c5700000, 0x00000000c5800000|  0%| F|  |TAMS 0x00000000c5700000, 0x00000000c5700000| Untracked 
|  46|0x00000000c5800000, 0x00000000c5800000, 0x00000000c5900000|  0%| F|  |TAMS 0x00000000c5800000, 0x00000000c5800000| Untracked 
|  47|0x00000000c5900000, 0x00000000c5900000, 0x00000000c5a00000|  0%| F|  |TAMS 0x00000000c5900000, 0x00000000c5900000| Untracked 
|  48|0x00000000c5a00000, 0x00000000c5a00000, 0x00000000c5b00000|  0%| F|  |TAMS 0x00000000c5a00000, 0x00000000c5a00000| Untracked 
|  49|0x00000000c5b00000, 0x00000000c5b00000, 0x00000000c5c00000|  0%| F|  |TAMS 0x00000000c5b00000, 0x00000000c5b00000| Untracked 
|  50|0x00000000c5c00000, 0x00000000c5c00000, 0x00000000c5d00000|  0%| F|  |TAMS 0x00000000c5c00000, 0x00000000c5c00000| Untracked 
|  51|0x00000000c5d00000, 0x00000000c5d00000, 0x00000000c5e00000|  0%| F|  |TAMS 0x00000000c5d00000, 0x00000000c5d00000| Untracked 
|  52|0x00000000c5e00000, 0x00000000c5e00000, 0x00000000c5f00000|  0%| F|  |TAMS 0x00000000c5e00000, 0x00000000c5e00000| Untracked 
|  53|0x00000000c5f00000, 0x00000000c5f00000, 0x00000000c6000000|  0%| F|  |TAMS 0x00000000c5f00000, 0x00000000c5f00000| Untracked 
|  54|0x00000000c6000000, 0x00000000c6000000, 0x00000000c6100000|  0%| F|  |TAMS 0x00000000c6000000, 0x00000000c6000000| Untracked 
|  55|0x00000000c6100000, 0x00000000c6100000, 0x00000000c6200000|  0%| F|  |TAMS 0x00000000c6100000, 0x00000000c6100000| Untracked 
|  56|0x00000000c6200000, 0x00000000c6200000, 0x00000000c6300000|  0%| F|  |TAMS 0x00000000c6200000, 0x00000000c6200000| Untracked 
|  57|0x00000000c6300000, 0x00000000c6300000, 0x00000000c6400000|  0%| F|  |TAMS 0x00000000c6300000, 0x00000000c6300000| Untracked 
|  58|0x00000000c6400000, 0x00000000c6400000, 0x00000000c6500000|  0%| F|  |TAMS 0x00000000c6400000, 0x00000000c6400000| Untracked 
|  59|0x00000000c6500000, 0x00000000c6600000, 0x00000000c6600000|100%| E|  |TAMS 0x00000000c6500000, 0x00000000c6500000| Complete 
|  60|0x00000000c6600000, 0x00000000c6700000, 0x00000000c6700000|100%| E|CS|TAMS 0x00000000c6600000, 0x00000000c6600000| Complete 
|  61|0x00000000c6700000, 0x00000000c6800000, 0x00000000c6800000|100%| E|CS|TAMS 0x00000000c6700000, 0x00000000c6700000| Complete 

Card table byte_map: [0x000001ca78310000,0x000001ca78500000] _byte_map_base: 0x000001ca77cfb000

Marking Bits (Prev, Next): (CMBitMap*) 0x000001ca7068af80, (CMBitMap*) 0x000001ca7068afc0
 Prev Bits: [0x000001ca786f0000, 0x000001ca79648000)
 Next Bits: [0x000001ca79650000, 0x000001ca7a5a8000)

Polling page: 0x000001ca6e4d0000

Metaspace:

Usage:
  Non-class:      7.37 MB used.
      Class:      1.09 MB used.
       Both:      8.46 MB used.

Virtual space:
  Non-class space:       64.00 MB reserved,       7.44 MB ( 12%) committed,  1 nodes.
      Class space:        1.00 GB reserved,       1.19 MB ( <1%) committed,  1 nodes.
             Both:        1.06 GB reserved,       8.62 MB ( <1%) committed. 

Chunk freelists:
   Non-Class:  7.75 MB
       Class:  14.72 MB
        Both:  22.47 MB

MaxMetaspaceSize: unlimited
CompressedClassSpaceSize: 1.00 GB
Initial GC threshold: 21.00 MB
Current GC threshold: 21.00 MB
CDS: on
MetaspaceReclaimPolicy: balanced
 - commit_granule_bytes: 65536.
 - commit_granule_words: 8192.
 - virtual_space_node_default_size: 8388608.
 - enlarge_chunks_in_place: 1.
 - new_chunks_are_fully_committed: 0.
 - uncommit_free_chunks: 1.
 - use_allocation_guard: 0.
 - handle_deallocations: 1.


Internal statistics:

num_allocs_failed_limit: 0.
num_arena_births: 124.
num_arena_deaths: 0.
num_vsnodes_births: 2.
num_vsnodes_deaths: 0.
num_space_committed: 138.
num_space_uncommitted: 0.
num_chunks_returned_to_freelist: 0.
num_chunks_taken_from_freelist: 349.
num_chunk_merges: 0.
num_chunk_splits: 244.
num_chunks_enlarged: 191.
num_inconsistent_stats: 0.

CodeHeap 'non-profiled nmethods': size=120000Kb used=328Kb max_used=328Kb free=119671Kb
 bounds [0x000001ca07ad0000, 0x000001ca07d40000, 0x000001ca0f000000]
CodeHeap 'profiled nmethods': size=120000Kb used=2041Kb max_used=2041Kb free=117958Kb
 bounds [0x000001ca00000000, 0x000001ca00270000, 0x000001ca07530000]
CodeHeap 'non-nmethods': size=5760Kb used=1265Kb max_used=1265Kb free=4494Kb
 bounds [0x000001ca07530000, 0x000001ca077a0000, 0x000001ca07ad0000]
 total_blobs=1781 nmethods=1190 adapters=505
 compilation: enabled
              stopped_count=0, restarted_count=0
 full_count=0

Compilation events (20 events):
Event: 1.018 Thread 0x000001ca7ca37800 nmethod 1115 0x000001ca001ca910 code [0x000001ca001cac40, 0x000001ca001cbe98]
Event: 1.018 Thread 0x000001ca7ca37800 1116       3       java.lang.invoke.MethodHandles$Lookup::hasFullPrivilegeAccess (18 bytes)
Event: 1.018 Thread 0x000001ca7ca37800 nmethod 1116 0x000001ca001cc410 code [0x000001ca001cc5a0, 0x000001ca001cc718]
Event: 1.031 Thread 0x000001ca7ca37800 1118       3       java.lang.ref.Reference::enqueueFromPending (19 bytes)
Event: 1.032 Thread 0x000001ca7ca37800 nmethod 1118 0x000001ca001cc790 code [0x000001ca001cc940, 0x000001ca001ccb68]
Event: 1.032 Thread 0x000001ca7ca37800 1119   !   3       java.lang.ref.ReferenceQueue::enqueue (119 bytes)
Event: 1.032 Thread 0x000001ca7ca37800 nmethod 1119 0x000001ca001ccc10 code [0x000001ca001cce00, 0x000001ca001cd4c8]
Event: 1.032 Thread 0x000001ca7ca37800 1120       3       java.lang.ref.ReferenceQueue::reallyPoll (65 bytes)
Event: 1.032 Thread 0x000001ca7ca37800 nmethod 1120 0x000001ca001cd690 code [0x000001ca001cd860, 0x000001ca001cdd98]
Event: 1.036 Thread 0x000001ca7ca37800 1121   !   3       java.util.jar.JarFile::checkForSpecialAttributes (163 bytes)
Event: 1.037 Thread 0x000001ca7ca37800 nmethod 1121 0x000001ca001cde90 code [0x000001ca001ce120, 0x000001ca001ceb08]
Event: 1.038 Thread 0x000001ca7ca37800 1122   !   3       java.util.jar.JarFile::isMultiRelease (33 bytes)
Event: 1.038 Thread 0x000001ca7ca37800 nmethod 1122 0x000001ca001cf090 code [0x000001ca001cf240, 0x000001ca001cf448]
Event: 1.038 Thread 0x000001ca7ca37800 1123       3       java.util.jar.JarFile::getEntry (35 bytes)
Event: 1.039 Thread 0x000001ca7ca37800 nmethod 1123 0x000001ca001cf510 code [0x000001ca001cf700, 0x000001ca001cfb98]
Event: 1.039 Thread 0x000001ca7ca37800 1124       3       java.util.jar.JarFile::getJarEntry (9 bytes)
Event: 1.039 Thread 0x000001ca7ca37800 nmethod 1124 0x000001ca001cfd10 code [0x000001ca001cfec0, 0x000001ca001d0188]
Event: 1.041 Thread 0x000001ca7ca37800 1125  s    3       java.io.ByteArrayInputStream::read (36 bytes)
Event: 1.041 Thread 0x000001ca7ca37800 nmethod 1125 0x000001ca001d0290 code [0x000001ca001d0440, 0x000001ca001d0698]
Event: 1.042 Thread 0x000001ca7ca37800 1126       3       java.io.DataInputStream::readBoolean (30 bytes)

GC Heap History (4 events):
Event: 0.604 GC heap before
{Heap before GC invocations=0 (full 0):
 garbage-first heap   total 63488K, used 13312K [0x00000000c2a00000, 0x0000000100000000)
  region size 1024K, 13 young (13312K), 0 survivors (0K)
 Metaspace       used 2657K, committed 2816K, reserved 1114112K
  class space    used 289K, committed 384K, reserved 1048576K
}
Event: 0.609 GC heap after
{Heap after GC invocations=1 (full 0):
 garbage-first heap   total 63488K, used 1736K [0x00000000c2a00000, 0x0000000100000000)
  region size 1024K, 2 young (2048K), 2 survivors (2048K)
 Metaspace       used 2657K, committed 2816K, reserved 1114112K
  class space    used 289K, committed 384K, reserved 1048576K
}
Event: 1.023 GC heap before
{Heap before GC invocations=1 (full 0):
 garbage-first heap   total 63488K, used 18120K [0x00000000c2a00000, 0x0000000100000000)
  region size 1024K, 19 young (19456K), 2 survivors (2048K)
 Metaspace       used 8137K, committed 8320K, reserved 1114112K
  class space    used 1045K, committed 1152K, reserved 1048576K
}
Event: 1.031 GC heap after
{Heap after GC invocations=2 (full 0):
 garbage-first heap   total 63488K, used 5008K [0x00000000c2a00000, 0x0000000100000000)
  region size 1024K, 3 young (3072K), 3 survivors (3072K)
 Metaspace       used 8137K, committed 8320K, reserved 1114112K
  class space    used 1045K, committed 1152K, reserved 1048576K
}

Dll operation events (20 events):
Event: 0.444 Loaded shared library C:\Users\USUARIO\.openjfx\cache\13\api-ms-win-crt-filesystem-l1-1-0.dll
Event: 0.448 Loaded shared library C:\Users\USUARIO\.openjfx\cache\13\api-ms-win-crt-heap-l1-1-0.dll
Event: 0.452 Loaded shared library C:\Users\USUARIO\.openjfx\cache\13\api-ms-win-crt-locale-l1-1-0.dll
Event: 0.456 Loaded shared library C:\Users\USUARIO\.openjfx\cache\13\api-ms-win-crt-math-l1-1-0.dll
Event: 0.460 Loaded shared library C:\Users\USUARIO\.openjfx\cache\13\api-ms-win-crt-multibyte-l1-1-0.dll
Event: 0.464 Loaded shared library C:\Users\USUARIO\.openjfx\cache\13\api-ms-win-crt-private-l1-1-0.dll
Event: 0.468 Loaded shared library C:\Users\USUARIO\.openjfx\cache\13\api-ms-win-crt-process-l1-1-0.dll
Event: 0.472 Loaded shared library C:\Users\USUARIO\.openjfx\cache\13\api-ms-win-crt-runtime-l1-1-0.dll
Event: 0.480 Loaded shared library C:\Users\USUARIO\.openjfx\cache\13\api-ms-win-crt-stdio-l1-1-0.dll
Event: 0.486 Loaded shared library C:\Users\USUARIO\.openjfx\cache\13\api-ms-win-crt-string-l1-1-0.dll
Event: 0.491 Loaded shared library C:\Users\USUARIO\.openjfx\cache\13\api-ms-win-crt-time-l1-1-0.dll
Event: 0.496 Loaded shared library C:\Users\USUARIO\.openjfx\cache\13\api-ms-win-crt-utility-l1-1-0.dll
Event: 0.518 Loaded shared library C:\Users\USUARIO\.openjfx\cache\13\ucrtbase.dll
Event: 0.523 Loaded shared library C:\Users\USUARIO\.openjfx\cache\13\vcruntime140.dll
Event: 0.534 Loaded shared library C:\Users\USUARIO\.openjfx\cache\13\msvcp140.dll
Event: 0.542 Loaded shared library C:\Users\USUARIO\.openjfx\cache\13\concrt140.dll
Event: 0.592 Loaded shared library C:\Users\USUARIO\.openjfx\cache\13\prism_d3d.dll
Event: 0.634 Loaded shared library C:\Users\USUARIO\.openjfx\cache\13\glass.dll
Event: 0.774 Loaded shared library C:\Program Files\Eclipse Adoptium\jdk-17.0.7.7-hotspot\bin\jimage.dll
Event: 0.984 Loaded shared library C:\Users\USUARIO\.openjfx\cache\13\javafx_font.dll

Deoptimization events (20 events):
Event: 0.771 Thread 0x000001ca7d30e040 Uncommon trap: trap_request=0xffffffde fr.pc=0x000001ca07b0f92c relative=0x000000000000010c
Event: 0.771 Thread 0x000001ca7d30e040 Uncommon trap: reason=class_check action=maybe_recompile pc=0x000001ca07b0f92c method=jdk.internal.misc.Unsafe.allocateUninitializedArray(Ljava/lang/Class;I)Ljava/lang/Object; @ 51 c2
Event: 0.771 Thread 0x000001ca7d30e040 DEOPT PACKING pc=0x000001ca07b0f92c sp=0x0000005f653fa1b0
Event: 0.771 Thread 0x000001ca7d30e040 DEOPT UNPACKING pc=0x000001ca0758699d sp=0x0000005f653fa138 mode 2
Event: 0.771 Thread 0x000001ca7d30e040 Uncommon trap: trap_request=0xffffffde fr.pc=0x000001ca07b0f92c relative=0x000000000000010c
Event: 0.771 Thread 0x000001ca7d30e040 Uncommon trap: reason=class_check action=maybe_recompile pc=0x000001ca07b0f92c method=jdk.internal.misc.Unsafe.allocateUninitializedArray(Ljava/lang/Class;I)Ljava/lang/Object; @ 51 c2
Event: 0.771 Thread 0x000001ca7d30e040 DEOPT PACKING pc=0x000001ca07b0f92c sp=0x0000005f653fa200
Event: 0.771 Thread 0x000001ca7d30e040 DEOPT UNPACKING pc=0x000001ca0758699d sp=0x0000005f653fa188 mode 2
Event: 0.821 Thread 0x000001ca7d30e040 Uncommon trap: trap_request=0xffffff45 fr.pc=0x000001ca07ae41a8 relative=0x0000000000000128
Event: 0.821 Thread 0x000001ca7d30e040 Uncommon trap: reason=unstable_if action=reinterpret pc=0x000001ca07ae41a8 method=java.lang.StringCoding.hasNegatives([BII)Z @ 12 c2
Event: 0.821 Thread 0x000001ca7d30e040 DEOPT PACKING pc=0x000001ca07ae41a8 sp=0x0000005f653fd910
Event: 0.821 Thread 0x000001ca7d30e040 DEOPT UNPACKING pc=0x000001ca0758699d sp=0x0000005f653fd8b8 mode 2
Event: 0.926 Thread 0x000001ca7d30e040 Uncommon trap: trap_request=0xffffff45 fr.pc=0x000001ca07ada7dc relative=0x000000000000005c
Event: 0.926 Thread 0x000001ca7d30e040 Uncommon trap: reason=unstable_if action=reinterpret pc=0x000001ca07ada7dc method=java.lang.String.isLatin1()Z @ 10 c2
Event: 0.926 Thread 0x000001ca7d30e040 DEOPT PACKING pc=0x000001ca07ada7dc sp=0x0000005f653fd4d0
Event: 0.926 Thread 0x000001ca7d30e040 DEOPT UNPACKING pc=0x000001ca0758699d sp=0x0000005f653fd460 mode 2
Event: 0.926 Thread 0x000001ca7d30e040 Uncommon trap: trap_request=0xffffff45 fr.pc=0x000001ca07adc448 relative=0x0000000000000048
Event: 0.926 Thread 0x000001ca7d30e040 Uncommon trap: reason=unstable_if action=reinterpret pc=0x000001ca07adc448 method=java.lang.CharacterData.of(I)Ljava/lang/CharacterData; @ 4 c2
Event: 0.926 Thread 0x000001ca7d30e040 DEOPT PACKING pc=0x000001ca07adc448 sp=0x0000005f653fd000
Event: 0.926 Thread 0x000001ca7d30e040 DEOPT UNPACKING pc=0x000001ca0758699d sp=0x0000005f653fcfa0 mode 2

Classes unloaded (0 events):
No events

Classes redefined (0 events):
No events

Internal exceptions (19 events):
Event: 0.104 Thread 0x000001ca7064cfb0 Exception <a 'java/lang/NoSuchMethodError'{0x00000000c6624cc8}: 'void java.lang.invoke.DirectMethodHandle$Holder.invokeVirtual(java.lang.Object, java.lang.Object)'> (0x00000000c6624cc8) 
thrown [s\src\hotspot\share\interpreter\linkResolver.cpp, line 759]
Event: 0.228 Thread 0x000001ca7064cfb0 Exception <a 'java/lang/NoSuchMethodError'{0x00000000c6174fb8}: 'java.lang.Object java.lang.invoke.DirectMethodHandle$Holder.invokeStaticInit(java.lang.Object)'> (0x00000000c6174fb8) 
thrown [s\src\hotspot\share\interpreter\linkResolver.cpp, line 759]
Event: 0.232 Thread 0x000001ca7064cfb0 Exception <a 'java/lang/NoSuchMethodError'{0x00000000c61826c8}: 'void java.lang.invoke.DirectMethodHandle$Holder.invokeStatic(java.lang.Object, java.lang.Object)'> (0x00000000c61826c8) 
thrown [s\src\hotspot\share\interpreter\linkResolver.cpp, line 759]
Event: 0.568 Thread 0x000001ca7064cfb0 Exception <a 'java/lang/NoSuchMethodError'{0x00000000c5b3e910}: 'void java.lang.invoke.DirectMethodHandle$Holder.invokeSpecial(java.lang.Object, java.lang.Object, java.lang.Object)'> (0x00000000c5b3e910) 
thrown [s\src\hotspot\share\interpreter\linkResolver.cpp, line 759]
Event: 0.579 Thread 0x000001ca7064cfb0 Exception <a 'java/lang/NoSuchMethodError'{0x00000000c5b75f58}: 'void java.lang.invoke.DirectMethodHandle$Holder.invokeStatic(java.lang.Object, java.lang.Object, java.lang.Object)'> (0x00000000c5b75f58) 
thrown [s\src\hotspot\share\interpreter\linkResolver.cpp, line 759]
Event: 0.611 Thread 0x000001ca7064cfb0 Exception <a 'java/lang/NoSuchMethodError'{0x00000000c6736d68}: 'int java.lang.invoke.DirectMethodHandle$Holder.invokeStaticInit(java.lang.Object, java.lang.Object, java.lang.Object)'> (0x00000000c6736d68) 
thrown [s\src\hotspot\share\interpreter\linkResolver.cpp, line 759]
Event: 0.639 Thread 0x000001ca7064cfb0 Exception <a 'java/lang/NoSuchMethodError'{0x00000000c664edd8}: 'java.lang.Object java.lang.invoke.DirectMethodHandle$Holder.newInvokeSpecial(java.lang.Object, java.lang.Object, int, java.lang.Object)'> (0x00000000c664edd8) 
thrown [s\src\hotspot\share\interpreter\linkResolver.cpp, line 759]
Event: 0.639 Thread 0x000001ca7064cfb0 Exception <a 'java/lang/NoSuchMethodError'{0x00000000c66531b8}: 'java.lang.Object java.lang.invoke.DirectMethodHandle$Holder.invokeSpecial(java.lang.Object, java.lang.Object, java.lang.Object, int, java.lang.Object)'> (0x00000000c66531b8) 
thrown [s\src\hotspot\share\interpreter\linkResolver.cpp, line 759]
Event: 0.688 Thread 0x000001ca7d30e040 Exception <a 'java/lang/NoSuchMethodError'{0x00000000c64feac8}: 'void java.lang.invoke.DirectMethodHandle$Holder.invokeStaticInit(java.lang.Object)'> (0x00000000c64feac8) 
thrown [s\src\hotspot\share\interpreter\linkResolver.cpp, line 759]
Event: 0.692 Thread 0x000001ca7064cfb0 Exception <a 'java/lang/NoSuchMethodError'{0x00000000c66b0ec8}: 'java.lang.Object java.lang.invoke.DirectMethodHandle$Holder.newInvokeSpecial(java.lang.Object, java.lang.Object, java.lang.Object, java.lang.Object, java.lang.Object, java.lang.Object)'> (0x00000000c66b0ec8) 
thrown [s\src\hotspot\share\interpreter\linkResolver.cpp, line 759]
Event: 0.719 Thread 0x000001ca7064cfb0 Exception <a 'java/lang/NoSuchMethodError'{0x00000000c63ac6c8}: 'java.lang.Object java.lang.invoke.DirectMethodHandle$Holder.newInvokeSpecial(java.lang.Object, java.lang.Object, java.lang.Object, java.lang.Object, java.lang.Object)'> (0x00000000c63ac6c8) 
thrown [s\src\hotspot\share\interpreter\linkResolver.cpp, line 759]
Event: 0.721 Thread 0x000001ca7d3d4de0 Exception <a 'java/lang/NoSuchMethodError'{0x00000000c63fa898}: 'void java.lang.invoke.DirectMethodHandle$Holder.invokeStatic(java.lang.Object, java.lang.Object, java.lang.Object, java.lang.Object)'> (0x00000000c63fa898) 
thrown [s\src\hotspot\share\interpreter\linkResolver.cpp, line 759]
Event: 0.798 Thread 0x000001ca7d30e040 Exception <a 'sun/nio/fs/WindowsException'{0x00000000c5f3dc38}> (0x00000000c5f3dc38) 
thrown [s\src\hotspot\share\prims\jni.cpp, line 516]
Event: 0.860 Thread 0x000001ca7d30e040 Exception <a 'java/lang/NoSuchMethodError'{0x00000000c5de3290}: 'java.lang.Object java.lang.invoke.DirectMethodHandle$Holder.invokeStaticInit(java.lang.Object, java.lang.Object, java.lang.Object, java.lang.Object)'> (0x00000000c5de3290) 
thrown [s\src\hotspot\share\interpreter\linkResolver.cpp, line 759]
Event: 0.862 Thread 0x000001ca7d30e040 Exception <a 'java/lang/NullPointerException'{0x00000000c5df1220}> (0x00000000c5df1220) 
thrown [s\src\hotspot\share\interpreter\linkResolver.cpp, line 1350]
Event: 0.866 Thread 0x000001ca7d30e040 Exception <a 'java/lang/NoSuchMethodError'{0x00000000c5c10148}: 'void java.lang.invoke.DirectMethodHandle$Holder.invokeSpecial(java.lang.Object, java.lang.Object, java.lang.Object, java.lang.Object, java.lang.Object)'> (0x00000000c5c10148) 
thrown [s\src\hotspot\share\interpreter\linkResolver.cpp, line 759]
Event: 0.875 Thread 0x000001ca7d30e040 Exception <a 'sun/nio/fs/WindowsException'{0x00000000c5c53b28}> (0x00000000c5c53b28) 
thrown [s\src\hotspot\share\prims\jni.cpp, line 516]
Event: 0.898 Thread 0x000001ca7d30e040 Exception <a 'sun/nio/fs/WindowsException'{0x00000000c5cd6e38}> (0x00000000c5cd6e38) 
thrown [s\src\hotspot\share\prims\jni.cpp, line 516]
Event: 0.907 Thread 0x000001ca7d30e040 Exception <a 'java/lang/ClassNotFoundException'{0x00000000c5cec8f0}: sun/util/logging/resources/spi/loggingProvider> (0x00000000c5cec8f0) 
thrown [s\src\hotspot\share\classfile\systemDictionary.cpp, line 256]

VM Operations (16 events):
Event: 0.201 Executing VM operation: HandshakeAllThreads
Event: 0.202 Executing VM operation: HandshakeAllThreads done
Event: 0.202 Executing VM operation: HandshakeAllThreads
Event: 0.202 Executing VM operation: HandshakeAllThreads done
Event: 0.243 Executing VM operation: HandshakeAllThreads
Event: 0.243 Executing VM operation: HandshakeAllThreads done
Event: 0.604 Executing VM operation: G1CollectForAllocation
Event: 0.609 Executing VM operation: G1CollectForAllocation done
Event: 0.623 Executing VM operation: HandshakeAllThreads
Event: 0.623 Executing VM operation: HandshakeAllThreads done
Event: 0.926 Executing VM operation: HandshakeAllThreads
Event: 0.926 Executing VM operation: HandshakeAllThreads done
Event: 0.989 Executing VM operation: HandshakeAllThreads
Event: 0.990 Executing VM operation: HandshakeAllThreads done
Event: 1.023 Executing VM operation: G1CollectForAllocation
Event: 1.031 Executing VM operation: G1CollectForAllocation done

Events (20 events):
Event: 0.989 loading class java/net/JarURLConnection done
Event: 0.989 loading class sun/net/www/protocol/jar/JarURLConnection done
Event: 0.989 loading class sun/net/www/protocol/jar/JarFileFactory
Event: 0.989 loading class sun/net/www/protocol/jar/URLJarFile$URLJarFileCloseController
Event: 0.989 loading class sun/net/www/protocol/jar/URLJarFile$URLJarFileCloseController done
Event: 0.989 loading class sun/net/www/protocol/jar/JarFileFactory done
Event: 0.989 loading class sun/net/www/protocol/jar/URLJarFile
Event: 0.989 loading class sun/net/www/protocol/jar/URLJarFile done
Event: 0.990 loading class sun/net/www/protocol/jar/URLJarFile$URLJarFileEntry
Event: 0.990 loading class sun/net/www/protocol/jar/URLJarFile$URLJarFileEntry done
Event: 0.991 loading class sun/net/www/protocol/jar/JarURLConnection$JarURLInputStream
Event: 0.991 loading class sun/net/www/protocol/jar/JarURLConnection$JarURLInputStream done
Event: 1.013 loading class java/util/AbstractList$RandomAccessSubList
Event: 1.014 loading class java/util/AbstractList$SubList
Event: 1.014 loading class java/util/AbstractList$SubList done
Event: 1.014 loading class java/util/AbstractList$RandomAccessSubList done
Event: 1.014 loading class java/util/AbstractList$SubList$1
Event: 1.014 loading class java/util/AbstractList$SubList$1 done
Event: 1.014 loading class java/util/AbstractList$ListItr
Event: 1.014 loading class java/util/AbstractList$ListItr done


Dynamic libraries:
0x00007ff6c0740000 - 0x00007ff6c074e000 	C:\Program Files\Eclipse Adoptium\jdk-17.0.7.7-hotspot\bin\java.exe
0x00007ff942bb0000 - 0x00007ff942da5000 	C:\Windows\SYSTEM32\ntdll.dll
0x00007ff9427a0000 - 0x00007ff94285d000 	C:\Windows\System32\KERNEL32.DLL
0x00007ff940630000 - 0x00007ff9408f8000 	C:\Windows\System32\KERNELBASE.dll
0x00007ff940330000 - 0x00007ff940430000 	C:\Windows\System32\ucrtbase.dll
0x00007ff930bf0000 - 0x00007ff930c07000 	C:\Program Files\Eclipse Adoptium\jdk-17.0.7.7-hotspot\bin\jli.dll
0x00007ff93ad80000 - 0x00007ff93ad99000 	C:\Program Files\Eclipse Adoptium\jdk-17.0.7.7-hotspot\bin\VCRUNTIME140.dll
0x00007ff9416a0000 - 0x00007ff941840000 	C:\Windows\System32\USER32.dll
0x00007ff940b40000 - 0x00007ff940b62000 	C:\Windows\System32\win32u.dll
0x00007ff940c50000 - 0x00007ff940c7a000 	C:\Windows\System32\GDI32.dll
0x00007ff940950000 - 0x00007ff940a5b000 	C:\Windows\System32\gdi32full.dll
0x00007ff92d6b0000 - 0x00007ff92d94a000 	C:\Windows\WinSxS\amd64_microsoft.windows.common-controls_6595b64144ccf1df_6.0.19041.844_none_ca00b6081b84eb1d\COMCTL32.dll
0x00007ff940430000 - 0x00007ff9404cd000 	C:\Windows\System32\msvcp_win.dll
0x00007ff940d80000 - 0x00007ff940e1e000 	C:\Windows\System32\msvcrt.dll
0x00007ff9422d0000 - 0x00007ff942300000 	C:\Windows\System32\IMM32.DLL
0x0000000075090000 - 0x000000007509c000 	C:\Program Files (x86)\360\Total Security\safemon\SafeWrapper.dll
0x00007ff9429c0000 - 0x00007ff942a6c000 	C:\Windows\System32\ADVAPI32.dll
0x00007ff940ce0000 - 0x00007ff940d7b000 	C:\Windows\System32\sechost.dll
0x00007ff942a70000 - 0x00007ff942b9b000 	C:\Windows\System32\RPCRT4.dll
0x00007ff92cec0000 - 0x00007ff92cf52000 	C:\Program Files (x86)\360\Total Security\safemon\libzdtp64.dll
0x00007ff940e20000 - 0x00007ff941562000 	C:\Windows\System32\SHELL32.dll
0x00007ff942670000 - 0x00007ff9426c5000 	C:\Windows\System32\SHLWAPI.dll
0x00007ff93fe10000 - 0x00007ff93fe1a000 	C:\Windows\SYSTEM32\VERSION.dll
0x00007ff93b3a0000 - 0x00007ff93b3ac000 	C:\Program Files\Eclipse Adoptium\jdk-17.0.7.7-hotspot\bin\vcruntime140_1.dll
0x00007ff92f410000 - 0x00007ff92f4a1000 	C:\Program Files\Eclipse Adoptium\jdk-17.0.7.7-hotspot\bin\msvcp140.dll
0x00007ff918950000 - 0x00007ff919598000 	C:\Program Files\Eclipse Adoptium\jdk-17.0.7.7-hotspot\bin\server\jvm.dll
0x00007ff93d910000 - 0x00007ff93d919000 	C:\Windows\SYSTEM32\WSOCK32.dll
0x00007ff921670000 - 0x00007ff921697000 	C:\Windows\SYSTEM32\WINMM.dll
0x00007ff942380000 - 0x00007ff9423eb000 	C:\Windows\System32\WS2_32.dll
0x00007ff93e3e0000 - 0x00007ff93e3f2000 	C:\Windows\SYSTEM32\kernel.appcore.dll
0x00007ff93acc0000 - 0x00007ff93acca000 	C:\Program Files\Eclipse Adoptium\jdk-17.0.7.7-hotspot\bin\jimage.dll
0x00007ff93e0e0000 - 0x00007ff93e2c4000 	C:\Windows\SYSTEM32\DBGHELP.DLL
0x00007ff923780000 - 0x00007ff9237ac000 	C:\Windows\SYSTEM32\dbgcore.DLL
0x00007ff940ac0000 - 0x00007ff940b40000 	C:\Windows\System32\bcryptPrimitives.dll
0x00007ff93a960000 - 0x00007ff93a985000 	C:\Program Files\Eclipse Adoptium\jdk-17.0.7.7-hotspot\bin\java.dll
0x00007ff935a40000 - 0x00007ff935b16000 	C:\Program Files\Eclipse Adoptium\jdk-17.0.7.7-hotspot\bin\jsvml.dll
0x00007ff93e400000 - 0x00007ff93eb91000 	C:\Windows\SYSTEM32\windows.storage.dll
0x00007ff941a50000 - 0x00007ff941da5000 	C:\Windows\System32\combase.dll
0x00007ff93fc60000 - 0x00007ff93fc8c000 	C:\Windows\SYSTEM32\Wldp.dll
0x00007ff941db0000 - 0x00007ff941e5e000 	C:\Windows\System32\SHCORE.dll
0x00007ff940270000 - 0x00007ff94028f000 	C:\Windows\SYSTEM32\profapi.dll
0x00007ff935a20000 - 0x00007ff935a39000 	C:\Program Files\Eclipse Adoptium\jdk-17.0.7.7-hotspot\bin\net.dll
0x00007ff9384d0000 - 0x00007ff9385db000 	C:\Windows\SYSTEM32\WINHTTP.dll
0x00007ff93f9d0000 - 0x00007ff93fa3a000 	C:\Windows\system32\mswsock.dll
0x00007ff935a00000 - 0x00007ff935a15000 	C:\Program Files\Eclipse Adoptium\jdk-17.0.7.7-hotspot\bin\nio.dll
0x00007ff9359e0000 - 0x00007ff9359f8000 	C:\Program Files\Eclipse Adoptium\jdk-17.0.7.7-hotspot\bin\zip.dll
0x000001ca6e520000 - 0x000001ca6e523000 	C:\Users\USUARIO\.openjfx\cache\13\api-ms-win-core-console-l1-1-0.dll
0x000001ca6e7c0000 - 0x000001ca6e7c3000 	C:\Users\USUARIO\.openjfx\cache\13\api-ms-win-core-datetime-l1-1-0.dll
0x000001ca6e7d0000 - 0x000001ca6e7d3000 	C:\Users\USUARIO\.openjfx\cache\13\api-ms-win-core-debug-l1-1-0.dll
0x000001ca70570000 - 0x000001ca70573000 	C:\Users\USUARIO\.openjfx\cache\13\api-ms-win-core-errorhandling-l1-1-0.dll
0x000001ca70580000 - 0x000001ca70584000 	C:\Users\USUARIO\.openjfx\cache\13\api-ms-win-core-file-l1-1-0.dll
0x000001ca70590000 - 0x000001ca70593000 	C:\Users\USUARIO\.openjfx\cache\13\api-ms-win-core-file-l1-2-0.dll
0x000001ca705a0000 - 0x000001ca705a3000 	C:\Users\USUARIO\.openjfx\cache\13\api-ms-win-core-file-l2-1-0.dll
0x000001ca705b0000 - 0x000001ca705b3000 	C:\Users\USUARIO\.openjfx\cache\13\api-ms-win-core-handle-l1-1-0.dll
0x000001ca705c0000 - 0x000001ca705c3000 	C:\Users\USUARIO\.openjfx\cache\13\api-ms-win-core-heap-l1-1-0.dll
0x000001ca705d0000 - 0x000001ca705d3000 	C:\Users\USUARIO\.openjfx\cache\13\api-ms-win-core-interlocked-l1-1-0.dll
0x000001ca705e0000 - 0x000001ca705e3000 	C:\Users\USUARIO\.openjfx\cache\13\api-ms-win-core-libraryloader-l1-1-0.dll
0x000001ca705f0000 - 0x000001ca705f3000 	C:\Users\USUARIO\.openjfx\cache\13\api-ms-win-core-localization-l1-2-0.dll
0x000001ca7d800000 - 0x000001ca7d803000 	C:\Users\USUARIO\.openjfx\cache\13\api-ms-win-core-memory-l1-1-0.dll
0x000001ca7d810000 - 0x000001ca7d813000 	C:\Users\USUARIO\.openjfx\cache\13\api-ms-win-core-namedpipe-l1-1-0.dll
0x000001ca7d820000 - 0x000001ca7d823000 	C:\Users\USUARIO\.openjfx\cache\13\api-ms-win-core-processenvironment-l1-1-0.dll
0x000001ca7d830000 - 0x000001ca7d833000 	C:\Users\USUARIO\.openjfx\cache\13\api-ms-win-core-processthreads-l1-1-0.dll
0x000001ca7d840000 - 0x000001ca7d843000 	C:\Users\USUARIO\.openjfx\cache\13\api-ms-win-core-processthreads-l1-1-1.dll
0x000001ca7d850000 - 0x000001ca7d853000 	C:\Users\USUARIO\.openjfx\cache\13\api-ms-win-core-profile-l1-1-0.dll
0x000001ca7d860000 - 0x000001ca7d863000 	C:\Users\USUARIO\.openjfx\cache\13\api-ms-win-core-rtlsupport-l1-1-0.dll
0x000001ca7d870000 - 0x000001ca7d873000 	C:\Users\USUARIO\.openjfx\cache\13\api-ms-win-core-string-l1-1-0.dll
0x000001ca7d880000 - 0x000001ca7d883000 	C:\Users\USUARIO\.openjfx\cache\13\api-ms-win-core-synch-l1-1-0.dll
0x000001ca7d890000 - 0x000001ca7d893000 	C:\Users\USUARIO\.openjfx\cache\13\api-ms-win-core-synch-l1-2-0.dll
0x000001ca7d8a0000 - 0x000001ca7d8a3000 	C:\Users\USUARIO\.openjfx\cache\13\api-ms-win-core-sysinfo-l1-1-0.dll
0x000001ca7d8b0000 - 0x000001ca7d8b3000 	C:\Users\USUARIO\.openjfx\cache\13\api-ms-win-core-timezone-l1-1-0.dll
0x000001ca7d8c0000 - 0x000001ca7d8c3000 	C:\Users\USUARIO\.openjfx\cache\13\api-ms-win-core-util-l1-1-0.dll
0x000001ca7d8d0000 - 0x000001ca7d8d3000 	C:\Users\USUARIO\.openjfx\cache\13\api-ms-win-crt-conio-l1-1-0.dll
0x000001ca7d8e0000 - 0x000001ca7d8e4000 	C:\Users\USUARIO\.openjfx\cache\13\api-ms-win-crt-convert-l1-1-0.dll
0x000001ca7d8f0000 - 0x000001ca7d8f3000 	C:\Users\USUARIO\.openjfx\cache\13\api-ms-win-crt-environment-l1-1-0.dll
0x000001ca7d900000 - 0x000001ca7d903000 	C:\Users\USUARIO\.openjfx\cache\13\api-ms-win-crt-filesystem-l1-1-0.dll
0x000001ca7d910000 - 0x000001ca7d913000 	C:\Users\USUARIO\.openjfx\cache\13\api-ms-win-crt-heap-l1-1-0.dll
0x000001ca7d920000 - 0x000001ca7d923000 	C:\Users\USUARIO\.openjfx\cache\13\api-ms-win-crt-locale-l1-1-0.dll
0x000001ca7d930000 - 0x000001ca7d935000 	C:\Users\USUARIO\.openjfx\cache\13\api-ms-win-crt-math-l1-1-0.dll
0x000001ca7d940000 - 0x000001ca7d945000 	C:\Users\USUARIO\.openjfx\cache\13\api-ms-win-crt-multibyte-l1-1-0.dll
0x000001ca7d950000 - 0x000001ca7d960000 	C:\Users\USUARIO\.openjfx\cache\13\api-ms-win-crt-private-l1-1-0.dll
0x000001ca7d960000 - 0x000001ca7d963000 	C:\Users\USUARIO\.openjfx\cache\13\api-ms-win-crt-process-l1-1-0.dll
0x000001ca7d970000 - 0x000001ca7d974000 	C:\Users\USUARIO\.openjfx\cache\13\api-ms-win-crt-runtime-l1-1-0.dll
0x000001ca7d980000 - 0x000001ca7d984000 	C:\Users\USUARIO\.openjfx\cache\13\api-ms-win-crt-stdio-l1-1-0.dll
0x000001ca7d990000 - 0x000001ca7d994000 	C:\Users\USUARIO\.openjfx\cache\13\api-ms-win-crt-string-l1-1-0.dll
0x000001ca7d9a0000 - 0x000001ca7d9a3000 	C:\Users\USUARIO\.openjfx\cache\13\api-ms-win-crt-time-l1-1-0.dll
0x000001ca7d9b0000 - 0x000001ca7d9b3000 	C:\Users\USUARIO\.openjfx\cache\13\api-ms-win-crt-utility-l1-1-0.dll
0x00007ff9180c0000 - 0x00007ff9181bc000 	C:\Users\USUARIO\.openjfx\cache\13\ucrtbase.dll
0x00007ff930bd0000 - 0x00007ff930be5000 	C:\Users\USUARIO\.openjfx\cache\13\vcruntime140.dll
0x00007ff919960000 - 0x00007ff9199fb000 	C:\Users\USUARIO\.openjfx\cache\13\msvcp140.dll
0x00007ff926b80000 - 0x00007ff926bd1000 	C:\Users\USUARIO\.openjfx\cache\13\concrt140.dll
0x00007ff92fe60000 - 0x00007ff92fe83000 	C:\Users\USUARIO\.openjfx\cache\13\prism_d3d.dll
0x00007ff917ef0000 - 0x00007ff9180be000 	C:\Windows\system32\d3d9.dll
0x00007ff93dd30000 - 0x00007ff93dd5f000 	C:\Windows\SYSTEM32\dwmapi.dll
0x00007ff93d9b0000 - 0x00007ff93da4e000 	C:\Windows\system32\uxtheme.dll
0x00007ff9360a0000 - 0x00007ff936796000 	C:\Windows\SYSTEM32\d3d10warp.dll
0x00007ff923fd0000 - 0x00007ff924015000 	C:\Users\USUARIO\.openjfx\cache\13\glass.dll
0x00007ff942870000 - 0x00007ff94294a000 	C:\Windows\System32\COMDLG32.dll
0x00007ff941570000 - 0x00007ff94169a000 	C:\Windows\System32\ole32.dll
0x00007ff9426d0000 - 0x00007ff94279d000 	C:\Windows\System32\OLEAUT32.dll
0x00007ff942530000 - 0x00007ff942645000 	C:\Windows\System32\MSCTF.dll
0x00007ff9353b0000 - 0x00007ff9353eb000 	C:\Windows\SYSTEM32\dxcore.dll
0x00007ff940900000 - 0x00007ff94094e000 	C:\Windows\System32\cfgmgr32.dll
0x00007ff92f370000 - 0x00007ff92f384000 	C:\Users\USUARIO\.openjfx\cache\13\javafx_font.dll
0x00007ff931660000 - 0x00007ff9318df000 	C:\Windows\SYSTEM32\dwrite.dll

dbghelp: loaded successfully - version: 4.0.5 - missing functions: none
symbol engine: initialized successfully - sym options: 0x614 - pdb path: .;C:\Program Files\Eclipse Adoptium\jdk-17.0.7.7-hotspot\bin;C:\Windows\SYSTEM32;C:\Windows\WinSxS\amd64_microsoft.windows.common-controls_6595b64144ccf1df_6.0.19041.844_none_ca00b6081b84eb1d;C:\Program Files (x86)\360\Total Security\safemon;C:\Program Files\Eclipse Adoptium\jdk-17.0.7.7-hotspot\bin\server;C:\Users\USUARIO\.openjfx\cache\13

VM Arguments:
jvm_args: --module-path=C:\Users\USUARIO\Documents\Proyecto Final POO\POO-P3-G10-Parcial2\target\classes;C:\Users\USUARIO\.m2\repository\org\openjfx\javafx-base\13\javafx-base-13-win.jar;C:\Users\USUARIO\.m2\repository\org\openjfx\javafx-controls\13\javafx-controls-13-win.jar;C:\Users\USUARIO\.m2\repository\org\openjfx\javafx-fxml\13\javafx-fxml-13-win.jar;C:\Users\USUARIO\.m2\repository\org\openjfx\javafx-graphics\13\javafx-graphics-13-win.jar --add-modules=com.mycompany.millonariogameapp -Djdk.module.main=com.mycompany.millonariogameapp 
java_command: com.mycompany.millonariogameapp/com.mycompany.millonariogameapp.App
java_class_path (initial): C:\Users\USUARIO\Documents\Proyecto Final POO\POO-P3-G10-Parcial2\target\classes;C:\Users\USUARIO\.m2\repository\org\openjfx\javafx-base\13\javafx-base-13.jar;C:\Users\USUARIO\.m2\repository\org\openjfx\javafx-controls\13\javafx-controls-13.jar;C:\Users\USUARIO\.m2\repository\org\openjfx\javafx-fxml\13\javafx-fxml-13.jar;C:\Users\USUARIO\.m2\repository\org\openjfx\javafx-graphics\13\javafx-graphics-13.jar
Launcher Type: SUN_STANDARD

[Global flags]
     intx CICompilerCount                          = 3                                         {product} {ergonomic}
     uint ConcGCThreads                            = 1                                         {product} {ergonomic}
     uint G1ConcRefinementThreads                  = 4                                         {product} {ergonomic}
   size_t G1HeapRegionSize                         = 1048576                                   {product} {ergonomic}
    uintx GCDrainStackTargetSize                   = 64                                        {product} {ergonomic}
   size_t InitialHeapSize                          = 65011712                                  {product} {ergonomic}
   size_t MarkStackSize                            = 4194304                                   {product} {ergonomic}
   size_t MaxHeapSize                              = 1029701632                                {product} {ergonomic}
   size_t MaxNewSize                               = 617611264                                 {product} {ergonomic}
   size_t MinHeapDeltaBytes                        = 1048576                                   {product} {ergonomic}
   size_t MinHeapSize                              = 8388608                                   {product} {ergonomic}
    uintx NonNMethodCodeHeapSize                   = 5832780                                {pd product} {ergonomic}
    uintx NonProfiledCodeHeapSize                  = 122912730                              {pd product} {ergonomic}
    uintx ProfiledCodeHeapSize                     = 122912730                              {pd product} {ergonomic}
    uintx ReservedCodeCacheSize                    = 251658240                              {pd product} {ergonomic}
     bool SegmentedCodeCache                       = true                                      {product} {ergonomic}
   size_t SoftMaxHeapSize                          = 1029701632                             {manageable} {ergonomic}
     bool UseCompressedClassPointers               = true                           {product lp64_product} {ergonomic}
     bool UseCompressedOops                        = true                           {product lp64_product} {ergonomic}
     bool UseG1GC                                  = true                                      {product} {ergonomic}
     bool UseLargePagesIndividualAllocation        = false                                  {pd product} {ergonomic}

Logging:
Log output configuration:
 #0: stdout all=warning uptime,level,tags
 #1: stderr all=off uptime,level,tags

Environment Variables:
JAVA_HOME=C:\Program Files\Eclipse Adoptium\jdk-17.0.7.7-hotspot
PATH=C:\Program Files (x86)\Common Files\Oracle\Java\javapath;C:\Program Files\Eclipse Adoptium\jdk-17.0.7.7-hotspot\bin;C:\Windows\system32;C:\Windows;C:\Windows\System32\Wbem;C:\Windows\System32\WindowsPowerShell\v1.0\;C:\Windows\System32\OpenSSH\;C:\Program Files\Git\cmd;C:\Users\USUARIO\AppData\Local\Microsoft\WindowsApps;
USERNAME=USUARIO
OS=Windows_NT
PROCESSOR_IDENTIFIER=Intel64 Family 6 Model 122 Stepping 1, GenuineIntel
TMP=C:\Users\USUARIO\AppData\Local\Temp
TEMP=C:\Users\USUARIO\AppData\Local\Temp



---------------  S Y S T E M  ---------------

OS:
 Windows 10 , 64 bit Build 19041 (10.0.19041.928)
OS uptime: 0 days 7:41 hours

CPU: total 4 (initial active 4) (4 cores per cpu, 1 threads per core) family 6 model 122 stepping 1 microcode 0x2e, cx8, cmov, fxsr, mmx, 3dnowpref, sse, sse2, sse3, ssse3, sse4.1, sse4.2, popcnt, tsc, tscinvbit, aes, erms, clmul, sha, clflush, clflushopt

Memory: 4k page, system-wide physical 3927M (156M free)
TotalPageFile size 3927M (AvailPageFile size 5M)
current process WorkingSet (physical memory assigned to process): 81M, peak: 81M
current process commit charge ("private bytes"): 156M, peak: 156M

vm_info: OpenJDK 64-Bit Server VM (17.0.7+7) for windows-amd64 JRE (17.0.7+7), built on Apr 18 2023 22:10:42 by "temurin" with MS VC++ 16.7 (VS2019)

END.
